#
# A fatal error has been detected by the Java Runtime Environment:
#
#  EXCEPTION_ACCESS_VIOLATION (0xc0000005) at pc=0x0000000000000068, pid=13264, tid=13128
#
# JRE version: Java(TM) SE Runtime Environment (8.0_51-b16) (build 1.8.0_51-b16)
# Java VM: Java HotSpot(TM) 64-Bit Server VM (25.51-b03 mixed mode windows-amd64 compressed oops)
# Problematic frame:
# C  0x0000000000000068
#
# Failed to write core dump. Minidumps are not enabled by default on client versions of Windows
#
# If you would like to submit a bug report, please visit:
#   http://bugreport.java.com/bugreport/crash.jsp
# The crash happened outside the Java Virtual Machine in native code.
# See problematic frame for where to report the bug.
#

---------------  T H R E A D  ---------------

Current thread (0x0000000043a7d000):  JavaThread "Server thread" [_thread_in_native, id=13128, stack(0x0000000048230000,0x0000000048330000)]

siginfo: ExceptionCode=0xc0000005, ExceptionInformation=0x0000000000000008 0x0000000000000068

Registers:
RAX=0x0000000000000001, RBX=0xffffffffffffffff, RCX=0x0000000000000000, RDX=0x0000000000000000
RSP=0x000000004832ca70, RBP=0x000000004832cae0, RSI=0x0000000000000087, RDI=0x0000000000000000
R8 =0x000000004832c9f8, R9 =0x000000004832cae0, R10=0x0000000000000000, R11=0x0000000000000246
R12=0x0000000000000000, R13=0x000000004832ebb0, R14=0x0000000000000042, R15=0x0000000043a7d000
RIP=0x0000000000000068, EFLAGS=0x0000000000010206

Top of Stack: (sp=0x000000004832ca70)
0x000000004832ca70:   0000000043a7d000 ffffffffffffffff
0x000000004832ca80:   0000000000000087 000000004832cab0
0x000000004832ca90:   0000000000000000 0000000000000087
0x000000004832caa0:   000000005dc10d50 000000005debc092
0x000000004832cab0:   0000000000000000 0000000043a7d1f8
0x000000004832cac0:   0000000000000000 000000004832ebb0
0x000000004832cad0:   000000004832cae0 0000000013e32250
0x000000004832cae0:   343a33323a34315b 767265535b205d32
0x000000004832caf0:   6165726874207265 205d4f464e492f64
0x000000004832cb00:   4c203a5d4c4d465b 6420676e6964616f
0x000000004832cb10:   6e6f69736e656d69 4e28203130312d20
0x000000004832cb20:   646c726f57207765 6d2e74656e282029
0x000000004832cb30:   7466617263656e69 2e7265767265732e
0x000000004832cb40:   7461726765746e69 6765746e492e6465
0x000000004832cb50:   7265536465746172 3032343240726576
0x000000004832cb60:   000a0d2961356338 0000000000000000 

Instructions: (pc=0x0000000000000068)
0x0000000000000048:   
[error occurred during error reporting (printing registers, top of stack, instructions near pc), id 0xc0000005]

Register to memory mapping:

RAX=0x0000000000000001 is an unknown value
RBX=0xffffffffffffffff is an unknown value
RCX=0x0000000000000000 is an unknown value
RDX=0x0000000000000000 is an unknown value
RSP=0x000000004832ca70 is pointing into the stack for thread: 0x0000000043a7d000
RBP=0x000000004832cae0 is pointing into the stack for thread: 0x0000000043a7d000
RSI=0x0000000000000087 is an unknown value
RDI=0x0000000000000000 is an unknown value
R8 =0x000000004832c9f8 is pointing into the stack for thread: 0x0000000043a7d000
R9 =0x000000004832cae0 is pointing into the stack for thread: 0x0000000043a7d000
R10=0x0000000000000000 is an unknown value
R11=0x0000000000000246 is an unknown value
R12=0x0000000000000000 is an unknown value
R13=0x000000004832ebb0 is pointing into the stack for thread: 0x0000000043a7d000
R14=0x0000000000000042 is an unknown value
R15=0x0000000043a7d000 is a thread


Stack: [0x0000000048230000,0x0000000048330000],  sp=0x000000004832ca70,  free space=1010k
Native frames: (J=compiled Java code, j=interpreted, Vv=VM code, C=native code)
C  0x0000000000000068

Java frames: (J=compiled Java code, j=interpreted, Vv=VM code)
J 1940  java.io.FileOutputStream.writeBytes([BIIZ)V (0 bytes) @ 0x00000000806ca219 [0x00000000806ca1c0+0x59]
J 23251 C2 java.io.BufferedOutputStream.write([BII)V (67 bytes) @ 0x0000000081d07af0 [0x0000000081d07660+0x490]
J 18056 C2 org.apache.logging.log4j.core.util.CloseShieldOutputStream.write([BII)V (11 bytes) @ 0x0000000081cff11c [0x0000000081cff040+0xdc]
J 7279 C2 org.apache.logging.log4j.core.appender.OutputStreamManager.flushBuffer(Ljava/nio/ByteBuffer;)V (50 bytes) @ 0x0000000081eb198c [0x0000000081eb17e0+0x1ac]
J 7290 C2 org.apache.logging.log4j.core.appender.AbstractOutputStreamAppender.append(Lorg/apache/logging/log4j/core/LogEvent;)V (55 bytes) @ 0x0000000081edd1e8 [0x0000000081edb120+0x20c8]
J 6361 C2 org.apache.logging.log4j.core.config.AppenderControl.callAppenderPreventRecursion(Lorg/apache/logging/log4j/core/LogEvent;)V (36 bytes) @ 0x0000000081a01314 [0x0000000081a01160+0x1b4]
J 10698 C2 org.apache.logging.log4j.core.appender.rewrite.RewriteAppender.append(Lorg/apache/logging/log4j/core/LogEvent;)V (61 bytes) @ 0x000000008046ee88 [0x000000008046eae0+0x3a8]
J 6361 C2 org.apache.logging.log4j.core.config.AppenderControl.callAppenderPreventRecursion(Lorg/apache/logging/log4j/core/LogEvent;)V (36 bytes) @ 0x0000000081a01314 [0x0000000081a01160+0x1b4]
J 10346 C2 org.apache.logging.log4j.core.config.LoggerConfig.callAppenders(Lorg/apache/logging/log4j/core/LogEvent;)V (30 bytes) @ 0x00000000801624f4 [0x00000000801623e0+0x114]
J 18050 C2 org.apache.logging.log4j.spi.AbstractLogger.tryLogMessage(Ljava/lang/String;Ljava/lang/StackTraceElement;Lorg/apache/logging/log4j/Level;Lorg/apache/logging/log4j/Marker;Lorg/apache/logging/log4j/message/Message;Ljava/lang/Throwable;)V (28 bytes) @ 0x0000000080f7ccb4 [0x0000000080f7c400+0x8b4]
J 7706 C2 org.apache.logging.log4j.spi.AbstractLogger.logMessageTrackRecursion(Ljava/lang/String;Lorg/apache/logging/log4j/Level;Lorg/apache/logging/log4j/Marker;Lorg/apache/logging/log4j/message/Message;Ljava/lang/Throwable;)V (34 bytes) @ 0x0000000082142800 [0x00000000821426c0+0x140]
J 22173 C2 org.apache.logging.log4j.spi.AbstractLogger.logMessage(Ljava/lang/String;Lorg/apache/logging/log4j/Level;Lorg/apache/logging/log4j/Marker;Ljava/lang/String;Ljava/lang/Object;Ljava/lang/Object;Ljava/lang/Object;)V (36 bytes) @ 0x0000000081b0b0e0 [0x0000000081b0ade0+0x300]
J 13378 C1 org.apache.logging.log4j.spi.AbstractLogger.info(Ljava/lang/String;Ljava/lang/Object;Ljava/lang/Object;Ljava/lang/Object;)V (17 bytes) @ 0x00000000825bc3e4 [0x00000000825bc0a0+0x344]
j  net.minecraftforge.common.DimensionManager.setWorld(ILnet/minecraft/world/WorldServer;Lnet/minecraft/server/MinecraftServer;)V+63
j  net.minecraft.world.WorldServer.<init>(Lnet/minecraft/server/MinecraftServer;Lnet/minecraft/world/storage/ISaveHandler;Lnet/minecraft/world/storage/WorldInfo;ILnet/minecraft/profiler/Profiler;)V+242
j  net.minecraft.world.WorldServerMulti.<init>(Lnet/minecraft/server/MinecraftServer;Lnet/minecraft/world/storage/ISaveHandler;ILnet/minecraft/world/WorldServer;Lnet/minecraft/profiler/Profiler;)V+18
j  net.minecraft.server.integrated.IntegratedServer.func_71247_a(Ljava/lang/String;Ljava/lang/String;JLnet/minecraft/world/WorldType;Ljava/lang/String;)V+187
j  net.minecraft.server.integrated.IntegratedServer.func_71197_b()Z+96
j  net.minecraft.server.MinecraftServer.run()V+1
j  java.lang.Thread.run()V+11
v  ~StubRoutines::call_stub

---------------  P R O C E S S  ---------------

Java Threads: ( => current thread )
  0x000000002ae2b000 JavaThread "Thread-22" [_thread_blocked, id=1216, stack(0x0000000053d80000,0x0000000053e80000)]
  0x0000000012a59800 JavaThread "Thread-21" [_thread_blocked, id=13884, stack(0x0000000053c80000,0x0000000053d80000)]
  0x0000000043a81000 JavaThread "pool-2-thread-1" [_thread_in_Java, id=13248, stack(0x0000000048930000,0x0000000048a30000)]
  0x0000000043a7e800 JavaThread "Thread-19" [_thread_blocked, id=13300, stack(0x0000000047230000,0x0000000047330000)]
=>0x0000000043a7d000 JavaThread "Server thread" [_thread_in_native, id=13128, stack(0x0000000048230000,0x0000000048330000)]
  0x0000000043a82800 JavaThread "Snooper Timer" daemon [_thread_blocked, id=13656, stack(0x0000000048030000,0x0000000048130000)]
  0x0000000043a81800 JavaThread "File IO Thread" [_thread_blocked, id=11552, stack(0x0000000047f30000,0x0000000048030000)]
  0x0000000043a76000 JavaThread "Snooper Timer" daemon [_thread_blocked, id=10808, stack(0x00000000357b0000,0x00000000358b0000)]
  0x0000000043a78800 JavaThread "Narrator" daemon [_thread_blocked, id=9096, stack(0x0000000045120000,0x0000000045220000)]
  0x0000000043a79000 JavaThread "Particle Culling" daemon [_thread_blocked, id=7412, stack(0x0000000045830000,0x0000000045930000)]
  0x000000002ae32800 JavaThread "Ender IO Scheduler" [_thread_blocked, id=9268, stack(0x000000002ca40000,0x000000002cb40000)]
  0x000000002ae24800 JavaThread "Thread-11" [_thread_blocked, id=12476, stack(0x000000002f910000,0x000000002fa10000)]
  0x000000002ae2a800 JavaThread "Thread-10" [_thread_blocked, id=2672, stack(0x000000002cc40000,0x000000002cd40000)]
  0x0000000012a54800 JavaThread "pool-3-thread-1" [_thread_blocked, id=12528, stack(0x000000002c920000,0x000000002ca20000)]
  0x0000000012a56000 JavaThread "Thread-8" [_thread_blocked, id=6088, stack(0x0000000002d30000,0x0000000002e30000)]
  0x0000000012a5a800 JavaThread "AWT-Windows" daemon [_thread_in_native, id=6224, stack(0x000000002c5a0000,0x000000002c6a0000)]
  0x00000000148d7800 JavaThread "LWJGL Timer" daemon [_thread_blocked, id=13488, stack(0x00000000259a0000,0x0000000025aa0000)]
  0x00000000163a5000 JavaThread "Java2D Disposer" daemon [_thread_blocked, id=7056, stack(0x00000000188d0000,0x00000000189d0000)]
  0x0000000012f6f800 JavaThread "Timer hack thread" daemon [_thread_blocked, id=1528, stack(0x0000000017090000,0x0000000017190000)]
  0x0000000013203000 JavaThread "Snooper Timer" daemon [_thread_blocked, id=6996, stack(0x00000000167e0000,0x00000000168e0000)]
  0x0000000010668800 JavaThread "Service Thread" daemon [_thread_blocked, id=5372, stack(0x00000000119f0000,0x0000000011af0000)]
  0x000000001061c800 JavaThread "C1 CompilerThread1" daemon [_thread_blocked, id=2520, stack(0x00000000118f0000,0x00000000119f0000)]
  0x0000000010613800 JavaThread "C2 CompilerThread0" daemon [_thread_blocked, id=6828, stack(0x00000000117f0000,0x00000000118f0000)]
  0x000000001060f800 JavaThread "Attach Listener" daemon [_thread_blocked, id=13524, stack(0x00000000116f0000,0x00000000117f0000)]
  0x000000001060e800 JavaThread "Signal Dispatcher" daemon [_thread_blocked, id=924, stack(0x00000000115f0000,0x00000000116f0000)]
  0x000000001060e000 JavaThread "Surrogate Locker Thread (Concurrent GC)" daemon [_thread_blocked, id=13752, stack(0x00000000114f0000,0x00000000115f0000)]
  0x00000000105d3000 JavaThread "Finalizer" daemon [_thread_blocked, id=3508, stack(0x0000000011090000,0x0000000011190000)]
  0x000000001028b000 JavaThread "Reference Handler" daemon [_thread_blocked, id=14144, stack(0x0000000010f90000,0x0000000011090000)]
  0x0000000003034800 JavaThread "Client thread" [_thread_blocked, id=8628, stack(0x0000000002f30000,0x0000000003030000)]

Other Threads:
  0x0000000010284800 VMThread [stack: 0x0000000010e90000,0x0000000010f90000] [id=6812]
  0x0000000010671800 WatcherThread [stack: 0x0000000011af0000,0x0000000011bf0000] [id=12884]

VM state:not at safepoint (normal execution)

VM Mutex/Monitor currently owned by a thread: None

Heap:
 par new generation   total 707840K, used 590112K [0x0000000640000000, 0x0000000670000000, 0x0000000670000000)
  eden space 629248K,  81% used [0x0000000640000000, 0x000000065f388200, 0x0000000666680000)
  from space 78592K, 100% used [0x0000000666680000, 0x000000066b340000, 0x000000066b340000)
  to   space 78592K,   0% used [0x000000066b340000, 0x000000066b340000, 0x0000000670000000)
 concurrent mark-sweep generation total 5505024K, used 3073577K [0x0000000670000000, 0x00000007c0000000, 0x00000007c0000000)
 Metaspace       used 270286K, capacity 280154K, committed 280304K, reserved 1277952K
  class space    used 46518K, capacity 51191K, committed 51240K, reserved 1048576K

Card table byte_map: [0x0000000005b30000,0x0000000006740000] byte_map_base: 0x0000000002930000

Marking Bits: (CMSBitMap*) 0x00000000030d3bb8
 Bits: [0x0000000007c80000, 0x000000000d080000)

Mod Union Table: (CMSBitMap*) 0x00000000030d3c78
 Bits: [0x000000000d090000, 0x000000000d1e0000)

Polling page: 0x0000000001140000

CodeCache: size=2097152Kb used=71984Kb max_used=71984Kb free=2025167Kb
 bounds [0x000000007fff0000, 0x0000000084690000, 0x00000000ffff0000]
 total_blobs=18671 nmethods=17099 adapters=1482
 compilation: enabled

Compilation events (10 events):
Event: 1582.532 Thread 0x000000001061c800 24023       3       io.netty.buffer.ByteBuf::<init> (5 bytes)
Event: 1582.533 Thread 0x000000001061c800 nmethod 24023 0x00000000846778d0 code [0x0000000084677a40, 0x0000000084677bf8]
Event: 1582.578 Thread 0x000000001061c800 24024       3       io.netty.util.concurrent.DefaultPromise::isDone (8 bytes)
Event: 1582.580 Thread 0x000000001061c800 nmethod 24024 0x0000000084677450 code [0x00000000846775c0, 0x0000000084677838]
Event: 1582.580 Thread 0x000000001061c800 24025       3       io.netty.buffer.AbstractByteBuf::ensureWritable0 (97 bytes)
Event: 1582.586 Thread 0x000000001061c800 nmethod 24025 0x000000008467c090 code [0x000000008467c3c0, 0x000000008467df80]
Event: 1582.586 Thread 0x000000001061c800 24026       3       io.netty.buffer.AbstractByteBuf::writableBytes (10 bytes)
Event: 1582.587 Thread 0x000000001061c800 nmethod 24026 0x0000000084677010 code [0x0000000084677180, 0x00000000846773b0]
Event: 1582.587 Thread 0x000000001061c800 24027       3       io.netty.util.concurrent.DefaultPromise::isDone0 (17 bytes)
Event: 1582.587 Thread 0x000000001061c800 nmethod 24027 0x0000000084676c10 code [0x0000000084676d80, 0x0000000084676f78]

GC Heap History (10 events):
Event: 1539.543 GC heap before
{Heap before GC invocations=169 (full 6):
 par new generation   total 707840K, used 707840K [0x0000000640000000, 0x0000000670000000, 0x0000000670000000)
  eden space 629248K, 100% used [0x0000000640000000, 0x0000000666680000, 0x0000000666680000)
  from space 78592K, 100% used [0x000000066b340000, 0x0000000670000000, 0x0000000670000000)
  to   space 78592K,   0% used [0x0000000666680000, 0x0000000666680000, 0x000000066b340000)
 concurrent mark-sweep generation total 5505024K, used 2656803K [0x0000000670000000, 0x00000007c0000000, 0x00000007c0000000)
 Metaspace       used 267597K, capacity 277524K, committed 277744K, reserved 1275904K
  class space    used 46266K, capacity 50958K, committed 50984K, reserved 1048576K
Event: 1540.503 GC heap after
Heap after GC invocations=170 (full 6):
 par new generation   total 707840K, used 78592K [0x0000000640000000, 0x0000000670000000, 0x0000000670000000)
  eden space 629248K,   0% used [0x0000000640000000, 0x0000000640000000, 0x0000000666680000)
  from space 78592K, 100% used [0x0000000666680000, 0x000000066b340000, 0x000000066b340000)
  to   space 78592K,   0% used [0x000000066b340000, 0x000000066b340000, 0x0000000670000000)
 concurrent mark-sweep generation total 5505024K, used 2809143K [0x0000000670000000, 0x00000007c0000000, 0x00000007c0000000)
 Metaspace       used 267597K, capacity 277524K, committed 277744K, reserved 1275904K
  class space    used 46266K, capacity 50958K, committed 50984K, reserved 1048576K
}
Event: 1546.527 GC heap before
{Heap before GC invocations=170 (full 6):
 par new generation   total 707840K, used 707840K [0x0000000640000000, 0x0000000670000000, 0x0000000670000000)
  eden space 629248K, 100% used [0x0000000640000000, 0x0000000666680000, 0x0000000666680000)
  from space 78592K, 100% used [0x0000000666680000, 0x000000066b340000, 0x000000066b340000)
  to   space 78592K,   0% used [0x000000066b340000, 0x000000066b340000, 0x0000000670000000)
 concurrent mark-sweep generation total 5505024K, used 2809143K [0x0000000670000000, 0x00000007c0000000, 0x00000007c0000000)
 Metaspace       used 267597K, capacity 277524K, committed 277744K, reserved 1275904K
  class space    used 46266K, capacity 50958K, committed 50984K, reserved 1048576K
Event: 1547.265 GC heap after
Heap after GC invocations=171 (full 6):
 par new generation   total 707840K, used 78592K [0x0000000640000000, 0x0000000670000000, 0x0000000670000000)
  eden space 629248K,   0% used [0x0000000640000000, 0x0000000640000000, 0x0000000666680000)
  from space 78592K, 100% used [0x000000066b340000, 0x0000000670000000, 0x0000000670000000)
  to   space 78592K,   0% used [0x0000000666680000, 0x0000000666680000, 0x000000066b340000)
 concurrent mark-sweep generation total 5505024K, used 2915973K [0x0000000670000000, 0x00000007c0000000, 0x00000007c0000000)
 Metaspace       used 267597K, capacity 277524K, committed 277744K, reserved 1275904K
  class space    used 46266K, capacity 50958K, committed 50984K, reserved 1048576K
}
Event: 1554.263 GC heap before
{Heap before GC invocations=171 (full 6):
 par new generation   total 707840K, used 707840K [0x0000000640000000, 0x0000000670000000, 0x0000000670000000)
  eden space 629248K, 100% used [0x0000000640000000, 0x0000000666680000, 0x0000000666680000)
  from space 78592K, 100% used [0x000000066b340000, 0x0000000670000000, 0x0000000670000000)
  to   space 78592K,   0% used [0x0000000666680000, 0x0000000666680000, 0x000000066b340000)
 concurrent mark-sweep generation total 5505024K, used 2915973K [0x0000000670000000, 0x00000007c0000000, 0x00000007c0000000)
 Metaspace       used 267597K, capacity 277524K, committed 277744K, reserved 1275904K
  class space    used 46266K, capacity 50958K, committed 50984K, reserved 1048576K
Event: 1554.706 GC heap after
Heap after GC invocations=172 (full 6):
 par new generation   total 707840K, used 78592K [0x0000000640000000, 0x0000000670000000, 0x0000000670000000)
  eden space 629248K,   0% used [0x0000000640000000, 0x0000000640000000, 0x0000000666680000)
  from space 78592K, 100% used [0x0000000666680000, 0x000000066b340000, 0x000000066b340000)
  to   space 78592K,   0% used [0x000000066b340000, 0x000000066b340000, 0x0000000670000000)
 concurrent mark-sweep generation total 5505024K, used 2977513K [0x0000000670000000, 0x00000007c0000000, 0x00000007c0000000)
 Metaspace       used 267597K, capacity 277524K, committed 277744K, reserved 1275904K
  class space    used 46266K, capacity 50958K, committed 50984K, reserved 1048576K
}
Event: 1562.462 GC heap before
{Heap before GC invocations=172 (full 6):
 par new generation   total 707840K, used 707840K [0x0000000640000000, 0x0000000670000000, 0x0000000670000000)
  eden space 629248K, 100% used [0x0000000640000000, 0x0000000666680000, 0x0000000666680000)
  from space 78592K, 100% used [0x0000000666680000, 0x000000066b340000, 0x000000066b340000)
  to   space 78592K,   0% used [0x000000066b340000, 0x000000066b340000, 0x0000000670000000)
 concurrent mark-sweep generation total 5505024K, used 2977513K [0x0000000670000000, 0x00000007c0000000, 0x00000007c0000000)
 Metaspace       used 267597K, capacity 277524K, committed 277744K, reserved 1275904K
  class space    used 46266K, capacity 50958K, committed 50984K, reserved 1048576K
Event: 1562.740 GC heap after
Heap after GC invocations=173 (full 6):
 par new generation   total 707840K, used 78592K [0x0000000640000000, 0x0000000670000000, 0x0000000670000000)
  eden space 629248K,   0% used [0x0000000640000000, 0x0000000640000000, 0x0000000666680000)
  from space 78592K, 100% used [0x000000066b340000, 0x0000000670000000, 0x0000000670000000)
  to   space 78592K,   0% used [0x0000000666680000, 0x0000000666680000, 0x000000066b340000)
 concurrent mark-sweep generation total 5505024K, used 3013053K [0x0000000670000000, 0x00000007c0000000, 0x00000007c0000000)
 Metaspace       used 267597K, capacity 277524K, committed 277744K, reserved 1275904K
  class space    used 46266K, capacity 50958K, committed 50984K, reserved 1048576K
}
Event: 1576.221 GC heap before
{Heap before GC invocations=173 (full 6):
 par new generation   total 707840K, used 707840K [0x0000000640000000, 0x0000000670000000, 0x0000000670000000)
  eden space 629248K, 100% used [0x0000000640000000, 0x0000000666680000, 0x0000000666680000)
  from space 78592K, 100% used [0x000000066b340000, 0x0000000670000000, 0x0000000670000000)
  to   space 78592K,   0% used [0x0000000666680000, 0x0000000666680000, 0x000000066b340000)
 concurrent mark-sweep generation total 5505024K, used 3013053K [0x0000000670000000, 0x00000007c0000000, 0x00000007c0000000)
 Metaspace       used 267607K, capacity 277524K, committed 277744K, reserved 1275904K
  class space    used 46266K, capacity 50958K, committed 50984K, reserved 1048576K
Event: 1576.940 GC heap after
Heap after GC invocations=174 (full 6):
 par new generation   total 707840K, used 78592K [0x0000000640000000, 0x0000000670000000, 0x0000000670000000)
  eden space 629248K,   0% used [0x0000000640000000, 0x0000000640000000, 0x0000000666680000)
  from space 78592K, 100% used [0x0000000666680000, 0x000000066b340000, 0x000000066b340000)
  to   space 78592K,   0% used [0x000000066b340000, 0x000000066b340000, 0x0000000670000000)
 concurrent mark-sweep generation total 5505024K, used 3073577K [0x0000000670000000, 0x00000007c0000000, 0x00000007c0000000)
 Metaspace       used 267607K, capacity 277524K, committed 277744K, reserved 1275904K
  class space    used 46266K, capacity 50958K, committed 50984K, reserved 1048576K
}

Deoptimization events (10 events):
Event: 1579.345 Thread 0x0000000043a7d000 Uncommon trap: reason=class_check action=maybe_recompile pc=0x00000000831e6e38 method=java.util.Random.nextFloat()F @ 3
Event: 1579.345 Thread 0x0000000043a7d000 Uncommon trap: reason=class_check action=maybe_recompile pc=0x00000000831e6e38 method=java.util.Random.nextFloat()F @ 3
Event: 1579.345 Thread 0x0000000043a7d000 Uncommon trap: reason=class_check action=maybe_recompile pc=0x00000000831e6e38 method=java.util.Random.nextFloat()F @ 3
Event: 1579.345 Thread 0x0000000043a7d000 Uncommon trap: reason=class_check action=maybe_recompile pc=0x00000000831e6e38 method=java.util.Random.nextFloat()F @ 3
Event: 1579.594 Thread 0x0000000043a81000 Uncommon trap: reason=unstable_if action=reinterpret pc=0x00000000845d4ba8 method=net.minecraft.item.ItemStack.func_77959_d(Lnet/minecraft/item/ItemStack;)Z @ 43
Event: 1579.652 Thread 0x0000000043a7e800 Uncommon trap: reason=unstable_if action=reinterpret pc=0x000000008455f150 method=java.util.concurrent.ConcurrentLinkedQueue.first()Ljava/util/concurrent/ConcurrentLinkedQueue$Node; @ 32
Event: 1580.927 Thread 0x0000000043a81000 Uncommon trap: reason=unstable_if action=reinterpret pc=0x00000000845e2464 method=net.minecraftforge.common.capabilities.CapabilityDispatcher.areCompatible(Lnet/minecraftforge/common/capabilities/CapabilityDispatcher;)Z @ 1
Event: 1581.034 Thread 0x0000000043a7d000 Uncommon trap: reason=unstable_if action=reinterpret pc=0x000000008463a804 method=zone.rong.loliasm.common.java.JavaFixes.run()V @ 41
Event: 1581.453 Thread 0x0000000043a81000 Uncommon trap: reason=unstable_if action=reinterpret pc=0x0000000082157d00 method=it.unimi.dsi.fastutil.objects.AbstractObjectSet.equals(Ljava/lang/Object;)Z @ 31
Event: 1581.764 Thread 0x0000000043a81000 Uncommon trap: reason=unstable_if action=reinterpret pc=0x0000000084653910 method=net.minecraft.item.ItemStack.func_77959_d(Lnet/minecraft/item/ItemStack;)Z @ 50

Internal exceptions (10 events):
Event: 1531.854 Thread 0x0000000043a7d000 Implicit null exception at 0x000000008252431e to 0x00000000825271d1
Event: 1531.854 Thread 0x0000000043a7d000 Exception <a 'java/lang/NullPointerException'> (0x0000000647689050) thrown at [C:\re\workspace\8-2-build-windows-amd64-cygwin\jdk8u51\3951\hotspot\src\share\vm\runtime\sharedRuntime.cpp, line 605]
Event: 1531.854 Thread 0x0000000043a7d000 Implicit null exception at 0x000000008252431e to 0x00000000825271d1
Event: 1531.854 Thread 0x0000000043a7d000 Exception <a 'java/lang/NullPointerException'> (0x0000000647689c68) thrown at [C:\re\workspace\8-2-build-windows-amd64-cygwin\jdk8u51\3951\hotspot\src\share\vm\runtime\sharedRuntime.cpp, line 605]
Event: 1574.025 Thread 0x0000000043a7d000 Exception <a 'sun/nio/fs/WindowsException'> (0x000000065bce3448) thrown at [C:\re\workspace\8-2-build-windows-amd64-cygwin\jdk8u51\3951\hotspot\src\share\vm\prims\jni.cpp, line 709]
Event: 1574.025 Thread 0x0000000043a7d000 Exception <a 'sun/nio/fs/WindowsException'> (0x000000065bce3b80) thrown at [C:\re\workspace\8-2-build-windows-amd64-cygwin\jdk8u51\3951\hotspot\src\share\vm\prims\jni.cpp, line 709]
Event: 1575.323 Thread 0x0000000043a7d000 Exception <a 'sun/nio/fs/WindowsException'> (0x000000065f13ac50) thrown at [C:\re\workspace\8-2-build-windows-amd64-cygwin\jdk8u51\3951\hotspot\src\share\vm\prims\jni.cpp, line 709]
Event: 1575.323 Thread 0x0000000043a7d000 Exception <a 'sun/nio/fs/WindowsException'> (0x000000065f13b2e8) thrown at [C:\re\workspace\8-2-build-windows-amd64-cygwin\jdk8u51\3951\hotspot\src\share\vm\prims\jni.cpp, line 709]
Event: 1580.927 Thread 0x0000000043a81000 Implicit null exception at 0x00000000845e1d68 to 0x00000000845e2451
Event: 1581.034 Thread 0x0000000043a7d000 Implicit null exception at 0x0000000084639f7b to 0x000000008463a7d9

Events (10 events):
Event: 1582.487 Thread 0x0000000043a7d000 DEOPT PACKING pc=0x000000008464e132 sp=0x000000004832f0b0
Event: 1582.487 Thread 0x0000000043a7d000 DEOPT UNPACKING pc=0x0000000080037487 sp=0x000000004832ee08 mode 0
Event: 1582.523 Thread 0x0000000032d07800 Thread added: 0x0000000032d07800
Event: 1582.524 Executing VM operation: RevokeBias
Event: 1582.524 Executing VM operation: RevokeBias done
Event: 1582.558 Thread 0x0000000043a7d000 DEOPT PACKING pc=0x000000008463534c sp=0x000000004832f2b0
Event: 1582.558 Thread 0x0000000043a7d000 DEOPT UNPACKING pc=0x0000000080037487 sp=0x000000004832f098 mode 0
Event: 1582.629 Executing VM operation: RevokeBias
Event: 1582.630 Executing VM operation: RevokeBias done
Event: 1582.630 Thread 0x0000000032d07800 Thread exited: 0x0000000032d07800


Dynamic libraries:
0x00007ff690c90000 - 0x00007ff690cc7000 	C:\Users\Student\AppData\Local\Packages\Microsoft.4297127D64EC6_8wekyb3d8bbwe\LocalCache\Local\runtime\jre-legacy\windows-x64\jre-legacy\bin\javaw.exe
0x00007ffe2b310000 - 0x00007ffe2b508000 	C:\WINDOWS\SYSTEM32\ntdll.dll
0x00007ffe29700000 - 0x00007ffe297bd000 	C:\WINDOWS\System32\KERNEL32.DLL
0x00007ffe28c30000 - 0x00007ffe28f26000 	C:\WINDOWS\System32\KERNELBASE.dll
0x00007ffe29520000 - 0x00007ffe295cf000 	C:\WINDOWS\System32\ADVAPI32.dll
0x00007ffe29c30000 - 0x00007ffe29cce000 	C:\WINDOWS\System32\msvcrt.dll
0x00007ffe2a620000 - 0x00007ffe2a6bc000 	C:\WINDOWS\System32\sechost.dll
0x00007ffe2a6d0000 - 0x00007ffe2a7f6000 	C:\WINDOWS\System32\RPCRT4.dll
0x00007ffe2b110000 - 0x00007ffe2b2ae000 	C:\WINDOWS\System32\USER32.dll
0x00007ffe29030000 - 0x00007ffe29052000 	C:\WINDOWS\System32\win32u.dll
0x00007ffe2ad80000 - 0x00007ffe2adac000 	C:\WINDOWS\System32\GDI32.dll
0x00007ffe28a60000 - 0x00007ffe28b7a000 	C:\WINDOWS\System32\gdi32full.dll
0x00007ffe292d0000 - 0x00007ffe2936d000 	C:\WINDOWS\System32\msvcp_win.dll
0x00007ffe28f30000 - 0x00007ffe29030000 	C:\WINDOWS\System32\ucrtbase.dll
0x00007ffe27dd0000 - 0x00007ffe2806a000 	C:\WINDOWS\WinSxS\amd64_microsoft.windows.common-controls_6595b64144ccf1df_6.0.19041.3636_none_60b6a03d71f818d5\COMCTL32.dll
0x00007ffe2a800000 - 0x00007ffe2a830000 	C:\WINDOWS\System32\IMM32.DLL
0x00007ffddca20000 - 0x00007ffddcad1000 	C:\Program Files\McAfee\Endpoint Security\Threat Prevention\Ips\EpMPApi.dll
0x00007ffe289f0000 - 0x00007ffe28a57000 	C:\WINDOWS\System32\WINTRUST.dll
0x00007ffe290e0000 - 0x00007ffe2923d000 	C:\WINDOWS\System32\CRYPT32.dll
0x00007ffe28160000 - 0x00007ffe28172000 	C:\WINDOWS\SYSTEM32\MSASN1.dll
0x000000005dd10000 - 0x000000005dd1c000 	C:\Program Files\McAfee\Endpoint Security\Threat Prevention\Ips\EpMPThe.dll
0x000000005def0000 - 0x000000005dfc2000 	C:\Users\Student\AppData\Local\Packages\Microsoft.4297127D64EC6_8wekyb3d8bbwe\LocalCache\Local\runtime\jre-legacy\windows-x64\jre-legacy\bin\msvcr100.dll
0x000000005d480000 - 0x000000005dd03000 	C:\Users\Student\AppData\Local\Packages\Microsoft.4297127D64EC6_8wekyb3d8bbwe\LocalCache\Local\runtime\jre-legacy\windows-x64\jre-legacy\bin\server\jvm.dll
0x00007ffe2a540000 - 0x00007ffe2a548000 	C:\WINDOWS\System32\PSAPI.DLL
0x00007ffe1f1f0000 - 0x00007ffe1f217000 	C:\WINDOWS\SYSTEM32\WINMM.dll
0x00007ffe25b20000 - 0x00007ffe25b2a000 	C:\WINDOWS\SYSTEM32\VERSION.dll
0x00007ffe23790000 - 0x00007ffe23799000 	C:\WINDOWS\SYSTEM32\WSOCK32.dll
0x00007ffe29690000 - 0x00007ffe296fb000 	C:\WINDOWS\System32\WS2_32.dll
0x000000005dee0000 - 0x000000005deef000 	C:\Users\Student\AppData\Local\Packages\Microsoft.4297127D64EC6_8wekyb3d8bbwe\LocalCache\Local\runtime\jre-legacy\windows-x64\jre-legacy\bin\verify.dll
0x000000005deb0000 - 0x000000005ded9000 	C:\Users\Student\AppData\Local\Packages\Microsoft.4297127D64EC6_8wekyb3d8bbwe\LocalCache\Local\runtime\jre-legacy\windows-x64\jre-legacy\bin\java.dll
0x000000005de90000 - 0x000000005dea6000 	C:\Users\Student\AppData\Local\Packages\Microsoft.4297127D64EC6_8wekyb3d8bbwe\LocalCache\Local\runtime\jre-legacy\windows-x64\jre-legacy\bin\zip.dll
0x00007ffe29df0000 - 0x00007ffe2a535000 	C:\WINDOWS\System32\SHELL32.dll
0x00007ffe25cf0000 - 0x00007ffe2648b000 	C:\WINDOWS\SYSTEM32\windows.storage.dll
0x00007ffe27d30000 - 0x00007ffe27d5d000 	C:\WINDOWS\SYSTEM32\Wldp.dll
0x0000000011190000 - 0x00000000114e4000 	C:\WINDOWS\System32\combase.dll
0x00007ffe2acd0000 - 0x00007ffe2ad7d000 	C:\WINDOWS\System32\SHCORE.dll
0x00007ffe29630000 - 0x00007ffe29685000 	C:\WINDOWS\System32\shlwapi.dll
0x00007ffe28920000 - 0x00007ffe28945000 	C:\WINDOWS\SYSTEM32\profapi.dll
0x000000005de80000 - 0x000000005de8d000 	C:\Users\Student\AppData\Local\Packages\Microsoft.4297127D64EC6_8wekyb3d8bbwe\LocalCache\Local\runtime\jre-legacy\windows-x64\jre-legacy\bin\management.dll
0x000000005de60000 - 0x000000005de7a000 	C:\Users\Student\AppData\Local\Packages\Microsoft.4297127D64EC6_8wekyb3d8bbwe\LocalCache\Local\runtime\jre-legacy\windows-x64\jre-legacy\bin\net.dll
0x00007ffe27970000 - 0x00007ffe279da000 	C:\WINDOWS\system32\mswsock.dll
0x00007ffe24cd0000 - 0x00007ffe24ce7000 	C:\WINDOWS\system32\napinsp.dll
0x00007ffe25440000 - 0x00007ffe2545b000 	C:\WINDOWS\system32\pnrpnsp.dll
0x00007ffe222b0000 - 0x00007ffe222c5000 	C:\WINDOWS\system32\wshbth.dll
0x00007ffe23680000 - 0x00007ffe2369d000 	C:\WINDOWS\system32\NLAapi.dll
0x00007ffe27b40000 - 0x00007ffe27b7b000 	C:\WINDOWS\SYSTEM32\IPHLPAPI.DLL
0x00007ffe27660000 - 0x00007ffe2772a000 	C:\WINDOWS\SYSTEM32\DNSAPI.dll
0x00007ffe2acc0000 - 0x00007ffe2acc8000 	C:\WINDOWS\System32\NSI.dll
0x00007ffe20d70000 - 0x00007ffe20d82000 	C:\WINDOWS\System32\winrnr.dll
0x00007ffe12a60000 - 0x00007ffe12a6a000 	C:\Windows\System32\rasadhlp.dll
0x00007ffe12f00000 - 0x00007ffe12f80000 	C:\WINDOWS\System32\fwpuclnt.dll
0x00007ffe290b0000 - 0x00007ffe290d7000 	C:\WINDOWS\System32\bcrypt.dll
0x000000005de40000 - 0x000000005de51000 	C:\Users\Student\AppData\Local\Packages\Microsoft.4297127D64EC6_8wekyb3d8bbwe\LocalCache\Local\runtime\jre-legacy\windows-x64\jre-legacy\bin\nio.dll
0x00007ffe286f0000 - 0x00007ffe28708000 	C:\WINDOWS\SYSTEM32\CRYPTSP.dll
0x00007ffe275d0000 - 0x00007ffe27604000 	C:\WINDOWS\system32\rsaenh.dll
0x00007ffe288e0000 - 0x00007ffe2890e000 	C:\WINDOWS\SYSTEM32\USERENV.dll
0x00007ffe29240000 - 0x00007ffe292c2000 	C:\WINDOWS\System32\bcryptprimitives.dll
0x00007ffe27c10000 - 0x00007ffe27c1c000 	C:\WINDOWS\SYSTEM32\CRYPTBASE.dll
0x00007ffe1a9f0000 - 0x00007ffe1aa07000 	C:\WINDOWS\SYSTEM32\dhcpcsvc6.DLL
0x00007ffe1a960000 - 0x00007ffe1a97d000 	C:\WINDOWS\SYSTEM32\dhcpcsvc.DLL
0x000000005d460000 - 0x000000005d477000 	C:\Users\Student\AppData\Local\Packages\Microsoft.4297127D64EC6_8wekyb3d8bbwe\LocalCache\Local\runtime\jre-legacy\windows-x64\jre-legacy\bin\unpack.dll
0x000000005d2c0000 - 0x000000005d458000 	C:\Users\Student\AppData\Local\Packages\Microsoft.4297127D64EC6_8wekyb3d8bbwe\LocalCache\Local\runtime\jre-legacy\windows-x64\jre-legacy\bin\awt.dll
0x00007ffe2a550000 - 0x00007ffe2a61d000 	C:\WINDOWS\System32\OLEAUT32.dll
0x00007ffe254d0000 - 0x00007ffe25560000 	C:\WINDOWS\SYSTEM32\apphelp.dll
0x0000000180000000 - 0x0000000180053000 	C:\Users\Student\AppData\Roaming\.minecraft\bin\b58471306101d735d9b7ffae7edb28ab97bc5635\lwjgl64.dll
0x00007ffdf1920000 - 0x00007ffdf1a45000 	C:\WINDOWS\SYSTEM32\OPENGL32.dll
0x00007ffdf13d0000 - 0x00007ffdf13fc000 	C:\WINDOWS\SYSTEM32\GLU32.dll
0x00007ffe22480000 - 0x00007ffe2252e000 	C:\WINDOWS\SYSTEM32\mscms.dll
0x00007ffe22460000 - 0x00007ffe22471000 	C:\WINDOWS\SYSTEM32\ColorAdapterClient.dll
0x00007ffe25a90000 - 0x00007ffe25aa2000 	C:\WINDOWS\SYSTEM32\kernel.appcore.dll
0x00007ffe2aa40000 - 0x00007ffe2aae9000 	C:\WINDOWS\System32\clbcatq.dll
0x00007ffe29060000 - 0x00007ffe290ae000 	C:\WINDOWS\System32\cfgmgr32.dll
0x00007ffe25680000 - 0x00007ffe2571e000 	C:\WINDOWS\system32\uxtheme.dll
0x00007ffe29cd0000 - 0x00007ffe29de4000 	C:\WINDOWS\System32\MSCTF.dll
0x00007ffe1c8a0000 - 0x00007ffe1c999000 	C:\WINDOWS\SYSTEM32\textinputframework.dll
0x00007ffe25050000 - 0x00007ffe25142000 	C:\WINDOWS\System32\CoreMessaging.dll
0x00007ffe24cf0000 - 0x00007ffe2504b000 	C:\WINDOWS\System32\CoreUIComponents.dll
0x00007ffe286b0000 - 0x00007ffe286e3000 	C:\WINDOWS\SYSTEM32\ntmarta.dll
0x00007ffe245a0000 - 0x00007ffe246f5000 	C:\WINDOWS\SYSTEM32\wintypes.dll
0x00007ffe21240000 - 0x00007ffe2126b000 	C:\WINDOWS\System32\DriverStore\FileRepository\c0368456.inf_amd64_f16f961b152ef3a8\B367348\atig6pxx.dll
0x00007ffde1d90000 - 0x00007ffde4b7d000 	C:\WINDOWS\System32\DriverStore\FileRepository\c0368456.inf_amd64_f16f961b152ef3a8\B367348\atio6axx.dll
0x00007ffe297c0000 - 0x00007ffe29c2e000 	C:\WINDOWS\System32\SETUPAPI.dll
0x00007ffe2a830000 - 0x00007ffe2a95b000 	C:\WINDOWS\System32\ole32.dll
0x00007ffe04680000 - 0x00007ffe046a4000 	C:\WINDOWS\SYSTEM32\dxva2.dll
0x00007ffe25880000 - 0x00007ffe258af000 	C:\WINDOWS\SYSTEM32\dwmapi.dll
0x00007ffe253f0000 - 0x00007ffe2542c000 	C:\WINDOWS\System32\DriverStore\FileRepository\c0368456.inf_amd64_f16f961b152ef3a8\B367348\atig6txx.dll
0x00007ffdf0930000 - 0x00007ffdf0ae3000 	C:\WINDOWS\SYSTEM32\atiadlxx.dll
0x00007ffe244a0000 - 0x00007ffe24596000 	C:\WINDOWS\SYSTEM32\PROPSYS.dll
0x00007ffe0b990000 - 0x00007ffe0b9d9000 	C:\WINDOWS\SYSTEM32\pdh.dll
0x00007ffe28710000 - 0x00007ffe28743000 	C:\WINDOWS\SYSTEM32\DEVOBJ.dll
0x00007ffe1f5a0000 - 0x00007ffe1f5db000 	C:\WINDOWS\SYSTEM32\dxcore.dll
0x00007ffe23740000 - 0x00007ffe23783000 	C:\WINDOWS\SYSTEM32\icm32.dll
0x00007ffe236f0000 - 0x00007ffe23732000 	C:\Users\Student\AppData\Local\Temp\jna--214492645\jna5879098570115748585.dll
0x000000005d290000 - 0x000000005d2b4000 	C:\Users\Student\AppData\Local\Packages\Microsoft.4297127D64EC6_8wekyb3d8bbwe\LocalCache\Local\runtime\jre-legacy\windows-x64\jre-legacy\bin\sunec.dll
0x000000005d240000 - 0x000000005d287000 	C:\Users\Student\AppData\Local\Packages\Microsoft.4297127D64EC6_8wekyb3d8bbwe\LocalCache\Local\runtime\jre-legacy\windows-x64\jre-legacy\bin\fontmanager.dll
0x00007ffdf8ee0000 - 0x00007ffdf90ad000 	C:\WINDOWS\system32\d3d9.dll
0x00007ffe1f220000 - 0x00007ffe1f3fb000 	C:\WINDOWS\System32\DriverStore\FileRepository\c0368456.inf_amd64_f16f961b152ef3a8\B367348\aticfx64.dll
0x00007ffde1360000 - 0x00007ffde1393000 	C:\WINDOWS\System32\DriverStore\FileRepository\c0368456.inf_amd64_f16f961b152ef3a8\B367348\atiu9p64.dll
0x00007ffddf120000 - 0x00007ffddfe7a000 	C:\WINDOWS\System32\DriverStore\FileRepository\c0368456.inf_amd64_f16f961b152ef3a8\B367348\atiumd64.dll
0x00007ffe283e0000 - 0x00007ffe285c4000 	C:\WINDOWS\SYSTEM32\dbghelp.dll
0x00007ffe28320000 - 0x00007ffe28354000 	C:\WINDOWS\SYSTEM32\dbgcore.DLL
0x000000005e000000 - 0x000000005eecb000 	C:\WINDOWS\System32\DriverStore\FileRepository\c0368456.inf_amd64_f16f961b152ef3a8\B367348\atiumd6a.dll
0x00007ffe287a0000 - 0x00007ffe287eb000 	C:\WINDOWS\SYSTEM32\POWRPROF.dll
0x00007ffe28780000 - 0x00007ffe28792000 	C:\WINDOWS\SYSTEM32\UMPDC.dll
0x00007ffe1c4d0000 - 0x00007ffe1c500000 	C:\WINDOWS\SYSTEM32\amdihk64.dll
0x000000005d1f0000 - 0x000000005d232000 	C:\Users\Student\AppData\Local\Packages\Microsoft.4297127D64EC6_8wekyb3d8bbwe\LocalCache\Local\runtime\jre-legacy\windows-x64\jre-legacy\bin\t2k.dll
0x0000000018bd0000 - 0x0000000018c34000 	C:\Users\Student\AppData\Roaming\.minecraft\bin\b58471306101d735d9b7ffae7edb28ab97bc5635\OpenAL64.dll
0x00007ffe1a370000 - 0x00007ffe1a3f5000 	C:\WINDOWS\System32\MMDevApi.dll
0x00007ffde0050000 - 0x00007ffde00ec000 	C:\WINDOWS\SYSTEM32\dsound.dll
0x00007ffe0c750000 - 0x00007ffe0c776000 	C:\WINDOWS\SYSTEM32\winmmbase.dll
0x00007ffe1a5e0000 - 0x00007ffe1a762000 	C:\WINDOWS\SYSTEM32\AUDIOSES.DLL
0x00007ffe25780000 - 0x00007ffe25794000 	C:\WINDOWS\SYSTEM32\resourcepolicyclient.dll
0x00007ffe1c500000 - 0x00007ffe1c51a000 	C:\Users\Student\AppData\Roaming\.minecraft\bin\b58471306101d735d9b7ffae7edb28ab97bc5635\SAPIWrapper_x64.dll

VM Arguments:
jvm_args: -Dos.name=Windows 10 -Dos.version=10.0 -XX:HeapDumpPath=MojangTricksIntelDriversForPerformance_javaw.exe_minecraft.exe.heapdump -Djava.library.path=C:\Users\Student\AppData\Roaming\.minecraft\bin\b58471306101d735d9b7ffae7edb28ab97bc5635 -Dminecraft.launcher.brand=minecraft-launcher -Dminecraft.launcher.version=2.15.23 -Dminecraft.client.jar=C:\Users\Student\AppData\Roaming\.minecraft\versions\1.12.2-forge-14.23.5.2859\1.12.2-forge-14.23.5.2859.jar -Xmx6G -Xms6G -Xmn768m -XX:+DisableExplicitGC -XX:+UseConcMarkSweepGC -XX:+UseParNewGC -XX:+UseNUMA -XX:+CMSParallelRemarkEnabled -XX:MaxTenuringThreshold=15 -XX:MaxGCPauseMillis=30 -XX:GCPauseIntervalMillis=150 -XX:+UseAdaptiveGCBoundary -XX:-UseGCOverheadLimit -XX:+UseBiasedLocking -XX:SurvivorRatio=8 -XX:TargetSurvivorRatio=90 -XX:MaxTenuringThreshold=15 -Dfml.ignorePatchDiscrepancies=true -Dfml.ignoreInvalidMinecraftCertificates=true -XX:+UseFastAccessorMethods -XX:+UseCompressedOops -XX:+OptimizeStringConcat -XX:+AggressiveOpts -XX:ReservedCodeCacheSize=2048m -XX:+UseCodeCacheFlushing -XX:SoftRefLRUPolicyMSPerMB=10000 -XX:ParallelGCThreads=10 -XX:+AlwaysPreTouch -XX:+ParallelRefProcEnabled -XX:+PerfDisableSharedMem -XX:-UsePerfData 
java_command: net.minecraft.launchwrapper.Launch --username LogicalMaximus --version 1.12.2-forge-14.23.5.2859 --gameDir C:\Users\Student\curseforge\minecraft\Instances\Operation Con --assetsDir C:\Users\Student\AppData\Roaming\.minecraft\assets --assetIndex 1.12 --uuid f96c042cd1ef4ea1800ab30514375265 --accessToken eyJraWQiOiJhYzg0YSIsImFsZyI6IkhTMjU2In0.eyJ4dWlkIjoiMjUzNTQ1NDY1ODI0MzM3MyIsImFnZyI6IkFkdWx0Iiwic3ViIjoiZWY5NjE4YTQtNTJkYi00M2QzLTk5MDItNmJlNjE2MjU2OWM1IiwiYXV0aCI6IlhCT1giLCJucyI6ImRlZmF1bHQiLCJyb2xlcyI6W10sImlzcyI6ImF1dGhlbnRpY2F0aW9uIiwiZmxhZ3MiOlsidHdvZmFjdG9yYXV0aCIsIm1zYW1pZ3JhdGlvbl9zdGFnZTQiLCJvcmRlcnNfMjAyMiJdLCJwcm9maWxlcyI6eyJtYyI6ImY5NmMwNDJjLWQxZWYtNGVhMS04MDBhLWIzMDUxNDM3NTI2NSJ9LCJwbGF0Zm9ybSI6Ik9ORVNUT1JFIiwieXVpZCI6IjAwMmI0ZGEwMDk5NmI3OTE5MjhmMjU1MzIyM2JhZWE3IiwibmJmIjoxNzAzMDE1NjY5LCJleHAiOjE3MDMxMDIwNjksImlhdCI6MTcwMzAxNTY2OX0.ruY82xK8r70CTiIbwPQWujSm9IIupey__ECEx7_odpQ --userType msa --tweakClass net.minecraftforge.fml.common.launcher.FMLTweaker --versionType Forge
java_class_path (initial): C:\Users\Student\AppData\Roaming\.minecraft\libraries\net\minecraftforge\forge\1.12.2-14.23.5.2859\forge-1.12.2-14.23.5.2859.jar;C:\Users\Student\AppData\Roaming\.minecraft\libraries\org\ow2\asm\asm-debug-all\5.2\asm-debug-all-5.2.jar;C:\Users\Student\AppData\Roaming\.minecraft\libraries\net\minecraft\launchwrapper\1.12\launchwrapper-1.12.jar;C:\Users\Student\AppData\Roaming\.minecraft\libraries\org\jline\jline\3.5.1\jline-3.5.1.jar;C:\Users\Student\AppData\Roaming\.minecraft\libraries\com\typesafe\akka\akka-actor_2.11\2.3.3\akka-actor_2.11-2.3.3.jar;C:\Users\Student\AppData\Roaming\.minecraft\libraries\com\typesafe\config\1.2.1\config-1.2.1.jar;C:\Users\Student\AppData\Roaming\.minecraft\libraries\org\scala-lang\scala-actors-migration_2.11\1.1.0\scala-actors-migration_2.11-1.1.0.jar;C:\Users\Student\AppData\Roaming\.minecraft\libraries\org\scala-lang\scala-compiler\2.11.1\scala-compiler-2.11.1.jar;C:\Users\Student\AppData\Roaming\.minecraft\libraries\org\scala-lang\plugins\scala-continuations-library_2.11\1.0.2_mc\scala-continuations-library_2.11-1.0.2_mc.jar;C:\Users\Student\AppData\Roaming\.minecraft\libraries\org\scala-lang\plugins\scala-continuations-plugin_2.11.1\1.0.2_mc\scala-continuations-plugin_2.11.1-1.0.2_mc.jar;C:\Users\Student\AppData\Roaming\.minecraft\libraries\org\scala-lang\scala-library\2.11.1\scala-library-2.11.1.jar;C:\Users\Student\AppData\Roaming\.minecraft\libraries\org\scala-lang\scala-parser-combinators_2.11\1.0.1\scala-parser-combinators_2.11-1.0.1.jar;C:\Users\Student\AppData\Roaming\.minecraft\libraries\org\scala-lang\scala-reflect\2.11.1\scala-reflect-2.11.1.jar;C:\Users\Student\AppData\Roaming\.minecraft\libraries\org\scala-lang\scala-swing_2.11\1.0.1\scala-swing_2.11-1.0.1.jar;C:\Users\Student\AppData\Roaming\.minecraft\libraries\org\scala-lang\scala-xml_2.11\1.0.2\scala-xml_2.11-1.0.2.jar;C:\Users\Student\AppData\Roaming\.minecraft\libraries\lzma\lzma\0.0.1\lzma-0.0.1.jar;C:\Users\Student\AppData\Roaming\
Launcher Type: SUN_STANDARD

Environment Variables:
PATH=C:\Program Files (x86)\Common Files\Oracle\Java\javapath;C:\WINDOWS\system32;C:\WINDOWS;C:\WINDOWS\System32\Wbem;C:\WINDOWS\System32\WindowsPowerShell\v1.0\;C:\WINDOWS\System32\OpenSSH\;C:\Program Files\dotnet\;C:\Program Files (x86)\HP\Common\HPDestPlgIn\;C:\Program Files\WindowsPowerShell\Scripts\HP.ClientScriptLibrary;C:\Program Files\Process Lasso\;C:\Users\Student\AppData\Local\Microsoft\WindowsApps;C:\Program Files\JetBrains\IntelliJ IDEA Community Edition 2023.3.1\bin
USERNAME=Student
OS=Windows_NT
PROCESSOR_IDENTIFIER=AMD64 Family 21 Model 112 Stepping 0, AuthenticAMD



---------------  S Y S T E M  ---------------

OS: Windows 10.0 , 64 bit Build 19041 (10.0.19041.3636)

CPU:total 2 (2 cores per cpu, 1 threads per core) family 21 model 112 stepping 0, cmov, cx8, fxsr, mmx, sse, sse2, sse3, ssse3, sse4.1, sse4.2, popcnt, avx, avx2, aes, clmul, mmxext, 3dnowpref, lzcnt, sse4a, tsc, tscinvbit, tscinv, bmi1

Memory: 4k page, physical 7829176k(2204240k free), swap 14037052k(1794032k free)

vm_info: Java HotSpot(TM) 64-Bit Server VM (25.51-b03) for windows-amd64 JRE (1.8.0_51-b16), built on Jun  8 2015 18:03:07 by "java_re" with MS VC++ 10.0 (VS2010)

time: Tue Dec 19 14:23:42 2023
elapsed time: 1582 seconds (0d 0h 26m 22s)

