#
# There is insufficient memory for the Java Runtime Environment to continue.
# Native memory allocation (malloc) failed to allocate 1813056 bytes for Chunk::new
# Possible reasons:
#   The system is out of physical RAM or swap space
#   In 32 bit mode, the process size limit was hit
# Possible solutions:
#   Reduce memory load on the system
#   Increase physical memory or swap space
#   Check if swap backing store is full
#   Use 64 bit Java on a 64 bit OS
#   Decrease Java heap size (-Xmx/-Xms)
#   Decrease number of Java threads
#   Decrease Java thread stack sizes (-Xss)
#   Set larger code cache with -XX:ReservedCodeCacheSize=
# This output file may be truncated or incomplete.
#
#  Out of Memory Error (allocation.cpp:390), pid=55336, tid=57728
#
# JRE version: Java(TM) SE Runtime Environment (8.0_51-b16) (build 1.8.0_51-b16)
# Java VM: Java HotSpot(TM) 64-Bit Server VM (25.51-b03 mixed mode windows-amd64 compressed oops)
# Failed to write core dump. Minidumps are not enabled by default on client versions of Windows
#

---------------  T H R E A D  ---------------

Current thread (0x00000000102e4000):  JavaThread "C2 CompilerThread0" daemon [_thread_in_native, id=57728, stack(0x00000000114c0000,0x00000000115c0000)]

Stack: [0x00000000114c0000,0x00000000115c0000]
Native frames: (J=compiled Java code, j=interpreted, Vv=VM code, C=native code)
V  [jvm.dll+0x32b4ca]
V  [jvm.dll+0x2797e3]
V  [jvm.dll+0x27a479]
V  [jvm.dll+0x271765]
V  [jvm.dll+0xcba02]
V  [jvm.dll+0xcbecc]
V  [jvm.dll+0x476f72]
V  [jvm.dll+0x4b95ff]
V  [jvm.dll+0x46c011]
V  [jvm.dll+0x46cd4e]
V  [jvm.dll+0x4501a2]
V  [jvm.dll+0xa43a2]
V  [jvm.dll+0xa4cdf]
V  [jvm.dll+0x2418a4]
V  [jvm.dll+0x29846a]
C  [msvcr100.dll+0x21d9f]
C  [msvcr100.dll+0x21e3b]
C  [KERNEL32.DLL+0x17344]
C  [ntdll.dll+0x526b1]


Current CompileTask:
C2:3010303 31661       4       net.minecraft.entity.EntityLiving::<init> (209 bytes)


---------------  P R O C E S S  ---------------

Java Threads: ( => current thread )
  0x0000000060bad000 JavaThread "Chunk Batcher 3" daemon [_thread_blocked, id=55904, stack(0x0000000079bf0000,0x0000000079cf0000)]
  0x0000000060bb3800 JavaThread "Chunk Batcher 2" daemon [_thread_blocked, id=47736, stack(0x00000000770b0000,0x00000000771b0000)]
  0x0000000060baa800 JavaThread "Netty Server IO #3" daemon [_thread_in_native, id=59820, stack(0x0000000069eb0000,0x0000000069fb0000)]
  0x0000000060bb1800 JavaThread "Netty Local Client IO #1" daemon [_thread_blocked, id=47056, stack(0x0000000068fb0000,0x00000000690b0000)]
  0x0000000060bad800 JavaThread "Netty Server IO #2" daemon [_thread_in_native, id=47780, stack(0x0000000068eb0000,0x0000000068fb0000)]
  0x0000000060bac000 JavaThread "Timer-1" [_thread_blocked, id=52024, stack(0x00000000694b0000,0x00000000695b0000)]
  0x0000000060bb0800 JavaThread "ICBM-Classic-WorkerThread-0" daemon [_thread_blocked, id=49040, stack(0x00000000693b0000,0x00000000694b0000)]
  0x00000000313d7800 JavaThread "Thread-38" [_thread_blocked, id=52128, stack(0x0000000068db0000,0x0000000068eb0000)]
  0x00000000313d6800 JavaThread "Thread-37" [_thread_blocked, id=47112, stack(0x0000000068cb0000,0x0000000068db0000)]
  0x00000000313d8000 JavaThread "Thread-36" [_thread_blocked, id=60412, stack(0x0000000068bb0000,0x0000000068cb0000)]
  0x00000000313d4800 JavaThread "Thread-35" [_thread_blocked, id=51904, stack(0x00000000665e0000,0x00000000666e0000)]
  0x00000000313d5000 JavaThread "Thread-34" [_thread_blocked, id=51988, stack(0x0000000061260000,0x0000000061360000)]
  0x00000000313d6000 JavaThread "Thread-33" [_thread_blocked, id=48196, stack(0x0000000048740000,0x0000000048840000)]
  0x00000000313cc800 JavaThread "Thread-31" [_thread_blocked, id=62428, stack(0x000000003ccc0000,0x000000003cdc0000)]
  0x00000000313d3800 JavaThread "Server thread" [_thread_blocked, id=46336, stack(0x0000000056540000,0x0000000056640000)]
  0x00000000313c9800 JavaThread "Snooper Timer" daemon [_thread_blocked, id=54296, stack(0x000000003eb60000,0x000000003ec60000)]
  0x00000000313d2000 JavaThread "File IO Thread" [_thread_blocked, id=53664, stack(0x00000000151e0000,0x00000000152e0000)]
  0x00000000313d0800 JavaThread "pool-10-thread-1" [_thread_blocked, id=54896, stack(0x0000000069db0000,0x0000000069eb0000)]
  0x0000000015cb2800 JavaThread "Netty Server IO #1" daemon [_thread_in_native, id=45592, stack(0x00000000699b0000,0x0000000069ab0000)]
  0x000000004ebb9000 JavaThread "Netty Local Client IO #0" daemon [_thread_blocked, id=58892, stack(0x00000000698b0000,0x00000000699b0000)]
  0x000000004ebb3800 JavaThread "Netty Server IO #0" daemon [_thread_in_native, id=54560, stack(0x00000000697b0000,0x00000000698b0000)]
  0x0000000060bb6800 JavaThread "pool-7-thread-1" [_thread_blocked, id=57524, stack(0x00000000692b0000,0x00000000693b0000)]
  0x000000002b8a2000 JavaThread "Narrator" daemon [_thread_blocked, id=51420, stack(0x0000000046d70000,0x0000000046e70000)]
  0x000000002b8a0000 JavaThread "Particle Culling" daemon [_thread_blocked, id=50408, stack(0x0000000046f70000,0x0000000047070000)]
  0x000000004ebb2000 JavaThread "Ender IO Scheduler" [_thread_blocked, id=50684, stack(0x0000000018040000,0x0000000018140000)]
  0x000000002b899800 JavaThread "Thread-11" [_thread_blocked, id=43356, stack(0x0000000041930000,0x0000000041a30000)]
  0x000000002b898800 JavaThread "Thread-10" [_thread_blocked, id=61672, stack(0x0000000041360000,0x0000000041460000)]
  0x000000002b89c800 JavaThread "Keep-Alive-SocketCleaner" daemon [_thread_blocked, id=59948, stack(0x000000003ec60000,0x000000003ed60000)]
  0x000000002b895000 JavaThread "pool-3-thread-1" [_thread_blocked, id=62152, stack(0x000000003a5e0000,0x000000003a6e0000)]
  0x0000000015cb4000 JavaThread "AWT-Windows" daemon [_thread_in_native, id=62000, stack(0x0000000025210000,0x0000000025310000)]
  0x00000000173db800 JavaThread "LWJGL Timer" daemon [_thread_blocked, id=55064, stack(0x000000001eaf0000,0x000000001ebf0000)]
  0x0000000015fd5800 JavaThread "Java2D Disposer" daemon [_thread_blocked, id=56740, stack(0x0000000015590000,0x0000000015690000)]
  0x0000000015fd5000 JavaThread "Timer hack thread" daemon [_thread_blocked, id=55856, stack(0x0000000017f10000,0x0000000018010000)]
  0x0000000015883000 JavaThread "Snooper Timer" daemon [_thread_blocked, id=56756, stack(0x00000000137d0000,0x00000000138d0000)]
  0x000000001033d000 JavaThread "Service Thread" daemon [_thread_blocked, id=60776, stack(0x00000000116c0000,0x00000000117c0000)]
  0x00000000102fa800 JavaThread "C1 CompilerThread1" daemon [_thread_blocked, id=61248, stack(0x00000000115c0000,0x00000000116c0000)]
=>0x00000000102e4000 JavaThread "C2 CompilerThread0" daemon [_thread_in_native, id=57728, stack(0x00000000114c0000,0x00000000115c0000)]
  0x00000000102df800 JavaThread "Attach Listener" daemon [_thread_blocked, id=57324, stack(0x00000000113c0000,0x00000000114c0000)]
  0x00000000102df000 JavaThread "Signal Dispatcher" daemon [_thread_blocked, id=58980, stack(0x00000000112c0000,0x00000000113c0000)]
  0x00000000102de000 JavaThread "Surrogate Locker Thread (Concurrent GC)" daemon [_thread_blocked, id=60984, stack(0x00000000111c0000,0x00000000112c0000)]
  0x00000000102a1000 JavaThread "Finalizer" daemon [_thread_blocked, id=60000, stack(0x0000000010d60000,0x0000000010e60000)]
  0x0000000010295000 JavaThread "Reference Handler" daemon [_thread_blocked, id=45996, stack(0x0000000010c60000,0x0000000010d60000)]
  0x0000000002d04800 JavaThread "Client thread" [_thread_in_native, id=57656, stack(0x0000000002c00000,0x0000000002d00000)]

Other Threads:
  0x000000001028f000 VMThread [stack: 0x0000000010b60000,0x0000000010c60000] [id=58796]
  0x0000000010346000 WatcherThread [stack: 0x00000000117c0000,0x00000000118c0000] [id=55524]

VM state:not at safepoint (normal execution)

VM Mutex/Monitor currently owned by a thread: None

Heap:
 par new generation   total 707840K, used 215037K [0x0000000640000000, 0x0000000670000000, 0x0000000670000000)
  eden space 629248K,  21% used [0x0000000640000000, 0x000000064853f490, 0x0000000666680000)
  from space 78592K, 100% used [0x000000066b340000, 0x0000000670000000, 0x0000000670000000)
  to   space 78592K,   0% used [0x0000000666680000, 0x0000000666680000, 0x000000066b340000)
 concurrent mark-sweep generation total 5505024K, used 4320226K [0x0000000670000000, 0x00000007c0000000, 0x00000007c0000000)
 Metaspace       used 308683K, capacity 321443K, committed 321640K, reserved 1312768K
  class space    used 52225K, capacity 57785K, committed 57796K, reserved 1048576K

Card table byte_map: [0x0000000005800000,0x0000000006410000] byte_map_base: 0x0000000002600000

Marking Bits: (CMSBitMap*) 0x0000000002da3468
 Bits: [0x0000000007940000, 0x000000000cd40000)

Mod Union Table: (CMSBitMap*) 0x0000000002da3528
 Bits: [0x000000000cd50000, 0x000000000cea0000)

Polling page: 0x0000000002a50000

CodeCache: size=2097152Kb used=93412Kb max_used=94478Kb free=2003739Kb
 bounds [0x000000007fff0000, 0x0000000085cc0000, 0x00000000ffff0000]
 total_blobs=23788 nmethods=22011 adapters=1685
 compilation: enabled

Compilation events (10 events):
Event: 3007.446 Thread 0x00000000102e4000 nmethod 31650 0x0000000081fd6590 code [0x0000000081fd6720, 0x0000000081fd69b0]
Event: 3007.446 Thread 0x00000000102e4000 31642       4       net.minecraft.entity.ai.attributes.AbstractAttributeMap::<init> (30 bytes)
Event: 3007.688 Thread 0x00000000102e4000 nmethod 31642 0x0000000081a51950 code [0x0000000081a51ac0, 0x0000000081a51df8]
Event: 3007.688 Thread 0x00000000102e4000 31661       4       net.minecraft.entity.EntityLiving::<init> (209 bytes)
Event: 3007.766 Thread 0x00000000102fa800 31675       2       matteroverdrive.entity.monster.EntityRangedRogueAndroidMob::<init> (41 bytes)
Event: 3007.767 Thread 0x00000000102fa800 nmethod 31675 0x00000000846d6990 code [0x00000000846d6b40, 0x00000000846d6e70]
Event: 3007.767 Thread 0x00000000102fa800 31676       2       matteroverdrive.entity.monster.EntityRangedRogueAndroidMob::setCombatTask (92 bytes)
Event: 3007.771 Thread 0x00000000102fa800 nmethod 31676 0x0000000084989910 code [0x0000000084989b40, 0x000000008498a1d0]
Event: 3007.840 Thread 0x00000000102fa800 31677       2       net.minecraft.world.gen.structure.MapGenStructure::func_175795_b (31 bytes)
Event: 3007.841 Thread 0x00000000102fa800 nmethod 31677 0x0000000084989510 code [0x0000000084989680, 0x0000000084989860]

GC Heap History (10 events):
Event: 2965.036 GC heap before
{Heap before GC invocations=242 (full 6):
 par new generation   total 707840K, used 707840K [0x0000000640000000, 0x0000000670000000, 0x0000000670000000)
  eden space 629248K, 100% used [0x0000000640000000, 0x0000000666680000, 0x0000000666680000)
  from space 78592K, 100% used [0x0000000666680000, 0x000000066b340000, 0x000000066b340000)
  to   space 78592K,   0% used [0x000000066b340000, 0x000000066b340000, 0x0000000670000000)
 concurrent mark-sweep generation total 5505024K, used 4131358K [0x0000000670000000, 0x00000007c0000000, 0x00000007c0000000)
 Metaspace       used 308199K, capacity 320953K, committed 321128K, reserved 1312768K
  class space    used 52216K, capacity 57772K, committed 57796K, reserved 1048576K
Event: 2965.196 GC heap after
Heap after GC invocations=243 (full 6):
 par new generation   total 707840K, used 78592K [0x0000000640000000, 0x0000000670000000, 0x0000000670000000)
  eden space 629248K,   0% used [0x0000000640000000, 0x0000000640000000, 0x0000000666680000)
  from space 78592K, 100% used [0x000000066b340000, 0x0000000670000000, 0x0000000670000000)
  to   space 78592K,   0% used [0x0000000666680000, 0x0000000666680000, 0x000000066b340000)
 concurrent mark-sweep generation total 5505024K, used 4131743K [0x0000000670000000, 0x00000007c0000000, 0x00000007c0000000)
 Metaspace       used 308199K, capacity 320953K, committed 321128K, reserved 1312768K
  class space    used 52216K, capacity 57772K, committed 57796K, reserved 1048576K
}
Event: 2969.777 GC heap before
{Heap before GC invocations=243 (full 6):
 par new generation   total 707840K, used 707840K [0x0000000640000000, 0x0000000670000000, 0x0000000670000000)
  eden space 629248K, 100% used [0x0000000640000000, 0x0000000666680000, 0x0000000666680000)
  from space 78592K, 100% used [0x000000066b340000, 0x0000000670000000, 0x0000000670000000)
  to   space 78592K,   0% used [0x0000000666680000, 0x0000000666680000, 0x000000066b340000)
 concurrent mark-sweep generation total 5505024K, used 4131743K [0x0000000670000000, 0x00000007c0000000, 0x00000007c0000000)
 Metaspace       used 308199K, capacity 320953K, committed 321128K, reserved 1312768K
  class space    used 52216K, capacity 57772K, committed 57796K, reserved 1048576K
Event: 2969.941 GC heap after
Heap after GC invocations=244 (full 6):
 par new generation   total 707840K, used 68468K [0x0000000640000000, 0x0000000670000000, 0x0000000670000000)
  eden space 629248K,   0% used [0x0000000640000000, 0x0000000640000000, 0x0000000666680000)
  from space 78592K,  87% used [0x0000000666680000, 0x000000066a95d028, 0x000000066b340000)
  to   space 78592K,   0% used [0x000000066b340000, 0x000000066b340000, 0x0000000670000000)
 concurrent mark-sweep generation total 5505024K, used 4131743K [0x0000000670000000, 0x00000007c0000000, 0x00000007c0000000)
 Metaspace       used 308199K, capacity 320953K, committed 321128K, reserved 1312768K
  class space    used 52216K, capacity 57772K, committed 57796K, reserved 1048576K
}
Event: 2984.600 GC heap before
{Heap before GC invocations=244 (full 6):
 par new generation   total 707840K, used 697716K [0x0000000640000000, 0x0000000670000000, 0x0000000670000000)
  eden space 629248K, 100% used [0x0000000640000000, 0x0000000666680000, 0x0000000666680000)
  from space 78592K,  87% used [0x0000000666680000, 0x000000066a95d028, 0x000000066b340000)
  to   space 78592K,   0% used [0x000000066b340000, 0x000000066b340000, 0x0000000670000000)
 concurrent mark-sweep generation total 5505024K, used 4131743K [0x0000000670000000, 0x00000007c0000000, 0x00000007c0000000)
 Metaspace       used 308278K, capacity 321025K, committed 321128K, reserved 1312768K
  class space    used 52222K, capacity 57784K, committed 57796K, reserved 1048576K
Event: 2985.505 GC heap after
Heap after GC invocations=245 (full 6):
 par new generation   total 707840K, used 78592K [0x0000000640000000, 0x0000000670000000, 0x0000000670000000)
  eden space 629248K,   0% used [0x0000000640000000, 0x0000000640000000, 0x0000000666680000)
  from space 78592K, 100% used [0x000000066b340000, 0x0000000670000000, 0x0000000670000000)
  to   space 78592K,   0% used [0x0000000666680000, 0x0000000666680000, 0x000000066b340000)
 concurrent mark-sweep generation total 5505024K, used 4241634K [0x0000000670000000, 0x00000007c0000000, 0x00000007c0000000)
 Metaspace       used 308278K, capacity 321025K, committed 321128K, reserved 1312768K
  class space    used 52222K, capacity 57784K, committed 57796K, reserved 1048576K
}
Event: 2999.083 GC heap before
{Heap before GC invocations=245 (full 6):
 par new generation   total 707840K, used 707840K [0x0000000640000000, 0x0000000670000000, 0x0000000670000000)
  eden space 629248K, 100% used [0x0000000640000000, 0x0000000666680000, 0x0000000666680000)
  from space 78592K, 100% used [0x000000066b340000, 0x0000000670000000, 0x0000000670000000)
  to   space 78592K,   0% used [0x0000000666680000, 0x0000000666680000, 0x000000066b340000)
 concurrent mark-sweep generation total 5505024K, used 4241634K [0x0000000670000000, 0x00000007c0000000, 0x00000007c0000000)
 Metaspace       used 308484K, capacity 321231K, committed 321384K, reserved 1312768K
  class space    used 52224K, capacity 57785K, committed 57796K, reserved 1048576K
Event: 2999.903 GC heap after
Heap after GC invocations=246 (full 6):
 par new generation   total 707840K, used 78592K [0x0000000640000000, 0x0000000670000000, 0x0000000670000000)
  eden space 629248K,   0% used [0x0000000640000000, 0x0000000640000000, 0x0000000666680000)
  from space 78592K, 100% used [0x0000000666680000, 0x000000066b340000, 0x000000066b340000)
  to   space 78592K,   0% used [0x000000066b340000, 0x000000066b340000, 0x0000000670000000)
 concurrent mark-sweep generation total 5505024K, used 4302240K [0x0000000670000000, 0x00000007c0000000, 0x00000007c0000000)
 Metaspace       used 308484K, capacity 321231K, committed 321384K, reserved 1312768K
  class space    used 52224K, capacity 57785K, committed 57796K, reserved 1048576K
}
Event: 3007.454 GC heap before
{Heap before GC invocations=246 (full 6):
 par new generation   total 707840K, used 707840K [0x0000000640000000, 0x0000000670000000, 0x0000000670000000)
  eden space 629248K, 100% used [0x0000000640000000, 0x0000000666680000, 0x0000000666680000)
  from space 78592K, 100% used [0x0000000666680000, 0x000000066b340000, 0x000000066b340000)
  to   space 78592K,   0% used [0x000000066b340000, 0x000000066b340000, 0x0000000670000000)
 concurrent mark-sweep generation total 5505024K, used 4302240K [0x0000000670000000, 0x00000007c0000000, 0x00000007c0000000)
 Metaspace       used 308679K, capacity 321439K, committed 321640K, reserved 1312768K
  class space    used 52225K, capacity 57785K, committed 57796K, reserved 1048576K
Event: 3007.687 GC heap after
Heap after GC invocations=247 (full 6):
 par new generation   total 707840K, used 78592K [0x0000000640000000, 0x0000000670000000, 0x0000000670000000)
  eden space 629248K,   0% used [0x0000000640000000, 0x0000000640000000, 0x0000000666680000)
  from space 78592K, 100% used [0x000000066b340000, 0x0000000670000000, 0x0000000670000000)
  to   space 78592K,   0% used [0x0000000666680000, 0x0000000666680000, 0x000000066b340000)
 concurrent mark-sweep generation total 5505024K, used 4320226K [0x0000000670000000, 0x00000007c0000000, 0x00000007c0000000)
 Metaspace       used 308679K, capacity 321439K, committed 321640K, reserved 1312768K
  class space    used 52225K, capacity 57785K, committed 57796K, reserved 1048576K
}

Deoptimization events (10 events):
Event: 2994.540 Thread 0x0000000060baa800 Uncommon trap: reason=speculate_class_check action=maybe_recompile pc=0x00000000814a6388 method=io.netty.channel.AbstractChannelHandlerContext.isNotValidPromise(Lio/netty/channel/ChannelPromise;Z)Z @ 113
Event: 2994.540 Thread 0x0000000060baa800 Uncommon trap: reason=speculate_class_check action=maybe_recompile pc=0x00000000814a6388 method=io.netty.channel.AbstractChannelHandlerContext.isNotValidPromise(Lio/netty/channel/ChannelPromise;Z)Z @ 113
Event: 2994.588 Thread 0x00000000313d3800 Uncommon trap: reason=unstable_if action=reinterpret pc=0x0000000085a21b0c method=net.minecraft.server.management.PlayerChunkMap$3.computeNext()Lnet/minecraft/world/chunk/Chunk; @ 54
Event: 2994.588 Thread 0x00000000313d3800 Uncommon trap: reason=unstable_if action=reinterpret pc=0x0000000085a1df0c method=net.minecraft.server.management.PlayerChunkMap$3.computeNext()Lnet/minecraft/world/chunk/Chunk; @ 54
Event: 2995.209 Thread 0x00000000313d3800 Uncommon trap: reason=class_check action=maybe_recompile pc=0x0000000085a03128 method=com.googlecode.cqengine.query.simple.Equal.calcHashCode()I @ 4
Event: 2996.181 Thread 0x0000000060baa800 Uncommon trap: reason=unstable_if action=reinterpret pc=0x0000000083209fec method=io.netty.channel.nio.NioEventLoop.select(Z)V @ 63
Event: 2996.181 Thread 0x00000000313d3800 Uncommon trap: reason=unstable_if action=reinterpret pc=0x0000000084ae2354 method=sun.nio.ch.WindowsSelectorImpl.wakeup()Ljava/nio/channels/Selector; @ 11
Event: 2996.249 Thread 0x00000000313d3800 Uncommon trap: reason=null_check action=make_not_entrant pc=0x000000008598b1a0 method=com.dhanantry.scapeandrunparasites.world.SRPSaveData.get(Lnet/minecraft/world/World;)Lcom/dhanantry/scapeandrunparasites/world/SRPSaveData; @ 13
Event: 2996.264 Thread 0x00000000313d3800 Uncommon trap: reason=unstable_if action=reinterpret pc=0x00000000854ca044 method=it.unimi.dsi.fastutil.longs.Long2ObjectOpenHashMap.get(J)Ljava/lang/Object; @ 108
Event: 3000.489 Thread 0x00000000313d3800 Uncommon trap: reason=predicate action=maybe_recompile pc=0x0000000083d7b488 method=net.minecraft.world.World.func_147447_a(Lnet/minecraft/util/math/Vec3d;Lnet/minecraft/util/math/Vec3d;ZZZ)Lnet/minecraft/util/math/RayTraceResult; @ 259

Internal exceptions (10 events):
Event: 3007.909 Thread 0x00000000313d3800 Implicit null exception at 0x000000008521b781 to 0x000000008521b99f
Event: 3007.909 Thread 0x00000000313d3800 Exception <a 'java/lang/NullPointerException'> (0x000000064128e300) thrown at [C:\re\workspace\8-2-build-windows-amd64-cygwin\jdk8u51\3951\hotspot\src\share\vm\runtime\sharedRuntime.cpp, line 605]
Event: 3007.929 Thread 0x00000000313d3800 Implicit null exception at 0x000000008521b781 to 0x000000008521b99f
Event: 3007.929 Thread 0x00000000313d3800 Exception <a 'java/lang/NullPointerException'> (0x00000006414ed3e8) thrown at [C:\re\workspace\8-2-build-windows-amd64-cygwin\jdk8u51\3951\hotspot\src\share\vm\runtime\sharedRuntime.cpp, line 605]
Event: 3007.952 Thread 0x00000000313d3800 Implicit null exception at 0x000000008521b781 to 0x000000008521b99f
Event: 3007.952 Thread 0x00000000313d3800 Exception <a 'java/lang/NullPointerException'> (0x0000000641799ad8) thrown at [C:\re\workspace\8-2-build-windows-amd64-cygwin\jdk8u51\3951\hotspot\src\share\vm\runtime\sharedRuntime.cpp, line 605]
Event: 3008.002 Thread 0x00000000313d3800 Implicit null exception at 0x000000008521b781 to 0x000000008521b99f
Event: 3008.002 Thread 0x00000000313d3800 Exception <a 'java/lang/NullPointerException'> (0x0000000641b52440) thrown at [C:\re\workspace\8-2-build-windows-amd64-cygwin\jdk8u51\3951\hotspot\src\share\vm\runtime\sharedRuntime.cpp, line 605]
Event: 3008.018 Thread 0x00000000313d3800 Implicit null exception at 0x000000008521b781 to 0x000000008521b99f
Event: 3008.018 Thread 0x00000000313d3800 Exception <a 'java/lang/NullPointerException'> (0x0000000641d25e50) thrown at [C:\re\workspace\8-2-build-windows-amd64-cygwin\jdk8u51\3951\hotspot\src\share\vm\runtime\sharedRuntime.cpp, line 605]

Events (10 events):
Event: 3005.700 Thread 0x00000000313d3800 DEOPT PACKING pc=0x0000000082f58440 sp=0x000000005663ef40
Event: 3005.700 Thread 0x00000000313d3800 DEOPT UNPACKING pc=0x0000000080037487 sp=0x000000005663ec60 mode 0
Event: 3006.001 Thread 0x00000000313d3800 DEOPT PACKING pc=0x0000000085753f02 sp=0x000000005663f000
Event: 3006.001 Thread 0x00000000313d3800 DEOPT UNPACKING pc=0x0000000080037487 sp=0x000000005663eda0 mode 0
Event: 3006.696 Thread 0x00000000313d3800 DEOPT PACKING pc=0x0000000085753f02 sp=0x000000005663f000
Event: 3006.696 Thread 0x00000000313d3800 DEOPT UNPACKING pc=0x0000000080037487 sp=0x000000005663eda0 mode 0
Event: 3006.948 Thread 0x00000000313d3800 DEOPT PACKING pc=0x000000008591d5c1 sp=0x000000005663ebf0
Event: 3006.949 Thread 0x00000000313d3800 DEOPT UNPACKING pc=0x0000000080037487 sp=0x000000005663e918 mode 0
Event: 3007.453 Executing VM operation: GenCollectForAllocation
Event: 3007.687 Executing VM operation: GenCollectForAllocation done


Dynamic libraries:
0x00007ff796fb0000 - 0x00007ff796fe7000 	C:\Users\Student\AppData\Local\Packages\Microsoft.4297127D64EC6_8wekyb3d8bbwe\LocalCache\Local\runtime\jre-legacy\windows-x64\jre-legacy\bin\javaw.exe
0x00007ffecf7b0000 - 0x00007ffecf9a8000 	C:\WINDOWS\SYSTEM32\ntdll.dll
0x00007ffecf090000 - 0x00007ffecf14d000 	C:\WINDOWS\System32\KERNEL32.DLL
0x00007ffecd510000 - 0x00007ffecd806000 	C:\WINDOWS\System32\KERNELBASE.dll
0x00007ffece750000 - 0x00007ffece7ff000 	C:\WINDOWS\System32\ADVAPI32.dll
0x00007ffecd970000 - 0x00007ffecda0e000 	C:\WINDOWS\System32\msvcrt.dll
0x00007ffeceb10000 - 0x00007ffecebac000 	C:\WINDOWS\System32\sechost.dll
0x00007ffece910000 - 0x00007ffecea36000 	C:\WINDOWS\System32\RPCRT4.dll
0x00007ffecda10000 - 0x00007ffecdbae000 	C:\WINDOWS\System32\USER32.dll
0x00007ffecd390000 - 0x00007ffecd3b2000 	C:\WINDOWS\System32\win32u.dll
0x00007ffece800000 - 0x00007ffece82c000 	C:\WINDOWS\System32\GDI32.dll
0x00007ffecd3f0000 - 0x00007ffecd50a000 	C:\WINDOWS\System32\gdi32full.dll
0x00007ffecd140000 - 0x00007ffecd1dd000 	C:\WINDOWS\System32\msvcp_win.dll
0x00007ffeccf00000 - 0x00007ffecd000000 	C:\WINDOWS\System32\ucrtbase.dll
0x00007ffecbfc0000 - 0x00007ffecc25a000 	C:\WINDOWS\WinSxS\amd64_microsoft.windows.common-controls_6595b64144ccf1df_6.0.19041.3636_none_60b6a03d71f818d5\COMCTL32.dll
0x00007ffecdda0000 - 0x00007ffecddd0000 	C:\WINDOWS\System32\IMM32.DLL
0x00007ffe7a9c0000 - 0x00007ffe7aa71000 	C:\Program Files\McAfee\Endpoint Security\Threat Prevention\Ips\EpMPApi.dll
0x00007ffecce90000 - 0x00007ffeccef7000 	C:\WINDOWS\System32\WINTRUST.dll
0x00007ffecd230000 - 0x00007ffecd38d000 	C:\WINDOWS\System32\CRYPT32.dll
0x00007ffecc9f0000 - 0x00007ffecca02000 	C:\WINDOWS\SYSTEM32\MSASN1.dll
0x0000000050070000 - 0x000000005007c000 	C:\Program Files\McAfee\Endpoint Security\Threat Prevention\Ips\EpMPThe.dll
0x0000000077700000 - 0x00000000777d2000 	C:\Users\Student\AppData\Local\Packages\Microsoft.4297127D64EC6_8wekyb3d8bbwe\LocalCache\Local\runtime\jre-legacy\windows-x64\jre-legacy\bin\msvcr100.dll
0x0000000074820000 - 0x00000000750a3000 	C:\Users\Student\AppData\Local\Packages\Microsoft.4297127D64EC6_8wekyb3d8bbwe\LocalCache\Local\runtime\jre-legacy\windows-x64\jre-legacy\bin\server\jvm.dll
0x00007ffecf310000 - 0x00007ffecf318000 	C:\WINDOWS\System32\PSAPI.DLL
0x00007ffec5af0000 - 0x00007ffec5af9000 	C:\WINDOWS\SYSTEM32\WSOCK32.dll
0x00007ffec3810000 - 0x00007ffec3837000 	C:\WINDOWS\SYSTEM32\WINMM.dll
0x00007ffece6c0000 - 0x00007ffece72b000 	C:\WINDOWS\System32\WS2_32.dll
0x00007ffec9fc0000 - 0x00007ffec9fca000 	C:\WINDOWS\SYSTEM32\VERSION.dll
0x0000000050060000 - 0x000000005006f000 	C:\Users\Student\AppData\Local\Packages\Microsoft.4297127D64EC6_8wekyb3d8bbwe\LocalCache\Local\runtime\jre-legacy\windows-x64\jre-legacy\bin\verify.dll
0x0000000050030000 - 0x0000000050059000 	C:\Users\Student\AppData\Local\Packages\Microsoft.4297127D64EC6_8wekyb3d8bbwe\LocalCache\Local\runtime\jre-legacy\windows-x64\jre-legacy\bin\java.dll
0x0000000050010000 - 0x0000000050026000 	C:\Users\Student\AppData\Local\Packages\Microsoft.4297127D64EC6_8wekyb3d8bbwe\LocalCache\Local\runtime\jre-legacy\windows-x64\jre-legacy\bin\zip.dll
0x00007ffecde50000 - 0x00007ffece595000 	C:\WINDOWS\System32\SHELL32.dll
0x00007ffeca150000 - 0x00007ffeca8eb000 	C:\WINDOWS\SYSTEM32\windows.storage.dll
0x00007ffecc4b0000 - 0x00007ffecc4dd000 	C:\WINDOWS\SYSTEM32\Wldp.dll
0x0000000010e60000 - 0x00000000111b4000 	C:\WINDOWS\System32\combase.dll
0x00007ffecd810000 - 0x00007ffecd8bd000 	C:\WINDOWS\System32\SHCORE.dll
0x00007ffecebb0000 - 0x00007ffecec05000 	C:\WINDOWS\System32\shlwapi.dll
0x00007ffeccdc0000 - 0x00007ffeccde5000 	C:\WINDOWS\SYSTEM32\profapi.dll
0x0000000050000000 - 0x000000005000d000 	C:\Users\Student\AppData\Local\Packages\Microsoft.4297127D64EC6_8wekyb3d8bbwe\LocalCache\Local\runtime\jre-legacy\windows-x64\jre-legacy\bin\management.dll
0x00000000776e0000 - 0x00000000776fa000 	C:\Users\Student\AppData\Local\Packages\Microsoft.4297127D64EC6_8wekyb3d8bbwe\LocalCache\Local\runtime\jre-legacy\windows-x64\jre-legacy\bin\net.dll
0x00007ffecbef0000 - 0x00007ffecbf5a000 	C:\WINDOWS\system32\mswsock.dll
0x00007ffec94d0000 - 0x00007ffec94e7000 	C:\WINDOWS\system32\napinsp.dll
0x00007ffec5a10000 - 0x00007ffec5a2b000 	C:\WINDOWS\system32\pnrpnsp.dll
0x00007ffec6930000 - 0x00007ffec6945000 	C:\WINDOWS\system32\wshbth.dll
0x00007ffec7b20000 - 0x00007ffec7b3d000 	C:\WINDOWS\system32\NLAapi.dll
0x00007ffecbaa0000 - 0x00007ffecbadb000 	C:\WINDOWS\SYSTEM32\IPHLPAPI.DLL
0x00007ffecbae0000 - 0x00007ffecbbaa000 	C:\WINDOWS\SYSTEM32\DNSAPI.dll
0x00007ffecec10000 - 0x00007ffecec18000 	C:\WINDOWS\System32\NSI.dll
0x00007ffec98a0000 - 0x00007ffec98b2000 	C:\WINDOWS\System32\winrnr.dll
0x00007ffeb3460000 - 0x00007ffeb346a000 	C:\Windows\System32\rasadhlp.dll
0x00007ffeb3f00000 - 0x00007ffeb3f80000 	C:\WINDOWS\System32\fwpuclnt.dll
0x00007ffecd3c0000 - 0x00007ffecd3e7000 	C:\WINDOWS\System32\bcrypt.dll
0x00000000776c0000 - 0x00000000776d1000 	C:\Users\Student\AppData\Local\Packages\Microsoft.4297127D64EC6_8wekyb3d8bbwe\LocalCache\Local\runtime\jre-legacy\windows-x64\jre-legacy\bin\nio.dll
0x00007ffecc8e0000 - 0x00007ffecc8f8000 	C:\WINDOWS\SYSTEM32\CRYPTSP.dll
0x00007ffecb820000 - 0x00007ffecb854000 	C:\WINDOWS\system32\rsaenh.dll
0x00007ffeccd80000 - 0x00007ffeccdae000 	C:\WINDOWS\SYSTEM32\USERENV.dll
0x00007ffecd000000 - 0x00007ffecd082000 	C:\WINDOWS\System32\bcryptprimitives.dll
0x00007ffecc380000 - 0x00007ffecc38c000 	C:\WINDOWS\SYSTEM32\CRYPTBASE.dll
0x00007ffebd150000 - 0x00007ffebd167000 	C:\WINDOWS\SYSTEM32\dhcpcsvc6.DLL
0x00007ffebd130000 - 0x00007ffebd14d000 	C:\WINDOWS\SYSTEM32\dhcpcsvc.DLL
0x00000000776a0000 - 0x00000000776b7000 	C:\Users\Student\AppData\Local\Packages\Microsoft.4297127D64EC6_8wekyb3d8bbwe\LocalCache\Local\runtime\jre-legacy\windows-x64\jre-legacy\bin\unpack.dll
0x0000000180000000 - 0x0000000180053000 	C:\Users\Student\AppData\Roaming\.minecraft\bin\b58471306101d735d9b7ffae7edb28ab97bc5635\lwjgl64.dll
0x00007ffec0bc0000 - 0x00007ffec0ce5000 	C:\WINDOWS\SYSTEM32\OPENGL32.dll
0x00007ffec0ac0000 - 0x00007ffec0aec000 	C:\WINDOWS\SYSTEM32\GLU32.dll
0x0000000077500000 - 0x0000000077698000 	C:\Users\Student\AppData\Local\Packages\Microsoft.4297127D64EC6_8wekyb3d8bbwe\LocalCache\Local\runtime\jre-legacy\windows-x64\jre-legacy\bin\awt.dll
0x00007ffecea40000 - 0x00007ffeceb0d000 	C:\WINDOWS\System32\OLEAUT32.dll
0x00007ffec9970000 - 0x00007ffec9a00000 	C:\WINDOWS\SYSTEM32\apphelp.dll
0x00007ffec69d0000 - 0x00007ffec6a7e000 	C:\WINDOWS\SYSTEM32\mscms.dll
0x00007ffec69b0000 - 0x00007ffec69c1000 	C:\WINDOWS\SYSTEM32\ColorAdapterClient.dll
0x00007ffec9f30000 - 0x00007ffec9f42000 	C:\WINDOWS\SYSTEM32\kernel.appcore.dll
0x00007ffecd8c0000 - 0x00007ffecd969000 	C:\WINDOWS\System32\clbcatq.dll
0x00007ffecd1e0000 - 0x00007ffecd22e000 	C:\WINDOWS\System32\cfgmgr32.dll
0x00007ffec9b20000 - 0x00007ffec9bbe000 	C:\WINDOWS\system32\uxtheme.dll
0x00007ffece5a0000 - 0x00007ffece6b4000 	C:\WINDOWS\System32\MSCTF.dll
0x00007ffec0760000 - 0x00007ffec0859000 	C:\WINDOWS\SYSTEM32\textinputframework.dll
0x00007ffec9110000 - 0x00007ffec946b000 	C:\WINDOWS\System32\CoreUIComponents.dll
0x00007ffec94f0000 - 0x00007ffec95e2000 	C:\WINDOWS\System32\CoreMessaging.dll
0x00007ffec7cb0000 - 0x00007ffec7e05000 	C:\WINDOWS\SYSTEM32\wintypes.dll
0x00007ffecc8a0000 - 0x00007ffecc8d3000 	C:\WINDOWS\SYSTEM32\ntmarta.dll
0x00007ffec5290000 - 0x00007ffec52bb000 	C:\WINDOWS\System32\DriverStore\FileRepository\c0368456.inf_amd64_f16f961b152ef3a8\B367348\atig6pxx.dll
0x00007ffe88c20000 - 0x00007ffe8ba0d000 	C:\WINDOWS\System32\DriverStore\FileRepository\c0368456.inf_amd64_f16f961b152ef3a8\B367348\atio6axx.dll
0x00007ffecec20000 - 0x00007ffecf08e000 	C:\WINDOWS\System32\SETUPAPI.dll
0x00007ffecdbb0000 - 0x00007ffecdcdb000 	C:\WINDOWS\System32\ole32.dll
0x00007ffeaa670000 - 0x00007ffeaa694000 	C:\WINDOWS\SYSTEM32\dxva2.dll
0x00007ffec9d20000 - 0x00007ffec9d4f000 	C:\WINDOWS\SYSTEM32\dwmapi.dll
0x00007ffebe040000 - 0x00007ffebe07c000 	C:\WINDOWS\System32\DriverStore\FileRepository\c0368456.inf_amd64_f16f961b152ef3a8\B367348\atig6txx.dll
0x00007ffeb5530000 - 0x00007ffeb56e3000 	C:\WINDOWS\SYSTEM32\atiadlxx.dll
0x00007ffec8aa0000 - 0x00007ffec8b96000 	C:\WINDOWS\SYSTEM32\PROPSYS.dll
0x00007ffeae2a0000 - 0x00007ffeae2e9000 	C:\WINDOWS\SYSTEM32\pdh.dll
0x00007ffeccbb0000 - 0x00007ffeccbe3000 	C:\WINDOWS\SYSTEM32\DEVOBJ.dll
0x00007ffec3a70000 - 0x00007ffec3aab000 	C:\WINDOWS\SYSTEM32\dxcore.dll
0x00007ffeb61d0000 - 0x00007ffeb6213000 	C:\WINDOWS\SYSTEM32\icm32.dll
0x00007ffea6c50000 - 0x00007ffea6c92000 	C:\Users\Student\AppData\Local\Temp\jna--214492645\jna7524618668803483179.dll
0x00000000774d0000 - 0x00000000774f4000 	C:\Users\Student\AppData\Local\Packages\Microsoft.4297127D64EC6_8wekyb3d8bbwe\LocalCache\Local\runtime\jre-legacy\windows-x64\jre-legacy\bin\sunec.dll
0x0000000077480000 - 0x00000000774c7000 	C:\Users\Student\AppData\Local\Packages\Microsoft.4297127D64EC6_8wekyb3d8bbwe\LocalCache\Local\runtime\jre-legacy\windows-x64\jre-legacy\bin\fontmanager.dll
0x00007ffec4650000 - 0x00007ffec481d000 	C:\WINDOWS\system32\d3d9.dll
0x00007ffec3840000 - 0x00007ffec3a1b000 	C:\WINDOWS\System32\DriverStore\FileRepository\c0368456.inf_amd64_f16f961b152ef3a8\B367348\aticfx64.dll
0x00007ffea1c10000 - 0x00007ffea1c43000 	C:\WINDOWS\System32\DriverStore\FileRepository\c0368456.inf_amd64_f16f961b152ef3a8\B367348\atiu9p64.dll
0x00007ffe6b720000 - 0x00007ffe6c47a000 	C:\WINDOWS\System32\DriverStore\FileRepository\c0368456.inf_amd64_f16f961b152ef3a8\B367348\atiumd64.dll
0x00007ffecc560000 - 0x00007ffecc744000 	C:\WINDOWS\SYSTEM32\dbghelp.dll
0x00007ffecc450000 - 0x00007ffecc484000 	C:\WINDOWS\SYSTEM32\dbgcore.DLL
0x00000000750b0000 - 0x0000000075f7b000 	C:\WINDOWS\System32\DriverStore\FileRepository\c0368456.inf_amd64_f16f961b152ef3a8\B367348\atiumd6a.dll
0x00007ffeccc40000 - 0x00007ffeccc8b000 	C:\WINDOWS\SYSTEM32\POWRPROF.dll
0x00007ffeccc10000 - 0x00007ffeccc22000 	C:\WINDOWS\SYSTEM32\UMPDC.dll
0x00007ffec17a0000 - 0x00007ffec17d0000 	C:\WINDOWS\SYSTEM32\amdihk64.dll
0x0000000077430000 - 0x0000000077472000 	C:\Users\Student\AppData\Local\Packages\Microsoft.4297127D64EC6_8wekyb3d8bbwe\LocalCache\Local\runtime\jre-legacy\windows-x64\jre-legacy\bin\t2k.dll
0x0000000018b80000 - 0x0000000018be4000 	C:\Users\Student\AppData\Roaming\.minecraft\bin\b58471306101d735d9b7ffae7edb28ab97bc5635\OpenAL64.dll
0x00007ffebd670000 - 0x00007ffebd6f5000 	C:\WINDOWS\System32\MMDevApi.dll
0x00007ffe84030000 - 0x00007ffe840cc000 	C:\WINDOWS\SYSTEM32\dsound.dll
0x00007ffeaf940000 - 0x00007ffeaf966000 	C:\WINDOWS\SYSTEM32\winmmbase.dll
0x00007ffebd700000 - 0x00007ffebd882000 	C:\WINDOWS\SYSTEM32\AUDIOSES.DLL
0x00007ffec9c20000 - 0x00007ffec9c34000 	C:\WINDOWS\SYSTEM32\resourcepolicyclient.dll
0x00007ffea6b80000 - 0x00007ffea6c35000 	C:\Program Files\Common Files\McAfee\SystemCore\mfehcinj.dll
0x00007ffe88510000 - 0x00007ffe8853e000 	C:\Program Files\McAfee\Endpoint Security\Adaptive Threat Protection\mfedeeprem64.dll
0x00007ffec6740000 - 0x00007ffec675a000 	C:\Users\Student\AppData\Roaming\.minecraft\bin\b58471306101d735d9b7ffae7edb28ab97bc5635\SAPIWrapper_x64.dll

VM Arguments:
jvm_args: -Dos.name=Windows 10 -Dos.version=10.0 -XX:HeapDumpPath=MojangTricksIntelDriversForPerformance_javaw.exe_minecraft.exe.heapdump -Djava.library.path=C:\Users\Student\AppData\Roaming\.minecraft\bin\b58471306101d735d9b7ffae7edb28ab97bc5635 -Dminecraft.launcher.brand=minecraft-launcher -Dminecraft.launcher.version=2.15.23 -Dminecraft.client.jar=C:\Users\Student\AppData\Roaming\.minecraft\versions\1.12.2-forge-14.23.5.2859\1.12.2-forge-14.23.5.2859.jar -Xmx6G -Xms6G -Xmn768m -XX:+DisableExplicitGC -XX:+UseConcMarkSweepGC -XX:+UseParNewGC -XX:+UseNUMA -XX:+CMSParallelRemarkEnabled -XX:MaxTenuringThreshold=15 -XX:MaxGCPauseMillis=30 -XX:GCPauseIntervalMillis=150 -XX:+UseAdaptiveGCBoundary -XX:-UseGCOverheadLimit -XX:+UseBiasedLocking -XX:SurvivorRatio=8 -XX:TargetSurvivorRatio=90 -XX:MaxTenuringThreshold=15 -Dfml.ignorePatchDiscrepancies=true -Dfml.ignoreInvalidMinecraftCertificates=true -XX:+UseFastAccessorMethods -XX:+UseCompressedOops -XX:+OptimizeStringConcat -XX:+AggressiveOpts -XX:ReservedCodeCacheSize=2048m -XX:+UseCodeCacheFlushing -XX:SoftRefLRUPolicyMSPerMB=10000 -XX:ParallelGCThreads=10 -XX:+AlwaysPreTouch -XX:+ParallelRefProcEnabled -XX:+PerfDisableSharedMem -XX:-UsePerfData 
java_command: net.minecraft.launchwrapper.Launch --username LogicalMaximus --version 1.12.2-forge-14.23.5.2859 --gameDir C:\Users\Student\curseforge\minecraft\Instances\Operation Con --assetsDir C:\Users\Student\AppData\Roaming\.minecraft\assets --assetIndex 1.12 --uuid f96c042cd1ef4ea1800ab30514375265 --accessToken eyJraWQiOiJhYzg0YSIsImFsZyI6IkhTMjU2In0.eyJ4dWlkIjoiMjUzNTQ1NDY1ODI0MzM3MyIsImFnZyI6IkFkdWx0Iiwic3ViIjoiZWY5NjE4YTQtNTJkYi00M2QzLTk5MDItNmJlNjE2MjU2OWM1IiwiYXV0aCI6IlhCT1giLCJucyI6ImRlZmF1bHQiLCJyb2xlcyI6W10sImlzcyI6ImF1dGhlbnRpY2F0aW9uIiwiZmxhZ3MiOlsidHdvZmFjdG9yYXV0aCIsIm1zYW1pZ3JhdGlvbl9zdGFnZTQiLCJvcmRlcnNfMjAyMiJdLCJwcm9maWxlcyI6eyJtYyI6ImY5NmMwNDJjLWQxZWYtNGVhMS04MDBhLWIzMDUxNDM3NTI2NSJ9LCJwbGF0Zm9ybSI6Ik9ORVNUT1JFIiwieXVpZCI6IjAwMmI0ZGEwMDk5NmI3OTE5MjhmMjU1MzIyM2JhZWE3IiwibmJmIjoxNzA0Mjk2MDk2LCJleHAiOjE3MDQzODI0OTYsImlhdCI6MTcwNDI5NjA5Nn0.99vgf3pdW4dIbjDLZeYfg-jfH1XIfYBIEJV6A_-u_TM --userType msa --tweakClass net.minecraftforge.fml.common.launcher.FMLTweaker --versionType Forge
java_class_path (initial): C:\Users\Student\AppData\Roaming\.minecraft\libraries\net\minecraftforge\forge\1.12.2-14.23.5.2859\forge-1.12.2-14.23.5.2859.jar;C:\Users\Student\AppData\Roaming\.minecraft\libraries\org\ow2\asm\asm-debug-all\5.2\asm-debug-all-5.2.jar;C:\Users\Student\AppData\Roaming\.minecraft\libraries\net\minecraft\launchwrapper\1.12\launchwrapper-1.12.jar;C:\Users\Student\AppData\Roaming\.minecraft\libraries\org\jline\jline\3.5.1\jline-3.5.1.jar;C:\Users\Student\AppData\Roaming\.minecraft\libraries\com\typesafe\akka\akka-actor_2.11\2.3.3\akka-actor_2.11-2.3.3.jar;C:\Users\Student\AppData\Roaming\.minecraft\libraries\com\typesafe\config\1.2.1\config-1.2.1.jar;C:\Users\Student\AppData\Roaming\.minecraft\libraries\org\scala-lang\scala-actors-migration_2.11\1.1.0\scala-actors-migration_2.11-1.1.0.jar;C:\Users\Student\AppData\Roaming\.minecraft\libraries\org\scala-lang\scala-compiler\2.11.1\scala-compiler-2.11.1.jar;C:\Users\Student\AppData\Roaming\.minecraft\libraries\org\scala-lang\plugins\scala-continuations-library_2.11\1.0.2_mc\scala-continuations-library_2.11-1.0.2_mc.jar;C:\Users\Student\AppData\Roaming\.minecraft\libraries\org\scala-lang\plugins\scala-continuations-plugin_2.11.1\1.0.2_mc\scala-continuations-plugin_2.11.1-1.0.2_mc.jar;C:\Users\Student\AppData\Roaming\.minecraft\libraries\org\scala-lang\scala-library\2.11.1\scala-library-2.11.1.jar;C:\Users\Student\AppData\Roaming\.minecraft\libraries\org\scala-lang\scala-parser-combinators_2.11\1.0.1\scala-parser-combinators_2.11-1.0.1.jar;C:\Users\Student\AppData\Roaming\.minecraft\libraries\org\scala-lang\scala-reflect\2.11.1\scala-reflect-2.11.1.jar;C:\Users\Student\AppData\Roaming\.minecraft\libraries\org\scala-lang\scala-swing_2.11\1.0.1\scala-swing_2.11-1.0.1.jar;C:\Users\Student\AppData\Roaming\.minecraft\libraries\org\scala-lang\scala-xml_2.11\1.0.2\scala-xml_2.11-1.0.2.jar;C:\Users\Student\AppData\Roaming\.minecraft\libraries\lzma\lzma\0.0.1\lzma-0.0.1.jar;C:\Users\Student\AppData\Roaming\
Launcher Type: SUN_STANDARD

Environment Variables:
PATH=C:\Program Files (x86)\Common Files\Oracle\Java\javapath;C:\WINDOWS\system32;C:\WINDOWS;C:\WINDOWS\System32\Wbem;C:\WINDOWS\System32\WindowsPowerShell\v1.0\;C:\WINDOWS\System32\OpenSSH\;C:\Program Files\dotnet\;C:\Program Files (x86)\HP\Common\HPDestPlgIn\;C:\Program Files\WindowsPowerShell\Scripts\HP.ClientScriptLibrary;C:\Program Files\Process Lasso\;C:\Users\Student\AppData\Local\Microsoft\WindowsApps;C:\Program Files\JetBrains\IntelliJ IDEA Community Edition 2023.3.1\bin
USERNAME=Student
OS=Windows_NT
PROCESSOR_IDENTIFIER=AMD64 Family 21 Model 112 Stepping 0, AuthenticAMD



---------------  S Y S T E M  ---------------

OS: Windows 10.0 , 64 bit Build 19041 (10.0.19041.3636)

CPU:total 2 (2 cores per cpu, 1 threads per core) family 21 model 112 stepping 0, cmov, cx8, fxsr, mmx, sse, sse2, sse3, ssse3, sse4.1, sse4.2, popcnt, avx, avx2, aes, clmul, mmxext, 3dnowpref, lzcnt, sse4a, tsc, tscinvbit, tscinv, bmi1

Memory: 4k page, physical 7829176k(595772k free), swap 16021176k(7372k free)

vm_info: Java HotSpot(TM) 64-Bit Server VM (25.51-b03) for windows-amd64 JRE (1.8.0_51-b16), built on Jun  8 2015 18:03:07 by "java_re" with MS VC++ 10.0 (VS2010)

time: Wed Jan 03 10:48:10 2024
elapsed time: 3010 seconds (0d 0h 50m 10s)

