#
# There is insufficient memory for the Java Runtime Environment to continue.
# Native memory allocation (malloc) failed to allocate 1637296 bytes for Chunk::new
# Possible reasons:
#   The system is out of physical RAM or swap space
#   In 32 bit mode, the process size limit was hit
# Possible solutions:
#   Reduce memory load on the system
#   Increase physical memory or swap space
#   Check if swap backing store is full
#   Use 64 bit Java on a 64 bit OS
#   Decrease Java heap size (-Xmx/-Xms)
#   Decrease number of Java threads
#   Decrease Java thread stack sizes (-Xss)
#   Set larger code cache with -XX:ReservedCodeCacheSize=
# This output file may be truncated or incomplete.
#
#  Out of Memory Error (allocation.cpp:390), pid=35916, tid=58616
#
# JRE version: Java(TM) SE Runtime Environment (8.0_51-b16) (build 1.8.0_51-b16)
# Java VM: Java HotSpot(TM) 64-Bit Server VM (25.51-b03 mixed mode windows-amd64 compressed oops)
# Failed to write core dump. Minidumps are not enabled by default on client versions of Windows
#

---------------  T H R E A D  ---------------

Current thread (0x00000000100a3000):  JavaThread "C2 CompilerThread0" daemon [_thread_in_native, id=58616, stack(0x0000000010f20000,0x0000000011020000)]

Stack: [0x0000000010f20000,0x0000000011020000]
Native frames: (J=compiled Java code, j=interpreted, Vv=VM code, C=native code)
V  [jvm.dll+0x32b4ca]
V  [jvm.dll+0x2797e3]
V  [jvm.dll+0x27a479]
V  [jvm.dll+0x271765]
V  [jvm.dll+0xcba02]
V  [jvm.dll+0xcbecc]
V  [jvm.dll+0x476f72]
V  [jvm.dll+0x4b95ff]
V  [jvm.dll+0x46c011]
V  [jvm.dll+0x46cd4e]
V  [jvm.dll+0x4501a2]
V  [jvm.dll+0xa43a2]
V  [jvm.dll+0xa4cdf]
V  [jvm.dll+0x2418a4]
V  [jvm.dll+0x29846a]
C  [msvcr100.dll+0x21d9f]
C  [msvcr100.dll+0x21e3b]
C  [KERNEL32.DLL+0x17344]
C  [ntdll.dll+0x526b1]


Current CompileTask:
C2:1137775 19552       4       java.util.AbstractCollection::contains (55 bytes)


---------------  P R O C E S S  ---------------

Java Threads: ( => current thread )
  0x0000000025c81000 JavaThread "Thread-11" [_thread_blocked, id=43672, stack(0x00000000431b0000,0x00000000432b0000)]
  0x0000000025c84000 JavaThread "Thread-10" [_thread_blocked, id=59092, stack(0x0000000042eb0000,0x0000000042fb0000)]
  0x0000000030168800 JavaThread "pool-3-thread-1" [_thread_blocked, id=59592, stack(0x000000003d8e0000,0x000000003d9e0000)]
  0x000000003016b800 JavaThread "Thread-8" [_thread_blocked, id=58812, stack(0x0000000015f30000,0x0000000016030000)]
  0x0000000030167800 JavaThread "AWT-Windows" daemon [_thread_in_native, id=41744, stack(0x0000000037f00000,0x0000000038000000)]
  0x000000001726b800 JavaThread "LWJGL Timer" daemon [_thread_blocked, id=57968, stack(0x000000001deb0000,0x000000001dfb0000)]
  0x0000000013c31000 JavaThread "Thread-3" [_thread_in_native, id=58508, stack(0x000000001ddb0000,0x000000001deb0000)]
  0x0000000014515000 JavaThread "Java2D Disposer" daemon [_thread_blocked, id=57892, stack(0x0000000018240000,0x0000000018340000)]
  0x00000000169a2800 JavaThread "Timer hack thread" daemon [_thread_blocked, id=55964, stack(0x0000000017d20000,0x0000000017e20000)]
  0x0000000013b20800 JavaThread "Snooper Timer" daemon [_thread_blocked, id=60080, stack(0x0000000011b20000,0x0000000011c20000)]
  0x00000000100fa000 JavaThread "Service Thread" daemon [_thread_blocked, id=51360, stack(0x0000000011120000,0x0000000011220000)]
  0x00000000100aa000 JavaThread "C1 CompilerThread1" daemon [_thread_blocked, id=61016, stack(0x0000000011020000,0x0000000011120000)]
=>0x00000000100a3000 JavaThread "C2 CompilerThread0" daemon [_thread_in_native, id=58616, stack(0x0000000010f20000,0x0000000011020000)]
  0x000000001009f000 JavaThread "Attach Listener" daemon [_thread_blocked, id=58180, stack(0x0000000010e20000,0x0000000010f20000)]
  0x000000001009e000 JavaThread "Signal Dispatcher" daemon [_thread_blocked, id=61352, stack(0x0000000010d20000,0x0000000010e20000)]
  0x000000001009d800 JavaThread "Surrogate Locker Thread (Concurrent GC)" daemon [_thread_blocked, id=58996, stack(0x0000000010c20000,0x0000000010d20000)]
  0x0000000010060800 JavaThread "Finalizer" daemon [_thread_blocked, id=54268, stack(0x0000000010b20000,0x0000000010c20000)]
  0x0000000010054800 JavaThread "Reference Handler" daemon [_thread_blocked, id=60196, stack(0x0000000010a20000,0x0000000010b20000)]
  0x0000000002ad4800 JavaThread "Client thread" [_thread_in_Java, id=43668, stack(0x00000000029d0000,0x0000000002ad0000)]

Other Threads:
  0x000000001004e000 VMThread [stack: 0x0000000010920000,0x0000000010a20000] [id=50824]
  0x0000000010102800 WatcherThread [stack: 0x0000000011220000,0x0000000011320000] [id=59848]

VM state:not at safepoint (normal execution)

VM Mutex/Monitor currently owned by a thread: None

Heap:
 par new generation   total 707840K, used 166474K [0x0000000640000000, 0x0000000670000000, 0x0000000670000000)
  eden space 629248K,  13% used [0x0000000640000000, 0x00000006455d2aa0, 0x0000000666680000)
  from space 78592K, 100% used [0x0000000666680000, 0x000000066b340000, 0x000000066b340000)
  to   space 78592K,   0% used [0x000000066b340000, 0x000000066b340000, 0x0000000670000000)
 concurrent mark-sweep generation total 5505024K, used 3618579K [0x0000000670000000, 0x00000007c0000000, 0x00000007c0000000)
 Metaspace       used 270765K, capacity 281333K, committed 281568K, reserved 1277952K
  class space    used 47875K, capacity 52992K, committed 53040K, reserved 1048576K

Card table byte_map: [0x00000000055d0000,0x00000000061e0000] byte_map_base: 0x00000000023d0000

Marking Bits: (CMSBitMap*) 0x0000000002b73588
 Bits: [0x0000000007710000, 0x000000000cb10000)

Mod Union Table: (CMSBitMap*) 0x0000000002b73648
 Bits: [0x000000000cb20000, 0x000000000cc70000)

Polling page: 0x0000000000c90000

CodeCache: size=2097152Kb used=64959Kb max_used=64959Kb free=2032192Kb
 bounds [0x000000007fff0000, 0x0000000083fa0000, 0x00000000ffff0000]
 total_blobs=16448 nmethods=14900 adapters=1459
 compilation: enabled

Compilation events (10 events):
Event: 1137.532 Thread 0x00000000100aa000 19590       2       it.unimi.dsi.fastutil.ints.Int2ObjectOpenHashMap::rehash (174 bytes)
Event: 1137.536 Thread 0x00000000100aa000 nmethod 19590 0x0000000083f90310 code [0x0000000083f90500, 0x0000000083f90c30]
Event: 1137.571 Thread 0x00000000100aa000 19592       2       crazypants.enderio.base.recipe.lookup.ItemRecipeNode::<init> (28 bytes)
Event: 1137.571 Thread 0x00000000100aa000 nmethod 19592 0x0000000083f91250 code [0x0000000083f913e0, 0x0000000083f91670]
Event: 1137.572 Thread 0x00000000100aa000 19593       2       crazypants.enderio.base.recipe.lookup.TriItemLookup::makeNode2 (8 bytes)
Event: 1137.573 Thread 0x00000000100aa000 nmethod 19593 0x0000000083f91750 code [0x0000000083f918e0, 0x0000000083f91bd0]
Event: 1137.647 Thread 0x00000000100aa000 19597 %     3       it.unimi.dsi.fastutil.ints.Int2ObjectOpenHashMap::rehash @ 45 (174 bytes)
Event: 1137.652 Thread 0x00000000100aa000 nmethod 19597% 0x0000000083f91d10 code [0x0000000083f91f60, 0x0000000083f92d10]
Event: 1137.668 Thread 0x00000000100aa000 19598       3       it.unimi.dsi.fastutil.ints.Int2ObjectOpenHashMap::rehash (174 bytes)
Event: 1137.673 Thread 0x00000000100aa000 nmethod 19598 0x0000000083f93650 code [0x0000000083f938a0, 0x0000000083f94510]

GC Heap History (10 events):
Event: 1107.475 GC heap before
{Heap before GC invocations=141 (full 5):
 par new generation   total 707840K, used 707840K [0x0000000640000000, 0x0000000670000000, 0x0000000670000000)
  eden space 629248K, 100% used [0x0000000640000000, 0x0000000666680000, 0x0000000666680000)
  from space 78592K, 100% used [0x000000066b340000, 0x0000000670000000, 0x0000000670000000)
  to   space 78592K,   0% used [0x0000000666680000, 0x0000000666680000, 0x000000066b340000)
 concurrent mark-sweep generation total 5505024K, used 3576672K [0x0000000670000000, 0x00000007c0000000, 0x00000007c0000000)
 Metaspace       used 267369K, capacity 277759K, committed 278112K, reserved 1275904K
  class space    used 47461K, capacity 52541K, committed 52656K, reserved 1048576K
Event: 1107.687 GC heap after
Heap after GC invocations=142 (full 5):
 par new generation   total 707840K, used 78592K [0x0000000640000000, 0x0000000670000000, 0x0000000670000000)
  eden space 629248K,   0% used [0x0000000640000000, 0x0000000640000000, 0x0000000666680000)
  from space 78592K, 100% used [0x0000000666680000, 0x000000066b340000, 0x000000066b340000)
  to   space 78592K,   0% used [0x000000066b340000, 0x000000066b340000, 0x0000000670000000)
 concurrent mark-sweep generation total 5505024K, used 3580560K [0x0000000670000000, 0x00000007c0000000, 0x00000007c0000000)
 Metaspace       used 267369K, capacity 277759K, committed 278112K, reserved 1275904K
  class space    used 47461K, capacity 52541K, committed 52656K, reserved 1048576K
}
Event: 1115.647 GC heap before
{Heap before GC invocations=142 (full 5):
 par new generation   total 707840K, used 707840K [0x0000000640000000, 0x0000000670000000, 0x0000000670000000)
  eden space 629248K, 100% used [0x0000000640000000, 0x0000000666680000, 0x0000000666680000)
  from space 78592K, 100% used [0x0000000666680000, 0x000000066b340000, 0x000000066b340000)
  to   space 78592K,   0% used [0x000000066b340000, 0x000000066b340000, 0x0000000670000000)
 concurrent mark-sweep generation total 5505024K, used 3580560K [0x0000000670000000, 0x00000007c0000000, 0x00000007c0000000)
 Metaspace       used 269614K, capacity 280041K, committed 280160K, reserved 1275904K
  class space    used 47738K, capacity 52852K, committed 52912K, reserved 1048576K
Event: 1115.944 GC heap after
Heap after GC invocations=143 (full 5):
 par new generation   total 707840K, used 78592K [0x0000000640000000, 0x0000000670000000, 0x0000000670000000)
  eden space 629248K,   0% used [0x0000000640000000, 0x0000000640000000, 0x0000000666680000)
  from space 78592K, 100% used [0x000000066b340000, 0x0000000670000000, 0x0000000670000000)
  to   space 78592K,   0% used [0x0000000666680000, 0x0000000666680000, 0x000000066b340000)
 concurrent mark-sweep generation total 5505024K, used 3598442K [0x0000000670000000, 0x00000007c0000000, 0x00000007c0000000)
 Metaspace       used 269614K, capacity 280041K, committed 280160K, reserved 1275904K
  class space    used 47738K, capacity 52852K, committed 52912K, reserved 1048576K
}
Event: 1124.269 GC heap before
{Heap before GC invocations=143 (full 5):
 par new generation   total 707840K, used 707840K [0x0000000640000000, 0x0000000670000000, 0x0000000670000000)
  eden space 629248K, 100% used [0x0000000640000000, 0x0000000666680000, 0x0000000666680000)
  from space 78592K, 100% used [0x000000066b340000, 0x0000000670000000, 0x0000000670000000)
  to   space 78592K,   0% used [0x0000000666680000, 0x0000000666680000, 0x000000066b340000)
 concurrent mark-sweep generation total 5505024K, used 3598442K [0x0000000670000000, 0x00000007c0000000, 0x00000007c0000000)
 Metaspace       used 269617K, capacity 280041K, committed 280160K, reserved 1275904K
  class space    used 47738K, capacity 52852K, committed 52912K, reserved 1048576K
Event: 1124.473 GC heap after
Heap after GC invocations=144 (full 5):
 par new generation   total 707840K, used 78592K [0x0000000640000000, 0x0000000670000000, 0x0000000670000000)
  eden space 629248K,   0% used [0x0000000640000000, 0x0000000640000000, 0x0000000666680000)
  from space 78592K, 100% used [0x0000000666680000, 0x000000066b340000, 0x000000066b340000)
  to   space 78592K,   0% used [0x000000066b340000, 0x000000066b340000, 0x0000000670000000)
 concurrent mark-sweep generation total 5505024K, used 3601794K [0x0000000670000000, 0x00000007c0000000, 0x00000007c0000000)
 Metaspace       used 269617K, capacity 280041K, committed 280160K, reserved 1275904K
  class space    used 47738K, capacity 52852K, committed 52912K, reserved 1048576K
}
Event: 1128.715 GC heap before
{Heap before GC invocations=144 (full 5):
 par new generation   total 707840K, used 707840K [0x0000000640000000, 0x0000000670000000, 0x0000000670000000)
  eden space 629248K, 100% used [0x0000000640000000, 0x0000000666680000, 0x0000000666680000)
  from space 78592K, 100% used [0x0000000666680000, 0x000000066b340000, 0x000000066b340000)
  to   space 78592K,   0% used [0x000000066b340000, 0x000000066b340000, 0x0000000670000000)
 concurrent mark-sweep generation total 5505024K, used 3601794K [0x0000000670000000, 0x00000007c0000000, 0x00000007c0000000)
 Metaspace       used 269634K, capacity 280041K, committed 280160K, reserved 1275904K
  class space    used 47738K, capacity 52852K, committed 52912K, reserved 1048576K
Event: 1128.921 GC heap after
Heap after GC invocations=145 (full 5):
 par new generation   total 707840K, used 78592K [0x0000000640000000, 0x0000000670000000, 0x0000000670000000)
  eden space 629248K,   0% used [0x0000000640000000, 0x0000000640000000, 0x0000000666680000)
  from space 78592K, 100% used [0x000000066b340000, 0x0000000670000000, 0x0000000670000000)
  to   space 78592K,   0% used [0x0000000666680000, 0x0000000666680000, 0x000000066b340000)
 concurrent mark-sweep generation total 5505024K, used 3603222K [0x0000000670000000, 0x00000007c0000000, 0x00000007c0000000)
 Metaspace       used 269634K, capacity 280041K, committed 280160K, reserved 1275904K
  class space    used 47738K, capacity 52852K, committed 52912K, reserved 1048576K
}
Event: 1136.673 GC heap before
{Heap before GC invocations=145 (full 5):
 par new generation   total 707840K, used 707840K [0x0000000640000000, 0x0000000670000000, 0x0000000670000000)
  eden space 629248K, 100% used [0x0000000640000000, 0x0000000666680000, 0x0000000666680000)
  from space 78592K, 100% used [0x000000066b340000, 0x0000000670000000, 0x0000000670000000)
  to   space 78592K,   0% used [0x0000000666680000, 0x0000000666680000, 0x000000066b340000)
 concurrent mark-sweep generation total 5505024K, used 3603222K [0x0000000670000000, 0x00000007c0000000, 0x00000007c0000000)
 Metaspace       used 270654K, capacity 281199K, committed 281312K, reserved 1277952K
  class space    used 47858K, capacity 52977K, committed 53040K, reserved 1048576K
Event: 1136.984 GC heap after
Heap after GC invocations=146 (full 5):
 par new generation   total 707840K, used 78592K [0x0000000640000000, 0x0000000670000000, 0x0000000670000000)
  eden space 629248K,   0% used [0x0000000640000000, 0x0000000640000000, 0x0000000666680000)
  from space 78592K, 100% used [0x0000000666680000, 0x000000066b340000, 0x000000066b340000)
  to   space 78592K,   0% used [0x000000066b340000, 0x000000066b340000, 0x0000000670000000)
 concurrent mark-sweep generation total 5505024K, used 3618579K [0x0000000670000000, 0x00000007c0000000, 0x00000007c0000000)
 Metaspace       used 270654K, capacity 281199K, committed 281312K, reserved 1277952K
  class space    used 47858K, capacity 52977K, committed 53040K, reserved 1048576K
}

Deoptimization events (10 events):
Event: 1136.502 Thread 0x0000000002ad4800 Uncommon trap: reason=class_check action=maybe_recompile pc=0x0000000081aad204 method=java.util.regex.Pattern$7.isSatisfiedBy(I)Z @ 5
Event: 1136.502 Thread 0x0000000002ad4800 Uncommon trap: reason=class_check action=maybe_recompile pc=0x0000000081aad204 method=java.util.regex.Pattern$7.isSatisfiedBy(I)Z @ 5
Event: 1136.502 Thread 0x0000000002ad4800 Uncommon trap: reason=class_check action=maybe_recompile pc=0x0000000081aad204 method=java.util.regex.Pattern$7.isSatisfiedBy(I)Z @ 5
Event: 1136.502 Thread 0x0000000002ad4800 Uncommon trap: reason=unstable_if action=reinterpret pc=0x00000000811198c0 method=java.util.regex.Pattern.atom()Ljava/util/regex/Pattern$Node; @ 130
Event: 1136.987 Thread 0x0000000002ad4800 Uncommon trap: reason=class_check action=maybe_recompile pc=0x000000008035cabc method=org.objectweb.asm.signature.SignatureReader.parseType(Ljava/lang/String;ILorg/objectweb/asm/signature/SignatureVisitor;)I @ 375
Event: 1137.239 Thread 0x0000000002ad4800 Uncommon trap: reason=class_check action=maybe_recompile pc=0x0000000083eb7a38 method=com.enderio.core.common.util.stackable.Things.add(Lcom/enderio/core/common/util/stackable/IThing;)V @ 11
Event: 1137.239 Thread 0x0000000002ad4800 Uncommon trap: reason=class_check action=maybe_recompile pc=0x0000000083eb7a38 method=com.enderio.core.common.util.stackable.Things.add(Lcom/enderio/core/common/util/stackable/IThing;)V @ 11
Event: 1137.239 Thread 0x0000000002ad4800 Uncommon trap: reason=class_check action=maybe_recompile pc=0x0000000083eb7a38 method=com.enderio.core.common.util.stackable.Things.add(Lcom/enderio/core/common/util/stackable/IThing;)V @ 11
Event: 1137.288 Thread 0x0000000002ad4800 Uncommon trap: reason=unstable_if action=reinterpret pc=0x0000000083e4467c method=com.enderio.core.common.util.NullHelper.first(Ljava/lang/Object;[Ljava/util/function/Supplier;)Ljava/lang/Object; @ 1
Event: 1137.417 Thread 0x0000000002ad4800 Uncommon trap: reason=unstable_if action=reinterpret pc=0x00000000836055e0 method=net.minecraft.item.ItemStack.func_190916_E()I @ 4

Internal exceptions (10 events):
Event: 1129.745 Thread 0x0000000002ad4800 Exception <a 'java/lang/NullPointerException'> (0x000000064d10cbc8) thrown at [C:\re\workspace\8-2-build-windows-amd64-cygwin\jdk8u51\3951\hotspot\src\share\vm\runtime\sharedRuntime.cpp, line 605]
Event: 1129.745 Thread 0x0000000002ad4800 Implicit null exception at 0x0000000083cf0e61 to 0x0000000083cf30bd
Event: 1129.745 Thread 0x0000000002ad4800 Exception <a 'java/lang/NullPointerException'> (0x000000064d10ead8) thrown at [C:\re\workspace\8-2-build-windows-amd64-cygwin\jdk8u51\3951\hotspot\src\share\vm\runtime\sharedRuntime.cpp, line 605]
Event: 1129.745 Thread 0x0000000002ad4800 Implicit null exception at 0x0000000083cf53a1 to 0x0000000083cf75fd
Event: 1129.746 Thread 0x0000000002ad4800 Exception <a 'java/lang/NullPointerException'> (0x000000064d10ee78) thrown at [C:\re\workspace\8-2-build-windows-amd64-cygwin\jdk8u51\3951\hotspot\src\share\vm\runtime\sharedRuntime.cpp, line 605]
Event: 1129.746 Thread 0x0000000002ad4800 Implicit null exception at 0x0000000083cf0e61 to 0x0000000083cf30bd
Event: 1129.746 Thread 0x0000000002ad4800 Exception <a 'java/lang/NullPointerException'> (0x000000064d110718) thrown at [C:\re\workspace\8-2-build-windows-amd64-cygwin\jdk8u51\3951\hotspot\src\share\vm\runtime\sharedRuntime.cpp, line 605]
Event: 1129.746 Thread 0x0000000002ad4800 Implicit null exception at 0x0000000083ccb121 to 0x0000000083ccd37d
Event: 1129.746 Thread 0x0000000002ad4800 Exception <a 'java/lang/NullPointerException'> (0x000000064d1113b0) thrown at [C:\re\workspace\8-2-build-windows-amd64-cygwin\jdk8u51\3951\hotspot\src\share\vm\runtime\sharedRuntime.cpp, line 605]
Event: 1131.713 Thread 0x0000000002ad4800 Implicit null exception at 0x0000000083db6c25 to 0x0000000083db58ad

Events (10 events):
Event: 1137.302 loading class crazypants/enderio/base/recipe/RecipeInput done
Event: 1137.324 loading class crazypants/enderio/base/recipe/alloysmelter/AlloyRecipeManager$Tuple
Event: 1137.324 loading class crazypants/enderio/base/recipe/alloysmelter/AlloyRecipeManager$Tuple done
Event: 1137.417 Thread 0x0000000002ad4800 Uncommon trap: trap_request=0xffffff65 fr.pc=0x00000000836055e0
Event: 1137.417 Thread 0x0000000002ad4800 DEOPT PACKING pc=0x00000000836055e0 sp=0x0000000002acc390
Event: 1137.417 Thread 0x0000000002ad4800 DEOPT UNPACKING pc=0x0000000080035832 sp=0x0000000002acc338 mode 2
Event: 1137.495 loading class crazypants/enderio/base/recipe/lookup/TriItemLookup
Event: 1137.495 loading class crazypants/enderio/base/recipe/lookup/TriItemLookup done
Event: 1137.673 Thread 0x0000000002ad4800 DEOPT PACKING pc=0x0000000083f90af5 sp=0x0000000002acbfe0
Event: 1137.673 Thread 0x0000000002ad4800 DEOPT UNPACKING pc=0x0000000080037487 sp=0x0000000002acbd70 mode 0


Dynamic libraries:
0x00007ff796fb0000 - 0x00007ff796fe7000 	C:\Users\Student\AppData\Local\Packages\Microsoft.4297127D64EC6_8wekyb3d8bbwe\LocalCache\Local\runtime\jre-legacy\windows-x64\jre-legacy\bin\javaw.exe
0x00007ffecf7b0000 - 0x00007ffecf9a8000 	C:\WINDOWS\SYSTEM32\ntdll.dll
0x00007ffecf090000 - 0x00007ffecf14d000 	C:\WINDOWS\System32\KERNEL32.DLL
0x00007ffecd510000 - 0x00007ffecd806000 	C:\WINDOWS\System32\KERNELBASE.dll
0x00007ffece750000 - 0x00007ffece7ff000 	C:\WINDOWS\System32\ADVAPI32.dll
0x00007ffecd970000 - 0x00007ffecda0e000 	C:\WINDOWS\System32\msvcrt.dll
0x00007ffeceb10000 - 0x00007ffecebac000 	C:\WINDOWS\System32\sechost.dll
0x00007ffece910000 - 0x00007ffecea36000 	C:\WINDOWS\System32\RPCRT4.dll
0x00007ffecda10000 - 0x00007ffecdbae000 	C:\WINDOWS\System32\USER32.dll
0x00007ffecd390000 - 0x00007ffecd3b2000 	C:\WINDOWS\System32\win32u.dll
0x00007ffece800000 - 0x00007ffece82c000 	C:\WINDOWS\System32\GDI32.dll
0x00007ffecd3f0000 - 0x00007ffecd50a000 	C:\WINDOWS\System32\gdi32full.dll
0x00007ffecd140000 - 0x00007ffecd1dd000 	C:\WINDOWS\System32\msvcp_win.dll
0x00007ffeccf00000 - 0x00007ffecd000000 	C:\WINDOWS\System32\ucrtbase.dll
0x00007ffecbfc0000 - 0x00007ffecc25a000 	C:\WINDOWS\WinSxS\amd64_microsoft.windows.common-controls_6595b64144ccf1df_6.0.19041.3636_none_60b6a03d71f818d5\COMCTL32.dll
0x00007ffecdda0000 - 0x00007ffecddd0000 	C:\WINDOWS\System32\IMM32.DLL
0x00007ffe7a9c0000 - 0x00007ffe7aa71000 	C:\Program Files\McAfee\Endpoint Security\Threat Prevention\Ips\EpMPApi.dll
0x00007ffecce90000 - 0x00007ffeccef7000 	C:\WINDOWS\System32\WINTRUST.dll
0x00007ffecd230000 - 0x00007ffecd38d000 	C:\WINDOWS\System32\CRYPT32.dll
0x00007ffecc9f0000 - 0x00007ffecca02000 	C:\WINDOWS\SYSTEM32\MSASN1.dll
0x0000000050070000 - 0x000000005007c000 	C:\Program Files\McAfee\Endpoint Security\Threat Prevention\Ips\EpMPThe.dll
0x00007ffea6b80000 - 0x00007ffea6c35000 	C:\Program Files\Common Files\McAfee\SystemCore\mfehcinj.dll
0x00007ffe88510000 - 0x00007ffe8853e000 	C:\Program Files\McAfee\Endpoint Security\Adaptive Threat Protection\mfedeeprem64.dll
0x00007ffecdbb0000 - 0x00007ffecdcdb000 	C:\WINDOWS\System32\ole32.dll
0x00007ffecea40000 - 0x00007ffeceb0d000 	C:\WINDOWS\System32\OLEAUT32.dll
0x0000000002520000 - 0x0000000002874000 	C:\WINDOWS\System32\combase.dll
0x0000000077700000 - 0x00000000777d2000 	C:\Users\Student\AppData\Local\Packages\Microsoft.4297127D64EC6_8wekyb3d8bbwe\LocalCache\Local\runtime\jre-legacy\windows-x64\jre-legacy\bin\msvcr100.dll
0x0000000073fc0000 - 0x0000000074843000 	C:\Users\Student\AppData\Local\Packages\Microsoft.4297127D64EC6_8wekyb3d8bbwe\LocalCache\Local\runtime\jre-legacy\windows-x64\jre-legacy\bin\server\jvm.dll
0x00007ffecf310000 - 0x00007ffecf318000 	C:\WINDOWS\System32\PSAPI.DLL
0x00007ffec5af0000 - 0x00007ffec5af9000 	C:\WINDOWS\SYSTEM32\WSOCK32.dll
0x00007ffece6c0000 - 0x00007ffece72b000 	C:\WINDOWS\System32\WS2_32.dll
0x00007ffec3810000 - 0x00007ffec3837000 	C:\WINDOWS\SYSTEM32\WINMM.dll
0x00007ffec9fc0000 - 0x00007ffec9fca000 	C:\WINDOWS\SYSTEM32\VERSION.dll
0x0000000050060000 - 0x000000005006f000 	C:\Users\Student\AppData\Local\Packages\Microsoft.4297127D64EC6_8wekyb3d8bbwe\LocalCache\Local\runtime\jre-legacy\windows-x64\jre-legacy\bin\verify.dll
0x0000000050030000 - 0x0000000050059000 	C:\Users\Student\AppData\Local\Packages\Microsoft.4297127D64EC6_8wekyb3d8bbwe\LocalCache\Local\runtime\jre-legacy\windows-x64\jre-legacy\bin\java.dll
0x0000000050010000 - 0x0000000050026000 	C:\Users\Student\AppData\Local\Packages\Microsoft.4297127D64EC6_8wekyb3d8bbwe\LocalCache\Local\runtime\jre-legacy\windows-x64\jre-legacy\bin\zip.dll
0x00007ffecde50000 - 0x00007ffece595000 	C:\WINDOWS\System32\SHELL32.dll
0x00007ffeca150000 - 0x00007ffeca8eb000 	C:\WINDOWS\SYSTEM32\windows.storage.dll
0x00007ffecc4b0000 - 0x00007ffecc4dd000 	C:\WINDOWS\SYSTEM32\Wldp.dll
0x00007ffecd810000 - 0x00007ffecd8bd000 	C:\WINDOWS\System32\SHCORE.dll
0x00007ffecebb0000 - 0x00007ffecec05000 	C:\WINDOWS\System32\shlwapi.dll
0x00007ffeccdc0000 - 0x00007ffeccde5000 	C:\WINDOWS\SYSTEM32\profapi.dll
0x0000000050000000 - 0x000000005000d000 	C:\Users\Student\AppData\Local\Packages\Microsoft.4297127D64EC6_8wekyb3d8bbwe\LocalCache\Local\runtime\jre-legacy\windows-x64\jre-legacy\bin\management.dll
0x00000000776e0000 - 0x00000000776fa000 	C:\Users\Student\AppData\Local\Packages\Microsoft.4297127D64EC6_8wekyb3d8bbwe\LocalCache\Local\runtime\jre-legacy\windows-x64\jre-legacy\bin\net.dll
0x00007ffecbef0000 - 0x00007ffecbf5a000 	C:\WINDOWS\system32\mswsock.dll
0x00007ffec94d0000 - 0x00007ffec94e7000 	C:\WINDOWS\system32\napinsp.dll
0x00007ffec5a10000 - 0x00007ffec5a2b000 	C:\WINDOWS\system32\pnrpnsp.dll
0x00007ffec6930000 - 0x00007ffec6945000 	C:\WINDOWS\system32\wshbth.dll
0x00007ffec7b20000 - 0x00007ffec7b3d000 	C:\WINDOWS\system32\NLAapi.dll
0x00007ffecbaa0000 - 0x00007ffecbadb000 	C:\WINDOWS\SYSTEM32\IPHLPAPI.DLL
0x00007ffecbae0000 - 0x00007ffecbbaa000 	C:\WINDOWS\SYSTEM32\DNSAPI.dll
0x00007ffecec10000 - 0x00007ffecec18000 	C:\WINDOWS\System32\NSI.dll
0x00007ffec98a0000 - 0x00007ffec98b2000 	C:\WINDOWS\System32\winrnr.dll
0x00007ffeb3460000 - 0x00007ffeb346a000 	C:\Windows\System32\rasadhlp.dll
0x00007ffeb3f00000 - 0x00007ffeb3f80000 	C:\WINDOWS\System32\fwpuclnt.dll
0x00007ffecd3c0000 - 0x00007ffecd3e7000 	C:\WINDOWS\System32\bcrypt.dll
0x00000000776c0000 - 0x00000000776d1000 	C:\Users\Student\AppData\Local\Packages\Microsoft.4297127D64EC6_8wekyb3d8bbwe\LocalCache\Local\runtime\jre-legacy\windows-x64\jre-legacy\bin\nio.dll
0x00007ffecc8e0000 - 0x00007ffecc8f8000 	C:\WINDOWS\SYSTEM32\CRYPTSP.dll
0x00007ffecb820000 - 0x00007ffecb854000 	C:\WINDOWS\system32\rsaenh.dll
0x00007ffeccd80000 - 0x00007ffeccdae000 	C:\WINDOWS\SYSTEM32\USERENV.dll
0x00007ffecd000000 - 0x00007ffecd082000 	C:\WINDOWS\System32\bcryptprimitives.dll
0x00007ffecc380000 - 0x00007ffecc38c000 	C:\WINDOWS\SYSTEM32\CRYPTBASE.dll
0x00007ffebd150000 - 0x00007ffebd167000 	C:\WINDOWS\SYSTEM32\dhcpcsvc6.DLL
0x00007ffebd130000 - 0x00007ffebd14d000 	C:\WINDOWS\SYSTEM32\dhcpcsvc.DLL
0x00000000776a0000 - 0x00000000776b7000 	C:\Users\Student\AppData\Local\Packages\Microsoft.4297127D64EC6_8wekyb3d8bbwe\LocalCache\Local\runtime\jre-legacy\windows-x64\jre-legacy\bin\unpack.dll
0x0000000180000000 - 0x0000000180053000 	C:\Users\Student\AppData\Roaming\.minecraft\bin\b58471306101d735d9b7ffae7edb28ab97bc5635\lwjgl64.dll
0x00007ffec0bc0000 - 0x00007ffec0ce5000 	C:\WINDOWS\SYSTEM32\OPENGL32.dll
0x00007ffec0ac0000 - 0x00007ffec0aec000 	C:\WINDOWS\SYSTEM32\GLU32.dll
0x0000000077500000 - 0x0000000077698000 	C:\Users\Student\AppData\Local\Packages\Microsoft.4297127D64EC6_8wekyb3d8bbwe\LocalCache\Local\runtime\jre-legacy\windows-x64\jre-legacy\bin\awt.dll
0x00007ffec9970000 - 0x00007ffec9a00000 	C:\WINDOWS\SYSTEM32\apphelp.dll
0x00007ffec69d0000 - 0x00007ffec6a7e000 	C:\WINDOWS\SYSTEM32\mscms.dll
0x00007ffec69b0000 - 0x00007ffec69c1000 	C:\WINDOWS\SYSTEM32\ColorAdapterClient.dll
0x00007ffec9f30000 - 0x00007ffec9f42000 	C:\WINDOWS\SYSTEM32\kernel.appcore.dll
0x00007ffecd8c0000 - 0x00007ffecd969000 	C:\WINDOWS\System32\clbcatq.dll
0x00007ffecd1e0000 - 0x00007ffecd22e000 	C:\WINDOWS\System32\cfgmgr32.dll
0x00007ffec9b20000 - 0x00007ffec9bbe000 	C:\WINDOWS\system32\uxtheme.dll
0x00007ffece5a0000 - 0x00007ffece6b4000 	C:\WINDOWS\System32\MSCTF.dll
0x00007ffec0760000 - 0x00007ffec0859000 	C:\WINDOWS\SYSTEM32\textinputframework.dll
0x00007ffec94f0000 - 0x00007ffec95e2000 	C:\WINDOWS\System32\CoreMessaging.dll
0x00007ffec9110000 - 0x00007ffec946b000 	C:\WINDOWS\System32\CoreUIComponents.dll
0x00007ffec7cb0000 - 0x00007ffec7e05000 	C:\WINDOWS\SYSTEM32\wintypes.dll
0x00007ffecc8a0000 - 0x00007ffecc8d3000 	C:\WINDOWS\SYSTEM32\ntmarta.dll
0x00007ffec5290000 - 0x00007ffec52bb000 	C:\WINDOWS\System32\DriverStore\FileRepository\c0368456.inf_amd64_f16f961b152ef3a8\B367348\atig6pxx.dll
0x00007ffe88c20000 - 0x00007ffe8ba0d000 	C:\WINDOWS\System32\DriverStore\FileRepository\c0368456.inf_amd64_f16f961b152ef3a8\B367348\atio6axx.dll
0x00007ffecec20000 - 0x00007ffecf08e000 	C:\WINDOWS\System32\SETUPAPI.dll
0x00007ffeaa670000 - 0x00007ffeaa694000 	C:\WINDOWS\SYSTEM32\dxva2.dll
0x00007ffec9d20000 - 0x00007ffec9d4f000 	C:\WINDOWS\SYSTEM32\dwmapi.dll
0x00007ffebe040000 - 0x00007ffebe07c000 	C:\WINDOWS\System32\DriverStore\FileRepository\c0368456.inf_amd64_f16f961b152ef3a8\B367348\atig6txx.dll
0x00007ffeb5530000 - 0x00007ffeb56e3000 	C:\WINDOWS\SYSTEM32\atiadlxx.dll
0x00007ffec8aa0000 - 0x00007ffec8b96000 	C:\WINDOWS\SYSTEM32\PROPSYS.dll
0x00007ffeae2a0000 - 0x00007ffeae2e9000 	C:\WINDOWS\SYSTEM32\pdh.dll
0x00007ffeccbb0000 - 0x00007ffeccbe3000 	C:\WINDOWS\SYSTEM32\DEVOBJ.dll
0x00007ffec3a70000 - 0x00007ffec3aab000 	C:\WINDOWS\SYSTEM32\dxcore.dll
0x00007ffeb61d0000 - 0x00007ffeb6213000 	C:\WINDOWS\SYSTEM32\icm32.dll
0x00007ffeb3930000 - 0x00007ffeb3972000 	C:\Users\Student\AppData\Local\Temp\jna--214492645\jna4738078487392325765.dll
0x00000000774d0000 - 0x00000000774f4000 	C:\Users\Student\AppData\Local\Packages\Microsoft.4297127D64EC6_8wekyb3d8bbwe\LocalCache\Local\runtime\jre-legacy\windows-x64\jre-legacy\bin\sunec.dll
0x0000000077480000 - 0x00000000774c7000 	C:\Users\Student\AppData\Local\Packages\Microsoft.4297127D64EC6_8wekyb3d8bbwe\LocalCache\Local\runtime\jre-legacy\windows-x64\jre-legacy\bin\fontmanager.dll
0x00007ffec4650000 - 0x00007ffec481d000 	C:\WINDOWS\system32\d3d9.dll
0x00007ffec3840000 - 0x00007ffec3a1b000 	C:\WINDOWS\System32\DriverStore\FileRepository\c0368456.inf_amd64_f16f961b152ef3a8\B367348\aticfx64.dll
0x00007ffea1c10000 - 0x00007ffea1c43000 	C:\WINDOWS\System32\DriverStore\FileRepository\c0368456.inf_amd64_f16f961b152ef3a8\B367348\atiu9p64.dll
0x00007ffe6b720000 - 0x00007ffe6c47a000 	C:\WINDOWS\System32\DriverStore\FileRepository\c0368456.inf_amd64_f16f961b152ef3a8\B367348\atiumd64.dll
0x00007ffecc560000 - 0x00007ffecc744000 	C:\WINDOWS\SYSTEM32\dbghelp.dll
0x00007ffecc450000 - 0x00007ffecc484000 	C:\WINDOWS\SYSTEM32\dbgcore.DLL
0x00000000750b0000 - 0x0000000075f7b000 	C:\WINDOWS\System32\DriverStore\FileRepository\c0368456.inf_amd64_f16f961b152ef3a8\B367348\atiumd6a.dll
0x00007ffeccc40000 - 0x00007ffeccc8b000 	C:\WINDOWS\SYSTEM32\POWRPROF.dll
0x00007ffeccc10000 - 0x00007ffeccc22000 	C:\WINDOWS\SYSTEM32\UMPDC.dll
0x00007ffec17a0000 - 0x00007ffec17d0000 	C:\WINDOWS\SYSTEM32\amdihk64.dll
0x0000000077430000 - 0x0000000077472000 	C:\Users\Student\AppData\Local\Packages\Microsoft.4297127D64EC6_8wekyb3d8bbwe\LocalCache\Local\runtime\jre-legacy\windows-x64\jre-legacy\bin\t2k.dll
0x0000000016040000 - 0x00000000160a4000 	C:\Users\Student\AppData\Roaming\.minecraft\bin\b58471306101d735d9b7ffae7edb28ab97bc5635\OpenAL64.dll
0x00007ffebd670000 - 0x00007ffebd6f5000 	C:\WINDOWS\System32\MMDevApi.dll
0x00007ffe88990000 - 0x00007ffe88a2c000 	C:\WINDOWS\SYSTEM32\dsound.dll
0x00007ffeaf940000 - 0x00007ffeaf966000 	C:\WINDOWS\SYSTEM32\winmmbase.dll
0x00007ffebd700000 - 0x00007ffebd882000 	C:\WINDOWS\SYSTEM32\AUDIOSES.DLL
0x00007ffec9c20000 - 0x00007ffec9c34000 	C:\WINDOWS\SYSTEM32\resourcepolicyclient.dll

VM Arguments:
jvm_args: -Dos.name=Windows 10 -Dos.version=10.0 -XX:HeapDumpPath=MojangTricksIntelDriversForPerformance_javaw.exe_minecraft.exe.heapdump -Djava.library.path=C:\Users\Student\AppData\Roaming\.minecraft\bin\b58471306101d735d9b7ffae7edb28ab97bc5635 -Dminecraft.launcher.brand=minecraft-launcher -Dminecraft.launcher.version=2.15.23 -Dminecraft.client.jar=C:\Users\Student\AppData\Roaming\.minecraft\versions\1.12.2-forge-14.23.5.2859\1.12.2-forge-14.23.5.2859.jar -Xmx6G -Xms6G -Xmn768m -XX:+DisableExplicitGC -XX:+UseConcMarkSweepGC -XX:+UseParNewGC -XX:+UseNUMA -XX:+CMSParallelRemarkEnabled -XX:MaxTenuringThreshold=15 -XX:MaxGCPauseMillis=30 -XX:GCPauseIntervalMillis=150 -XX:+UseAdaptiveGCBoundary -XX:-UseGCOverheadLimit -XX:+UseBiasedLocking -XX:SurvivorRatio=8 -XX:TargetSurvivorRatio=90 -XX:MaxTenuringThreshold=15 -Dfml.ignorePatchDiscrepancies=true -Dfml.ignoreInvalidMinecraftCertificates=true -XX:+UseFastAccessorMethods -XX:+UseCompressedOops -XX:+OptimizeStringConcat -XX:+AggressiveOpts -XX:ReservedCodeCacheSize=2048m -XX:+UseCodeCacheFlushing -XX:SoftRefLRUPolicyMSPerMB=10000 -XX:ParallelGCThreads=10 -XX:+AlwaysPreTouch -XX:+ParallelRefProcEnabled -XX:+PerfDisableSharedMem -XX:-UsePerfData 
java_command: net.minecraft.launchwrapper.Launch --username LogicalMaximus --version 1.12.2-forge-14.23.5.2859 --gameDir C:\Users\Student\curseforge\minecraft\Instances\Operation Con --assetsDir C:\Users\Student\AppData\Roaming\.minecraft\assets --assetIndex 1.12 --uuid f96c042cd1ef4ea1800ab30514375265 --accessToken eyJraWQiOiJhYzg0YSIsImFsZyI6IkhTMjU2In0.eyJ4dWlkIjoiMjUzNTQ1NDY1ODI0MzM3MyIsImFnZyI6IkFkdWx0Iiwic3ViIjoiZWY5NjE4YTQtNTJkYi00M2QzLTk5MDItNmJlNjE2MjU2OWM1IiwiYXV0aCI6IlhCT1giLCJucyI6ImRlZmF1bHQiLCJyb2xlcyI6W10sImlzcyI6ImF1dGhlbnRpY2F0aW9uIiwiZmxhZ3MiOlsidHdvZmFjdG9yYXV0aCIsIm1zYW1pZ3JhdGlvbl9zdGFnZTQiLCJvcmRlcnNfMjAyMiJdLCJwcm9maWxlcyI6eyJtYyI6ImY5NmMwNDJjLWQxZWYtNGVhMS04MDBhLWIzMDUxNDM3NTI2NSJ9LCJwbGF0Zm9ybSI6Ik9ORVNUT1JFIiwieXVpZCI6IjAwMmI0ZGEwMDk5NmI3OTE5MjhmMjU1MzIyM2JhZWE3IiwibmJmIjoxNzA0Mjk2MDk2LCJleHAiOjE3MDQzODI0OTYsImlhdCI6MTcwNDI5NjA5Nn0.99vgf3pdW4dIbjDLZeYfg-jfH1XIfYBIEJV6A_-u_TM --userType msa --tweakClass net.minecraftforge.fml.common.launcher.FMLTweaker --versionType Forge
java_class_path (initial): C:\Users\Student\AppData\Roaming\.minecraft\libraries\net\minecraftforge\forge\1.12.2-14.23.5.2859\forge-1.12.2-14.23.5.2859.jar;C:\Users\Student\AppData\Roaming\.minecraft\libraries\org\ow2\asm\asm-debug-all\5.2\asm-debug-all-5.2.jar;C:\Users\Student\AppData\Roaming\.minecraft\libraries\net\minecraft\launchwrapper\1.12\launchwrapper-1.12.jar;C:\Users\Student\AppData\Roaming\.minecraft\libraries\org\jline\jline\3.5.1\jline-3.5.1.jar;C:\Users\Student\AppData\Roaming\.minecraft\libraries\com\typesafe\akka\akka-actor_2.11\2.3.3\akka-actor_2.11-2.3.3.jar;C:\Users\Student\AppData\Roaming\.minecraft\libraries\com\typesafe\config\1.2.1\config-1.2.1.jar;C:\Users\Student\AppData\Roaming\.minecraft\libraries\org\scala-lang\scala-actors-migration_2.11\1.1.0\scala-actors-migration_2.11-1.1.0.jar;C:\Users\Student\AppData\Roaming\.minecraft\libraries\org\scala-lang\scala-compiler\2.11.1\scala-compiler-2.11.1.jar;C:\Users\Student\AppData\Roaming\.minecraft\libraries\org\scala-lang\plugins\scala-continuations-library_2.11\1.0.2_mc\scala-continuations-library_2.11-1.0.2_mc.jar;C:\Users\Student\AppData\Roaming\.minecraft\libraries\org\scala-lang\plugins\scala-continuations-plugin_2.11.1\1.0.2_mc\scala-continuations-plugin_2.11.1-1.0.2_mc.jar;C:\Users\Student\AppData\Roaming\.minecraft\libraries\org\scala-lang\scala-library\2.11.1\scala-library-2.11.1.jar;C:\Users\Student\AppData\Roaming\.minecraft\libraries\org\scala-lang\scala-parser-combinators_2.11\1.0.1\scala-parser-combinators_2.11-1.0.1.jar;C:\Users\Student\AppData\Roaming\.minecraft\libraries\org\scala-lang\scala-reflect\2.11.1\scala-reflect-2.11.1.jar;C:\Users\Student\AppData\Roaming\.minecraft\libraries\org\scala-lang\scala-swing_2.11\1.0.1\scala-swing_2.11-1.0.1.jar;C:\Users\Student\AppData\Roaming\.minecraft\libraries\org\scala-lang\scala-xml_2.11\1.0.2\scala-xml_2.11-1.0.2.jar;C:\Users\Student\AppData\Roaming\.minecraft\libraries\lzma\lzma\0.0.1\lzma-0.0.1.jar;C:\Users\Student\AppData\Roaming\
Launcher Type: SUN_STANDARD

Environment Variables:
PATH=C:\Program Files (x86)\Common Files\Oracle\Java\javapath;C:\WINDOWS\system32;C:\WINDOWS;C:\WINDOWS\System32\Wbem;C:\WINDOWS\System32\WindowsPowerShell\v1.0\;C:\WINDOWS\System32\OpenSSH\;C:\Program Files\dotnet\;C:\Program Files (x86)\HP\Common\HPDestPlgIn\;C:\Program Files\WindowsPowerShell\Scripts\HP.ClientScriptLibrary;C:\Program Files\Process Lasso\;C:\Users\Student\AppData\Local\Microsoft\WindowsApps;C:\Program Files\JetBrains\IntelliJ IDEA Community Edition 2023.3.1\bin
USERNAME=Student
OS=Windows_NT
PROCESSOR_IDENTIFIER=AMD64 Family 21 Model 112 Stepping 0, AuthenticAMD



---------------  S Y S T E M  ---------------

OS: Windows 10.0 , 64 bit Build 19041 (10.0.19041.3636)

CPU:total 2 (2 cores per cpu, 1 threads per core) family 21 model 112 stepping 0, cmov, cx8, fxsr, mmx, sse, sse2, sse3, ssse3, sse4.1, sse4.2, popcnt, avx, avx2, aes, clmul, mmxext, 3dnowpref, lzcnt, sse4a, tsc, tscinvbit, tscinv, bmi1

Memory: 4k page, physical 7829176k(476324k free), swap 16021176k(3204k free)

vm_info: Java HotSpot(TM) 64-Bit Server VM (25.51-b03) for windows-amd64 JRE (1.8.0_51-b16), built on Jun  8 2015 18:03:07 by "java_re" with MS VC++ 10.0 (VS2010)

time: Wed Jan 03 09:55:17 2024
elapsed time: 1137 seconds (0d 0h 18m 57s)

