#
# There is insufficient memory for the Java Runtime Environment to continue.
# Native memory allocation (malloc) failed to allocate 1086096 bytes for Chunk::new
# Possible reasons:
#   The system is out of physical RAM or swap space
#   In 32 bit mode, the process size limit was hit
# Possible solutions:
#   Reduce memory load on the system
#   Increase physical memory or swap space
#   Check if swap backing store is full
#   Use 64 bit Java on a 64 bit OS
#   Decrease Java heap size (-Xmx/-Xms)
#   Decrease number of Java threads
#   Decrease Java thread stack sizes (-Xss)
#   Set larger code cache with -XX:ReservedCodeCacheSize=
# This output file may be truncated or incomplete.
#
#  Out of Memory Error (allocation.cpp:390), pid=61936, tid=59900
#
# JRE version: Java(TM) SE Runtime Environment (8.0_51-b16) (build 1.8.0_51-b16)
# Java VM: Java HotSpot(TM) 64-Bit Server VM (25.51-b03 mixed mode windows-amd64 compressed oops)
# Failed to write core dump. Minidumps are not enabled by default on client versions of Windows
#

---------------  T H R E A D  ---------------

Current thread (0x00000000101e3000):  JavaThread "C2 CompilerThread0" daemon [_thread_in_native, id=59900, stack(0x00000000113c0000,0x00000000114c0000)]

Stack: [0x00000000113c0000,0x00000000114c0000],  sp=0x00000000114bb8f8,  free space=1006k
Native frames: (J=compiled Java code, j=interpreted, Vv=VM code, C=native code)
V  [jvm.dll+0x32b4ca]
V  [jvm.dll+0x2797e3]
V  [jvm.dll+0x27a479]
V  [jvm.dll+0x271765]
V  [jvm.dll+0xcba02]
V  [jvm.dll+0xcbecc]
V  [jvm.dll+0x476f72]
V  [jvm.dll+0x4b95ff]
V  [jvm.dll+0x46c011]
V  [jvm.dll+0x46cd4e]
V  [jvm.dll+0x4501a2]
V  [jvm.dll+0xa43a2]
V  [jvm.dll+0xa4cdf]
V  [jvm.dll+0x2418a4]
V  [jvm.dll+0x29846a]
C  [msvcr100.dll+0x21d9f]
C  [msvcr100.dll+0x21e3b]
C  [KERNEL32.DLL+0x17344]
C  [ntdll.dll+0x526b1]


Current CompileTask:
C2:3103581 42141   !   4       noppes.npcs.client.gui.select.GuiTextureSelection::progressFile (120 bytes)


---------------  P R O C E S S  ---------------

Java Threads: ( => current thread )
  0x0000000054c96800 JavaThread "Chunk I/O Executor Thread-1" daemon [_thread_blocked, id=55892, stack(0x0000000017cf0000,0x0000000017df0000)]
  0x0000000041824000 JavaThread "Chunk Batcher 5" daemon [_thread_in_Java, id=45912, stack(0x000000006aa20000,0x000000006ab20000)]
  0x0000000041823000 JavaThread "Chunk Batcher 4" daemon [_thread_in_Java, id=50896, stack(0x000000006a920000,0x000000006aa20000)]
  0x000000004181e800 JavaThread "Netty Local Client IO #2" daemon [_thread_blocked, id=56172, stack(0x000000006a720000,0x000000006a820000)]
  0x000000004181b000 JavaThread "Timer-2" [_thread_blocked, id=61716, stack(0x000000006a620000,0x000000006a720000)]
  0x000000004181e000 JavaThread "ICBM-Classic-WorkerThread-0" daemon [_thread_blocked, id=59580, stack(0x000000006a520000,0x000000006a620000)]
  0x0000000041821800 JavaThread "Thread-51" [_thread_blocked, id=56852, stack(0x0000000068b20000,0x0000000068c20000)]
  0x000000004181a000 JavaThread "Thread-46" [_thread_blocked, id=56868, stack(0x0000000065c60000,0x0000000065d60000)]
  0x0000000041821000 JavaThread "Thread-45" [_thread_blocked, id=61400, stack(0x0000000065b60000,0x0000000065c60000)]
  0x000000004181f800 JavaThread "Thread-44" [_thread_blocked, id=60488, stack(0x0000000060290000,0x0000000060390000)]
  0x0000000041819800 JavaThread "Server thread" [_thread_in_native, id=52056, stack(0x00000000253b0000,0x00000000254b0000)]
  0x0000000041818000 JavaThread "Snooper Timer" daemon [_thread_blocked, id=61384, stack(0x00000000252b0000,0x00000000253b0000)]
  0x0000000054c9c800 JavaThread "Chunk Batcher 3" daemon [_thread_blocked, id=32072, stack(0x0000000069720000,0x0000000069820000)]
  0x0000000054c9f000 JavaThread "Chunk Batcher 2" daemon [_thread_blocked, id=61540, stack(0x0000000069220000,0x0000000069320000)]
  0x0000000054c93800 JavaThread "Netty Server IO #3" daemon [_thread_in_native, id=53224, stack(0x0000000069020000,0x0000000069120000)]
  0x0000000054c94800 JavaThread "Netty Local Client IO #1" daemon [_thread_blocked, id=60080, stack(0x0000000068920000,0x0000000068a20000)]
  0x000000002a0e6800 JavaThread "Netty Server IO #2" daemon [_thread_in_native, id=39464, stack(0x0000000065d60000,0x0000000065e60000)]
  0x000000002a0da800 JavaThread "pool-2-thread-2" [_thread_blocked, id=58108, stack(0x000000003fde0000,0x000000003fee0000)]
  0x0000000054c97800 JavaThread "Netty Server IO #1" daemon [_thread_blocked, id=58232, stack(0x0000000069a20000,0x0000000069b20000)]
  0x000000002a0e8800 JavaThread "Netty Local Client IO #0" daemon [_thread_blocked, id=60976, stack(0x0000000069920000,0x0000000069a20000)]
  0x000000002a0df800 JavaThread "Netty Server IO #0" daemon [_thread_in_native, id=58528, stack(0x0000000069820000,0x0000000069920000)]
  0x0000000026178000 JavaThread "pool-8-thread-1" [_thread_blocked, id=39640, stack(0x0000000068a20000,0x0000000068b20000)]
  0x000000002617d000 JavaThread "File IO Thread" [_thread_in_native, id=61512, stack(0x00000000151e0000,0x00000000152e0000)]
  0x000000002a0e7000 JavaThread "pool-7-thread-1" [_thread_blocked, id=62200, stack(0x0000000069120000,0x0000000069220000)]
  0x0000000054c98000 JavaThread "pool-2-thread-1" [_thread_in_Java, id=41600, stack(0x0000000046780000,0x0000000046880000)]
  0x0000000026176800 JavaThread "Narrator" daemon [_thread_blocked, id=56684, stack(0x0000000024c10000,0x0000000024d10000)]
  0x0000000014518000 JavaThread "Particle Culling" daemon [_thread_blocked, id=61000, stack(0x0000000046a60000,0x0000000046b60000)]
  0x00000000517a2000 JavaThread "Ender IO Scheduler" [_thread_blocked, id=58064, stack(0x000000003bdd0000,0x000000003bed0000)]
  0x0000000014515800 JavaThread "Thread-11" [_thread_blocked, id=62308, stack(0x0000000046580000,0x0000000046680000)]
  0x0000000014519800 JavaThread "Thread-10" [_thread_blocked, id=57296, stack(0x0000000046280000,0x0000000046380000)]
  0x0000000028ab4800 JavaThread "pool-3-thread-1" [_thread_blocked, id=34880, stack(0x000000003fce0000,0x000000003fde0000)]
  0x0000000037935800 JavaThread "AWT-Windows" daemon [_thread_in_native, id=58344, stack(0x0000000024d10000,0x0000000024e10000)]
  0x0000000017072800 JavaThread "LWJGL Timer" daemon [_thread_blocked, id=58968, stack(0x000000001e410000,0x000000001e510000)]
  0x0000000016b08800 JavaThread "Java2D Disposer" daemon [_thread_blocked, id=61136, stack(0x0000000018c30000,0x0000000018d30000)]
  0x0000000016964000 JavaThread "Timer hack thread" daemon [_thread_blocked, id=61504, stack(0x0000000018b30000,0x0000000018c30000)]
  0x0000000013f06800 JavaThread "Snooper Timer" daemon [_thread_blocked, id=61056, stack(0x0000000017740000,0x0000000017840000)]
  0x000000001023a000 JavaThread "Service Thread" daemon [_thread_blocked, id=54208, stack(0x00000000115c0000,0x00000000116c0000)]
  0x00000000101fa000 JavaThread "C1 CompilerThread1" daemon [_thread_blocked, id=55280, stack(0x00000000114c0000,0x00000000115c0000)]
=>0x00000000101e3000 JavaThread "C2 CompilerThread0" daemon [_thread_in_native, id=59900, stack(0x00000000113c0000,0x00000000114c0000)]
  0x00000000101df000 JavaThread "Attach Listener" daemon [_thread_blocked, id=60272, stack(0x00000000112c0000,0x00000000113c0000)]
  0x00000000101de000 JavaThread "Signal Dispatcher" daemon [_thread_blocked, id=61088, stack(0x00000000111c0000,0x00000000112c0000)]
  0x00000000101dd800 JavaThread "Surrogate Locker Thread (Concurrent GC)" daemon [_thread_blocked, id=54668, stack(0x00000000110c0000,0x00000000111c0000)]
  0x00000000101a0800 JavaThread "Finalizer" daemon [_thread_blocked, id=57324, stack(0x0000000010c60000,0x0000000010d60000)]
  0x0000000010194800 JavaThread "Reference Handler" daemon [_thread_blocked, id=61228, stack(0x0000000010b60000,0x0000000010c60000)]
  0x0000000002c04800 JavaThread "Client thread" [_thread_in_native, id=52372, stack(0x0000000002b00000,0x0000000002c00000)]

Other Threads:
  0x000000001018e000 VMThread [stack: 0x0000000010a60000,0x0000000010b60000] [id=58892]
  0x0000000010245000 WatcherThread [stack: 0x00000000116c0000,0x00000000117c0000] [id=43572]

VM state:not at safepoint (normal execution)

VM Mutex/Monitor currently owned by a thread: None

Heap:
 par new generation   total 707840K, used 491433K [0x0000000640000000, 0x0000000670000000, 0x0000000670000000)
  eden space 629248K,  66% used [0x0000000640000000, 0x000000065965eeb0, 0x0000000666680000)
  from space 78592K,  95% used [0x000000066b340000, 0x000000066fccb740, 0x0000000670000000)
  to   space 78592K,   0% used [0x0000000666680000, 0x0000000666680000, 0x000000066b340000)
 concurrent mark-sweep generation total 5505024K, used 3662686K [0x0000000670000000, 0x00000007c0000000, 0x00000007c0000000)
 Metaspace       used 317903K, capacity 331207K, committed 331308K, reserved 1323008K
  class space    used 52555K, capacity 58173K, committed 58256K, reserved 1048576K

Card table byte_map: [0x0000000005700000,0x0000000006310000] byte_map_base: 0x0000000002500000

Marking Bits: (CMSBitMap*) 0x0000000002ca3588
 Bits: [0x0000000007850000, 0x000000000cc50000)

Mod Union Table: (CMSBitMap*) 0x0000000002ca3648
 Bits: [0x000000000cc60000, 0x000000000cdb0000)

Polling page: 0x0000000000dc0000

CodeCache: size=2097152Kb used=154309Kb max_used=154669Kb free=1942842Kb
 bounds [0x000000007fff0000, 0x00000000897b0000, 0x00000000ffff0000]
 total_blobs=29236 nmethods=27434 adapters=1707
 compilation: enabled

Compilation events (10 events):
Event: 3103.142 Thread 0x00000000101e3000 nmethod 42137 0x000000008073c890 code [0x000000008073ca00, 0x000000008073cf28]
Event: 3103.142 Thread 0x00000000101e3000 42136       4       java.util.zip.ZipEntry::<init> (43 bytes)
Event: 3103.143 Thread 0x00000000101e3000 nmethod 42136 0x000000008120e910 code [0x000000008120ea40, 0x000000008120ead8]
Event: 3103.144 Thread 0x00000000101e3000 42138       4       java.util.zip.ZipCoder::toString (190 bytes)
Event: 3103.155 Thread 0x00000000101e3000 nmethod 42138 0x00000000818cc150 code [0x00000000818cc2e0, 0x00000000818cc858]
Event: 3103.235 Thread 0x00000000101e3000 42139 % !   4       noppes.npcs.client.gui.select.GuiTextureSelection::progressFile @ 47 (120 bytes)
Event: 3103.248 Thread 0x00000000101e3000 nmethod 42139% 0x000000008087d7d0 code [0x000000008087d960, 0x000000008087df28]
Event: 3103.344 Thread 0x00000000101fa000 42140       3       noppes.npcs.client.gui.select.GuiTextureSelection::addFile (190 bytes)
Event: 3103.346 Thread 0x00000000101fa000 nmethod 42140 0x00000000815f1210 code [0x00000000815f1540, 0x00000000815f3100]
Event: 3103.347 Thread 0x00000000101e3000 42141   !   4       noppes.npcs.client.gui.select.GuiTextureSelection::progressFile (120 bytes)

GC Heap History (10 events):
Event: 2995.029 GC heap before
{Heap before GC invocations=298 (full 7):
 par new generation   total 707840K, used 707840K [0x0000000640000000, 0x0000000670000000, 0x0000000670000000)
  eden space 629248K, 100% used [0x0000000640000000, 0x0000000666680000, 0x0000000666680000)
  from space 78592K, 100% used [0x0000000666680000, 0x000000066b340000, 0x000000066b340000)
  to   space 78592K,   0% used [0x000000066b340000, 0x000000066b340000, 0x0000000670000000)
 concurrent mark-sweep generation total 5505024K, used 3662683K [0x0000000670000000, 0x00000007c0000000, 0x00000007c0000000)
 Metaspace       used 317002K, capacity 330195K, committed 330412K, reserved 1320960K
  class space    used 52473K, capacity 58083K, committed 58128K, reserved 1048576K
Event: 2995.151 GC heap after
Heap after GC invocations=299 (full 7):
 par new generation   total 707840K, used 64556K [0x0000000640000000, 0x0000000670000000, 0x0000000670000000)
  eden space 629248K,   0% used [0x0000000640000000, 0x0000000640000000, 0x0000000666680000)
  from space 78592K,  82% used [0x000000066b340000, 0x000000066f24b0c0, 0x0000000670000000)
  to   space 78592K,   0% used [0x0000000666680000, 0x0000000666680000, 0x000000066b340000)
 concurrent mark-sweep generation total 5505024K, used 3662683K [0x0000000670000000, 0x00000007c0000000, 0x00000007c0000000)
 Metaspace       used 317002K, capacity 330195K, committed 330412K, reserved 1320960K
  class space    used 52473K, capacity 58083K, committed 58128K, reserved 1048576K
}
Event: 3031.917 GC heap before
{Heap before GC invocations=299 (full 7):
 par new generation   total 707840K, used 693804K [0x0000000640000000, 0x0000000670000000, 0x0000000670000000)
  eden space 629248K, 100% used [0x0000000640000000, 0x0000000666680000, 0x0000000666680000)
  from space 78592K,  82% used [0x000000066b340000, 0x000000066f24b0c0, 0x0000000670000000)
  to   space 78592K,   0% used [0x0000000666680000, 0x0000000666680000, 0x000000066b340000)
 concurrent mark-sweep generation total 5505024K, used 3662683K [0x0000000670000000, 0x00000007c0000000, 0x00000007c0000000)
 Metaspace       used 317184K, capacity 330419K, committed 330668K, reserved 1323008K
  class space    used 52483K, capacity 58087K, committed 58128K, reserved 1048576K
Event: 3032.035 GC heap after
Heap after GC invocations=300 (full 7):
 par new generation   total 707840K, used 66395K [0x0000000640000000, 0x0000000670000000, 0x0000000670000000)
  eden space 629248K,   0% used [0x0000000640000000, 0x0000000640000000, 0x0000000666680000)
  from space 78592K,  84% used [0x0000000666680000, 0x000000066a756f80, 0x000000066b340000)
  to   space 78592K,   0% used [0x000000066b340000, 0x000000066b340000, 0x0000000670000000)
 concurrent mark-sweep generation total 5505024K, used 3662683K [0x0000000670000000, 0x00000007c0000000, 0x00000007c0000000)
 Metaspace       used 317184K, capacity 330419K, committed 330668K, reserved 1323008K
  class space    used 52483K, capacity 58087K, committed 58128K, reserved 1048576K
}
Event: 3058.106 GC heap before
{Heap before GC invocations=300 (full 7):
 par new generation   total 707840K, used 695643K [0x0000000640000000, 0x0000000670000000, 0x0000000670000000)
  eden space 629248K, 100% used [0x0000000640000000, 0x0000000666680000, 0x0000000666680000)
  from space 78592K,  84% used [0x0000000666680000, 0x000000066a756f80, 0x000000066b340000)
  to   space 78592K,   0% used [0x000000066b340000, 0x000000066b340000, 0x0000000670000000)
 concurrent mark-sweep generation total 5505024K, used 3662683K [0x0000000670000000, 0x00000007c0000000, 0x00000007c0000000)
 Metaspace       used 317598K, capacity 330829K, committed 331052K, reserved 1323008K
  class space    used 52520K, capacity 58134K, committed 58256K, reserved 1048576K
Event: 3058.233 GC heap after
Heap after GC invocations=301 (full 7):
 par new generation   total 707840K, used 69817K [0x0000000640000000, 0x0000000670000000, 0x0000000670000000)
  eden space 629248K,   0% used [0x0000000640000000, 0x0000000640000000, 0x0000000666680000)
  from space 78592K,  88% used [0x000000066b340000, 0x000000066f76e640, 0x0000000670000000)
  to   space 78592K,   0% used [0x0000000666680000, 0x0000000666680000, 0x000000066b340000)
 concurrent mark-sweep generation total 5505024K, used 3662683K [0x0000000670000000, 0x00000007c0000000, 0x00000007c0000000)
 Metaspace       used 317598K, capacity 330829K, committed 331052K, reserved 1323008K
  class space    used 52520K, capacity 58134K, committed 58256K, reserved 1048576K
}
Event: 3087.904 GC heap before
{Heap before GC invocations=301 (full 7):
 par new generation   total 707840K, used 699118K [0x0000000640000000, 0x0000000670000000, 0x0000000670000000)
  eden space 629248K, 100% used [0x0000000640000000, 0x0000000666680000, 0x0000000666680000)
  from space 78592K,  88% used [0x000000066b340000, 0x000000066f77b850, 0x0000000670000000)
  to   space 78592K,   0% used [0x0000000666680000, 0x0000000666680000, 0x000000066b340000)
 concurrent mark-sweep generation total 5505024K, used 3662683K [0x0000000670000000, 0x00000007c0000000, 0x00000007c0000000)
 Metaspace       used 317649K, capacity 330897K, committed 331052K, reserved 1323008K
  class space    used 52521K, capacity 58134K, committed 58256K, reserved 1048576K
Event: 3088.038 GC heap after
Heap after GC invocations=302 (full 7):
 par new generation   total 707840K, used 78592K [0x0000000640000000, 0x0000000670000000, 0x0000000670000000)
  eden space 629248K,   0% used [0x0000000640000000, 0x0000000640000000, 0x0000000666680000)
  from space 78592K, 100% used [0x0000000666680000, 0x000000066b340000, 0x000000066b340000)
  to   space 78592K,   0% used [0x000000066b340000, 0x000000066b340000, 0x0000000670000000)
 concurrent mark-sweep generation total 5505024K, used 3662686K [0x0000000670000000, 0x00000007c0000000, 0x00000007c0000000)
 Metaspace       used 317649K, capacity 330897K, committed 331052K, reserved 1323008K
  class space    used 52521K, capacity 58134K, committed 58256K, reserved 1048576K
}
Event: 3088.475 GC heap before
{Heap before GC invocations=302 (full 7):
 par new generation   total 707840K, used 93499K [0x0000000640000000, 0x0000000670000000, 0x0000000670000000)
  eden space 629248K,   2% used [0x0000000640000000, 0x0000000640e8eca0, 0x0000000666680000)
  from space 78592K, 100% used [0x0000000666680000, 0x000000066b340000, 0x000000066b340000)
  to   space 78592K,   0% used [0x000000066b340000, 0x000000066b340000, 0x0000000670000000)
 concurrent mark-sweep generation total 5505024K, used 3662686K [0x0000000670000000, 0x00000007c0000000, 0x00000007c0000000)
 Metaspace       used 317649K, capacity 330897K, committed 331052K, reserved 1323008K
  class space    used 52521K, capacity 58134K, committed 58256K, reserved 1048576K
Event: 3088.605 GC heap after
Heap after GC invocations=303 (full 7):
 par new generation   total 707840K, used 75309K [0x0000000640000000, 0x0000000670000000, 0x0000000670000000)
  eden space 629248K,   0% used [0x0000000640000000, 0x0000000640000000, 0x0000000666680000)
  from space 78592K,  95% used [0x000000066b340000, 0x000000066fccb740, 0x0000000670000000)
  to   space 78592K,   0% used [0x0000000666680000, 0x0000000666680000, 0x000000066b340000)
 concurrent mark-sweep generation total 5505024K, used 3662686K [0x0000000670000000, 0x00000007c0000000, 0x00000007c0000000)
 Metaspace       used 317649K, capacity 330897K, committed 331052K, reserved 1323008K
  class space    used 52521K, capacity 58134K, committed 58256K, reserved 1048576K
}

Deoptimization events (10 events):
Event: 3093.465 Thread 0x0000000002c04800 Uncommon trap: reason=unstable_if action=reinterpret pc=0x000000008847e67c method=net.minecraft.client.gui.FontRenderer.func_78255_a(Ljava/lang/String;Z)V @ 386
Event: 3093.466 Thread 0x0000000002c04800 Uncommon trap: reason=unstable_if action=reinterpret pc=0x000000008224c6f8 method=net.minecraft.client.gui.FontRenderer.func_181559_a(CZ)F @ 28
Event: 3094.929 Thread 0x0000000041819800 Uncommon trap: reason=unstable_if action=reinterpret pc=0x0000000087698cf4 method=net.minecraft.entity.EntityTrackerEntry.func_73122_a(Ljava/util/List;)V @ 756
Event: 3096.428 Thread 0x0000000041823000 Uncommon trap: reason=unstable_if action=reinterpret pc=0x0000000089571a24 method=net.minecraft.client.renderer.BlockFluidRenderer.func_178270_a(Lnet/minecraft/world/IBlockAccess;Lnet/minecraft/block/state/IBlockState;Lnet/minecraft/util/math/BlockPos;Lnet3QÑ‘ı0®@
Event: 3096.480 Thread 0x0000000002c04800 Uncommon trap: reason=class_check action=maybe_recompile pc=0x00000000843aaea8 method=mezz.jei.collect.Table.get(Ljava/lang/Object;Ljava/lang/Object;)Ljava/lang/Object; @ 8
Event: 3096.480 Thread 0x0000000002c04800 Uncommon trap: reason=class_check action=maybe_recompile pc=0x0000000084378a48 method=mezz.jei.collect.Table.put(Ljava/lang/Object;Ljava/lang/Object;Ljava/lang/Object;)Ljava/lang/Object; @ 11
Event: 3098.678 Thread 0x0000000041819800 Uncommon trap: reason=unstable_if action=reinterpret pc=0x00000000860bdbdc method=it.unimi.dsi.fastutil.longs.Long2ObjectOpenHashMap.containsKey(J)Z @ 77
Event: 3099.857 Thread 0x0000000002c04800 Uncommon trap: reason=unstable_if action=reinterpret pc=0x000000008880a76c method=net.minecraft.client.renderer.entity.RenderManager.func_188388_a(Lnet/minecraft/entity/Entity;FZ)V @ 4
Event: 3101.063 Thread 0x0000000002c04800 Uncommon trap: reason=unstable_if action=reinterpret pc=0x000000008138d770 method=java.lang.String.substring(I)Ljava/lang/String; @ 22
Event: 3103.310 Thread 0x0000000002c04800 Uncommon trap: reason=unstable_if action=reinterpret pc=0x00000000806adf44 method=noppes.npcs.client.gui.select.GuiTextureSelection.addFile(Ljava/lang/String;)V @ 11

Internal exceptions (10 events):
Event: 3100.756 Thread 0x0000000014519800 Exception <a 'java/lang/InterruptedException': sleep interrupted> (0x0000000652191bb8) thrown at [C:\re\workspace\8-2-build-windows-amd64-cygwin\jdk8u51\3951\hotspot\src\share\vm\prims\jvm.cpp, line 3211]
Event: 3100.756 Thread 0x0000000014519800 Exception <a 'java/lang/InterruptedException': sleep interrupted> (0x0000000652192990) thrown at [C:\re\workspace\8-2-build-windows-amd64-cygwin\jdk8u51\3951\hotspot\src\share\vm\prims\jvm.cpp, line 3163]
Event: 3101.069 Thread 0x0000000041819800 Implicit null exception at 0x0000000087a1489c to 0x0000000087a149e4
Event: 3101.069 Thread 0x0000000041819800 Exception <a 'java/lang/NullPointerException'> (0x00000006523f5998) thrown at [C:\re\workspace\8-2-build-windows-amd64-cygwin\jdk8u51\3951\hotspot\src\share\vm\runtime\sharedRuntime.cpp, line 605]
Event: 3101.079 Thread 0x0000000041819800 Implicit null exception at 0x0000000087a1489c to 0x0000000087a149e4
Event: 3101.079 Thread 0x0000000041819800 Exception <a 'java/lang/NullPointerException'> (0x000000065247f6c8) thrown at [C:\re\workspace\8-2-build-windows-amd64-cygwin\jdk8u51\3951\hotspot\src\share\vm\runtime\sharedRuntime.cpp, line 605]
Event: 3101.090 Thread 0x0000000041819800 Implicit null exception at 0x0000000087a1489c to 0x0000000087a149e4
Event: 3101.090 Thread 0x0000000041819800 Exception <a 'java/lang/NullPointerException'> (0x00000006524ec3c0) thrown at [C:\re\workspace\8-2-build-windows-amd64-cygwin\jdk8u51\3951\hotspot\src\share\vm\runtime\sharedRuntime.cpp, line 605]
Event: 3101.103 Thread 0x0000000041819800 Implicit null exception at 0x0000000087a1489c to 0x0000000087a149e4
Event: 3101.103 Thread 0x0000000041819800 Exception <a 'java/lang/NullPointerException'> (0x0000000652578a68) thrown at [C:\re\workspace\8-2-build-windows-amd64-cygwin\jdk8u51\3951\hotspot\src\share\vm\runtime\sharedRuntime.cpp, line 605]

Events (10 events):
Event: 3103.249 Thread 0x00000000101e3000 flushing nmethod 0x0000000082263d10
Event: 3103.310 Thread 0x0000000002c04800 Uncommon trap: trap_request=0xffffff65 fr.pc=0x00000000806adf44
Event: 3103.310 Thread 0x0000000002c04800 DEOPT PACKING pc=0x00000000806adf44 sp=0x0000000002bfde50
Event: 3103.310 Thread 0x0000000002c04800 DEOPT UNPACKING pc=0x0000000080035832 sp=0x0000000002bfde48 mode 2
Event: 3103.347 Thread 0x0000000002c04800 DEOPT PACKING pc=0x000000008120fe1d sp=0x0000000002bfdef0
Event: 3103.347 Thread 0x0000000002c04800 DEOPT UNPACKING pc=0x0000000080037487 sp=0x0000000002bfdc60 mode 0
Event: 3103.347 Thread 0x00000000101fa000 flushing nmethod 0x00000000822f1f50
Event: 3103.347 Thread 0x00000000101fa000 flushing nmethod 0x0000000082301ed0
Event: 3103.498 Thread 0x0000000002c04800 DEOPT PACKING pc=0x000000008120fe1d sp=0x0000000002bfdef0
Event: 3103.498 Thread 0x0000000002c04800 DEOPT UNPACKING pc=0x0000000080037487 sp=0x0000000002bfdc60 mode 0


Dynamic libraries:
0x00007ff796fb0000 - 0x00007ff796fe7000 	C:\Users\Student\AppData\Local\Packages\Microsoft.4297127D64EC6_8wekyb3d8bbwe\LocalCache\Local\runtime\jre-legacy\windows-x64\jre-legacy\bin\javaw.exe
0x00007ffecf7b0000 - 0x00007ffecf9a8000 	C:\WINDOWS\SYSTEM32\ntdll.dll
0x00007ffecf090000 - 0x00007ffecf14d000 	C:\WINDOWS\System32\KERNEL32.DLL
0x00007ffecd510000 - 0x00007ffecd806000 	C:\WINDOWS\System32\KERNELBASE.dll
0x00007ffece750000 - 0x00007ffece7ff000 	C:\WINDOWS\System32\ADVAPI32.dll
0x00007ffecd970000 - 0x00007ffecda0e000 	C:\WINDOWS\System32\msvcrt.dll
0x00007ffeceb10000 - 0x00007ffecebac000 	C:\WINDOWS\System32\sechost.dll
0x00007ffece910000 - 0x00007ffecea36000 	C:\WINDOWS\System32\RPCRT4.dll
0x00007ffecda10000 - 0x00007ffecdbae000 	C:\WINDOWS\System32\USER32.dll
0x00007ffecd390000 - 0x00007ffecd3b2000 	C:\WINDOWS\System32\win32u.dll
0x00007ffece800000 - 0x00007ffece82c000 	C:\WINDOWS\System32\GDI32.dll
0x00007ffecd3f0000 - 0x00007ffecd50a000 	C:\WINDOWS\System32\gdi32full.dll
0x00007ffecd140000 - 0x00007ffecd1dd000 	C:\WINDOWS\System32\msvcp_win.dll
0x00007ffeccf00000 - 0x00007ffecd000000 	C:\WINDOWS\System32\ucrtbase.dll
0x00007ffecbfc0000 - 0x00007ffecc25a000 	C:\WINDOWS\WinSxS\amd64_microsoft.windows.common-controls_6595b64144ccf1df_6.0.19041.3636_none_60b6a03d71f818d5\COMCTL32.dll
0x00007ffecdda0000 - 0x00007ffecddd0000 	C:\WINDOWS\System32\IMM32.DLL
0x00007ffe7a9c0000 - 0x00007ffe7aa71000 	C:\Program Files\McAfee\Endpoint Security\Threat Prevention\Ips\EpMPApi.dll
0x00007ffecce90000 - 0x00007ffeccef7000 	C:\WINDOWS\System32\WINTRUST.dll
0x00007ffecd230000 - 0x00007ffecd38d000 	C:\WINDOWS\System32\CRYPT32.dll
0x00007ffecc9f0000 - 0x00007ffecca02000 	C:\WINDOWS\SYSTEM32\MSASN1.dll
0x0000000050070000 - 0x000000005007c000 	C:\Program Files\McAfee\Endpoint Security\Threat Prevention\Ips\EpMPThe.dll
0x0000000077700000 - 0x00000000777d2000 	C:\Users\Student\AppData\Local\Packages\Microsoft.4297127D64EC6_8wekyb3d8bbwe\LocalCache\Local\runtime\jre-legacy\windows-x64\jre-legacy\bin\msvcr100.dll
0x0000000074820000 - 0x00000000750a3000 	C:\Users\Student\AppData\Local\Packages\Microsoft.4297127D64EC6_8wekyb3d8bbwe\LocalCache\Local\runtime\jre-legacy\windows-x64\jre-legacy\bin\server\jvm.dll
0x00007ffecf310000 - 0x00007ffecf318000 	C:\WINDOWS\System32\PSAPI.DLL
0x00007ffec5af0000 - 0x00007ffec5af9000 	C:\WINDOWS\SYSTEM32\WSOCK32.dll
0x00007ffece6c0000 - 0x00007ffece72b000 	C:\WINDOWS\System32\WS2_32.dll
0x00007ffec3810000 - 0x00007ffec3837000 	C:\WINDOWS\SYSTEM32\WINMM.dll
0x00007ffec9fc0000 - 0x00007ffec9fca000 	C:\WINDOWS\SYSTEM32\VERSION.dll
0x0000000050060000 - 0x000000005006f000 	C:\Users\Student\AppData\Local\Packages\Microsoft.4297127D64EC6_8wekyb3d8bbwe\LocalCache\Local\runtime\jre-legacy\windows-x64\jre-legacy\bin\verify.dll
0x0000000050030000 - 0x0000000050059000 	C:\Users\Student\AppData\Local\Packages\Microsoft.4297127D64EC6_8wekyb3d8bbwe\LocalCache\Local\runtime\jre-legacy\windows-x64\jre-legacy\bin\java.dll
0x0000000050010000 - 0x0000000050026000 	C:\Users\Student\AppData\Local\Packages\Microsoft.4297127D64EC6_8wekyb3d8bbwe\LocalCache\Local\runtime\jre-legacy\windows-x64\jre-legacy\bin\zip.dll
0x00007ffecde50000 - 0x00007ffece595000 	C:\WINDOWS\System32\SHELL32.dll
0x00007ffeca150000 - 0x00007ffeca8eb000 	C:\WINDOWS\SYSTEM32\windows.storage.dll
0x00007ffecc4b0000 - 0x00007ffecc4dd000 	C:\WINDOWS\SYSTEM32\Wldp.dll
0x0000000010d60000 - 0x00000000110b4000 	C:\WINDOWS\System32\combase.dll
0x00007ffecd810000 - 0x00007ffecd8bd000 	C:\WINDOWS\System32\SHCORE.dll
0x00007ffecebb0000 - 0x00007ffecec05000 	C:\WINDOWS\System32\shlwapi.dll
0x00007ffeccdc0000 - 0x00007ffeccde5000 	C:\WINDOWS\SYSTEM32\profapi.dll
0x0000000050000000 - 0x000000005000d000 	C:\Users\Student\AppData\Local\Packages\Microsoft.4297127D64EC6_8wekyb3d8bbwe\LocalCache\Local\runtime\jre-legacy\windows-x64\jre-legacy\bin\management.dll
0x00000000776e0000 - 0x00000000776fa000 	C:\Users\Student\AppData\Local\Packages\Microsoft.4297127D64EC6_8wekyb3d8bbwe\LocalCache\Local\runtime\jre-legacy\windows-x64\jre-legacy\bin\net.dll
0x00007ffecbef0000 - 0x00007ffecbf5a000 	C:\WINDOWS\system32\mswsock.dll
0x00007ffec94d0000 - 0x00007ffec94e7000 	C:\WINDOWS\system32\napinsp.dll
0x00007ffec5a10000 - 0x00007ffec5a2b000 	C:\WINDOWS\system32\pnrpnsp.dll
0x00007ffec6930000 - 0x00007ffec6945000 	C:\WINDOWS\system32\wshbth.dll
0x00007ffec7b20000 - 0x00007ffec7b3d000 	C:\WINDOWS\system32\NLAapi.dll
0x00007ffecbaa0000 - 0x00007ffecbadb000 	C:\WINDOWS\SYSTEM32\IPHLPAPI.DLL
0x00007ffecbae0000 - 0x00007ffecbbaa000 	C:\WINDOWS\SYSTEM32\DNSAPI.dll
0x00007ffecec10000 - 0x00007ffecec18000 	C:\WINDOWS\System32\NSI.dll
0x00007ffec98a0000 - 0x00007ffec98b2000 	C:\WINDOWS\System32\winrnr.dll
0x00007ffeb3460000 - 0x00007ffeb346a000 	C:\Windows\System32\rasadhlp.dll
0x00007ffeb3f00000 - 0x00007ffeb3f80000 	C:\WINDOWS\System32\fwpuclnt.dll
0x00007ffecd3c0000 - 0x00007ffecd3e7000 	C:\WINDOWS\System32\bcrypt.dll
0x00000000776c0000 - 0x00000000776d1000 	C:\Users\Student\AppData\Local\Packages\Microsoft.4297127D64EC6_8wekyb3d8bbwe\LocalCache\Local\runtime\jre-legacy\windows-x64\jre-legacy\bin\nio.dll
0x00007ffecc8e0000 - 0x00007ffecc8f8000 	C:\WINDOWS\SYSTEM32\CRYPTSP.dll
0x00007ffecb820000 - 0x00007ffecb854000 	C:\WINDOWS\system32\rsaenh.dll
0x00007ffeccd80000 - 0x00007ffeccdae000 	C:\WINDOWS\SYSTEM32\USERENV.dll
0x00007ffecd000000 - 0x00007ffecd082000 	C:\WINDOWS\System32\bcryptprimitives.dll
0x00007ffecc380000 - 0x00007ffecc38c000 	C:\WINDOWS\SYSTEM32\CRYPTBASE.dll
0x00007ffebd150000 - 0x00007ffebd167000 	C:\WINDOWS\SYSTEM32\dhcpcsvc6.DLL
0x00007ffebd130000 - 0x00007ffebd14d000 	C:\WINDOWS\SYSTEM32\dhcpcsvc.DLL
0x00000000776a0000 - 0x00000000776b7000 	C:\Users\Student\AppData\Local\Packages\Microsoft.4297127D64EC6_8wekyb3d8bbwe\LocalCache\Local\runtime\jre-legacy\windows-x64\jre-legacy\bin\unpack.dll
0x0000000180000000 - 0x0000000180053000 	C:\Users\Student\AppData\Roaming\.minecraft\bin\b58471306101d735d9b7ffae7edb28ab97bc5635\lwjgl64.dll
0x00007ffec0bc0000 - 0x00007ffec0ce5000 	C:\WINDOWS\SYSTEM32\OPENGL32.dll
0x00007ffec0ac0000 - 0x00007ffec0aec000 	C:\WINDOWS\SYSTEM32\GLU32.dll
0x0000000077500000 - 0x0000000077698000 	C:\Users\Student\AppData\Local\Packages\Microsoft.4297127D64EC6_8wekyb3d8bbwe\LocalCache\Local\runtime\jre-legacy\windows-x64\jre-legacy\bin\awt.dll
0x00007ffecea40000 - 0x00007ffeceb0d000 	C:\WINDOWS\System32\OLEAUT32.dll
0x00007ffec9970000 - 0x00007ffec9a00000 	C:\WINDOWS\SYSTEM32\apphelp.dll
0x00007ffec69d0000 - 0x00007ffec6a7e000 	C:\WINDOWS\SYSTEM32\mscms.dll
0x00007ffec69b0000 - 0x00007ffec69c1000 	C:\WINDOWS\SYSTEM32\ColorAdapterClient.dll
0x00007ffec9f30000 - 0x00007ffec9f42000 	C:\WINDOWS\SYSTEM32\kernel.appcore.dll
0x00007ffecd8c0000 - 0x00007ffecd969000 	C:\WINDOWS\System32\clbcatq.dll
0x00007ffecd1e0000 - 0x00007ffecd22e000 	C:\WINDOWS\System32\cfgmgr32.dll
0x00007ffec9b20000 - 0x00007ffec9bbe000 	C:\WINDOWS\system32\uxtheme.dll
0x00007ffece5a0000 - 0x00007ffece6b4000 	C:\WINDOWS\System32\MSCTF.dll
0x00007ffec0760000 - 0x00007ffec0859000 	C:\WINDOWS\SYSTEM32\textinputframework.dll
0x00007ffec9110000 - 0x00007ffec946b000 	C:\WINDOWS\System32\CoreUIComponents.dll
0x00007ffec94f0000 - 0x00007ffec95e2000 	C:\WINDOWS\System32\CoreMessaging.dll
0x00007ffecc8a0000 - 0x00007ffecc8d3000 	C:\WINDOWS\SYSTEM32\ntmarta.dll
0x00007ffec7cb0000 - 0x00007ffec7e05000 	C:\WINDOWS\SYSTEM32\wintypes.dll
0x00007ffec5290000 - 0x00007ffec52bb000 	C:\WINDOWS\System32\DriverStore\FileRepository\c0368456.inf_amd64_f16f961b152ef3a8\B367348\atig6pxx.dll
0x00007ffe88c20000 - 0x00007ffe8ba0d000 	C:\WINDOWS\System32\DriverStore\FileRepository\c0368456.inf_amd64_f16f961b152ef3a8\B367348\atio6axx.dll
0x00007ffecec20000 - 0x00007ffecf08e000 	C:\WINDOWS\System32\SETUPAPI.dll
0x00007ffecdbb0000 - 0x00007ffecdcdb000 	C:\WINDOWS\System32\ole32.dll
0x00007ffeaa670000 - 0x00007ffeaa694000 	C:\WINDOWS\SYSTEM32\dxva2.dll
0x00007ffec9d20000 - 0x00007ffec9d4f000 	C:\WINDOWS\SYSTEM32\dwmapi.dll
0x00007ffebe040000 - 0x00007ffebe07c000 	C:\WINDOWS\System32\DriverStore\FileRepository\c0368456.inf_amd64_f16f961b152ef3a8\B367348\atig6txx.dll
0x00007ffeb5530000 - 0x00007ffeb56e3000 	C:\WINDOWS\SYSTEM32\atiadlxx.dll
0x00007ffec8aa0000 - 0x00007ffec8b96000 	C:\WINDOWS\SYSTEM32\PROPSYS.dll
0x00007ffeae2a0000 - 0x00007ffeae2e9000 	C:\WINDOWS\SYSTEM32\pdh.dll
0x00007ffeccbb0000 - 0x00007ffeccbe3000 	C:\WINDOWS\SYSTEM32\DEVOBJ.dll
0x00007ffec3a70000 - 0x00007ffec3aab000 	C:\WINDOWS\SYSTEM32\dxcore.dll
0x00007ffeb61d0000 - 0x00007ffeb6213000 	C:\WINDOWS\SYSTEM32\icm32.dll
0x00007ffeb3930000 - 0x00007ffeb3972000 	C:\Users\Student\AppData\Local\Temp\jna--214492645\jna2650532309188582929.dll
0x00000000774d0000 - 0x00000000774f4000 	C:\Users\Student\AppData\Local\Packages\Microsoft.4297127D64EC6_8wekyb3d8bbwe\LocalCache\Local\runtime\jre-legacy\windows-x64\jre-legacy\bin\sunec.dll
0x0000000077480000 - 0x00000000774c7000 	C:\Users\Student\AppData\Local\Packages\Microsoft.4297127D64EC6_8wekyb3d8bbwe\LocalCache\Local\runtime\jre-legacy\windows-x64\jre-legacy\bin\fontmanager.dll
0x00007ffec4650000 - 0x00007ffec481d000 	C:\WINDOWS\system32\d3d9.dll
0x00007ffec3840000 - 0x00007ffec3a1b000 	C:\WINDOWS\System32\DriverStore\FileRepository\c0368456.inf_amd64_f16f961b152ef3a8\B367348\aticfx64.dll
0x00007ffea1c10000 - 0x00007ffea1c43000 	C:\WINDOWS\System32\DriverStore\FileRepository\c0368456.inf_amd64_f16f961b152ef3a8\B367348\atiu9p64.dll
0x00007ffe6b720000 - 0x00007ffe6c47a000 	C:\WINDOWS\System32\DriverStore\FileRepository\c0368456.inf_amd64_f16f961b152ef3a8\B367348\atiumd64.dll
0x00007ffecc560000 - 0x00007ffecc744000 	C:\WINDOWS\SYSTEM32\dbghelp.dll
0x00007ffecc450000 - 0x00007ffecc484000 	C:\WINDOWS\SYSTEM32\dbgcore.DLL
0x00000000750b0000 - 0x0000000075f7b000 	C:\WINDOWS\System32\DriverStore\FileRepository\c0368456.inf_amd64_f16f961b152ef3a8\B367348\atiumd6a.dll
0x00007ffeccc40000 - 0x00007ffeccc8b000 	C:\WINDOWS\SYSTEM32\POWRPROF.dll
0x00007ffeccc10000 - 0x00007ffeccc22000 	C:\WINDOWS\SYSTEM32\UMPDC.dll
0x00007ffec17a0000 - 0x00007ffec17d0000 	C:\WINDOWS\SYSTEM32\amdihk64.dll
0x0000000077430000 - 0x0000000077472000 	C:\Users\Student\AppData\Local\Packages\Microsoft.4297127D64EC6_8wekyb3d8bbwe\LocalCache\Local\runtime\jre-legacy\windows-x64\jre-legacy\bin\t2k.dll
0x0000000017840000 - 0x00000000178a4000 	C:\Users\Student\AppData\Roaming\.minecraft\bin\b58471306101d735d9b7ffae7edb28ab97bc5635\OpenAL64.dll
0x00007ffebd670000 - 0x00007ffebd6f5000 	C:\WINDOWS\System32\MMDevApi.dll
0x00007ffe88990000 - 0x00007ffe88a2c000 	C:\WINDOWS\SYSTEM32\dsound.dll
0x00007ffeaf940000 - 0x00007ffeaf966000 	C:\WINDOWS\SYSTEM32\winmmbase.dll
0x00007ffebd700000 - 0x00007ffebd882000 	C:\WINDOWS\SYSTEM32\AUDIOSES.DLL
0x00007ffec9c20000 - 0x00007ffec9c34000 	C:\WINDOWS\SYSTEM32\resourcepolicyclient.dll
0x00007ffea6b80000 - 0x00007ffea6c35000 	C:\Program Files\Common Files\McAfee\SystemCore\mfehcinj.dll
0x00007ffe88510000 - 0x00007ffe8853e000 	C:\Program Files\McAfee\Endpoint Security\Adaptive Threat Protection\mfedeeprem64.dll
0x00007ffec5430000 - 0x00007ffec544a000 	C:\Users\Student\AppData\Roaming\.minecraft\bin\b58471306101d735d9b7ffae7edb28ab97bc5635\SAPIWrapper_x64.dll

VM Arguments:
jvm_args: -Dos.name=Windows 10 -Dos.version=10.0 -XX:HeapDumpPath=MojangTricksIntelDriversForPerformance_javaw.exe_minecraft.exe.heapdump -Djava.library.path=C:\Users\Student\AppData\Roaming\.minecraft\bin\b58471306101d735d9b7ffae7edb28ab97bc5635 -Dminecraft.launcher.brand=minecraft-launcher -Dminecraft.launcher.version=2.15.23 -Dminecraft.client.jar=C:\Users\Student\AppData\Roaming\.minecraft\versions\1.12.2-forge-14.23.5.2859\1.12.2-forge-14.23.5.2859.jar -Xmx6G -Xms6G -Xmn768m -XX:+DisableExplicitGC -XX:+UseConcMarkSweepGC -XX:+UseParNewGC -XX:+UseNUMA -XX:+CMSParallelRemarkEnabled -XX:MaxTenuringThreshold=15 -XX:MaxGCPauseMillis=30 -XX:GCPauseIntervalMillis=150 -XX:+UseAdaptiveGCBoundary -XX:-UseGCOverheadLimit -XX:+UseBiasedLocking -XX:SurvivorRatio=8 -XX:TargetSurvivorRatio=90 -XX:MaxTenuringThreshold=15 -Dfml.ignorePatchDiscrepancies=true -Dfml.ignoreInvalidMinecraftCertificates=true -XX:+UseFastAccessorMethods -XX:+UseCompressedOops -XX:+OptimizeStringConcat -XX:+AggressiveOpts -XX:ReservedCodeCacheSize=2048m -XX:+UseCodeCacheFlushing -XX:SoftRefLRUPolicyMSPerMB=10000 -XX:ParallelGCThreads=10 -XX:+AlwaysPreTouch -XX:+ParallelRefProcEnabled -XX:+PerfDisableSharedMem -XX:-UsePerfData 
java_command: net.minecraft.launchwrapper.Launch --username LogicalMaximus --version 1.12.2-forge-14.23.5.2859 --gameDir C:\Users\Student\curseforge\minecraft\Instances\Operation Con --assetsDir C:\Users\Student\AppData\Roaming\.minecraft\assets --assetIndex 1.12 --uuid f96c042cd1ef4ea1800ab30514375265 --accessToken eyJraWQiOiJhYzg0YSIsImFsZyI6IkhTMjU2In0.eyJ4dWlkIjoiMjUzNTQ1NDY1ODI0MzM3MyIsImFnZyI6IkFkdWx0Iiwic3ViIjoiZWY5NjE4YTQtNTJkYi00M2QzLTk5MDItNmJlNjE2MjU2OWM1IiwiYXV0aCI6IlhCT1giLCJucyI6ImRlZmF1bHQiLCJyb2xlcyI6W10sImlzcyI6ImF1dGhlbnRpY2F0aW9uIiwiZmxhZ3MiOlsidHdvZmFjdG9yYXV0aCIsIm1zYW1pZ3JhdGlvbl9zdGFnZTQiLCJvcmRlcnNfMjAyMiJdLCJwcm9maWxlcyI6eyJtYyI6ImY5NmMwNDJjLWQxZWYtNGVhMS04MDBhLWIzMDUxNDM3NTI2NSJ9LCJwbGF0Zm9ybSI6Ik9ORVNUT1JFIiwieXVpZCI6IjAwMmI0ZGEwMDk5NmI3OTE5MjhmMjU1MzIyM2JhZWE3IiwibmJmIjoxNzA0Mjk2MDk2LCJleHAiOjE3MDQzODI0OTYsImlhdCI6MTcwNDI5NjA5Nn0.99vgf3pdW4dIbjDLZeYfg-jfH1XIfYBIEJV6A_-u_TM --userType msa --tweakClass net.minecraftforge.fml.common.launcher.FMLTweaker --versionType Forge
java_class_path (initial): C:\Users\Student\AppData\Roaming\.minecraft\libraries\net\minecraftforge\forge\1.12.2-14.23.5.2859\forge-1.12.2-14.23.5.2859.jar;C:\Users\Student\AppData\Roaming\.minecraft\libraries\org\ow2\asm\asm-debug-all\5.2\asm-debug-all-5.2.jar;C:\Users\Student\AppData\Roaming\.minecraft\libraries\net\minecraft\launchwrapper\1.12\launchwrapper-1.12.jar;C:\Users\Student\AppData\Roaming\.minecraft\libraries\org\jline\jline\3.5.1\jline-3.5.1.jar;C:\Users\Student\AppData\Roaming\.minecraft\libraries\com\typesafe\akka\akka-actor_2.11\2.3.3\akka-actor_2.11-2.3.3.jar;C:\Users\Student\AppData\Roaming\.minecraft\libraries\com\typesafe\config\1.2.1\config-1.2.1.jar;C:\Users\Student\AppData\Roaming\.minecraft\libraries\org\scala-lang\scala-actors-migration_2.11\1.1.0\scala-actors-migration_2.11-1.1.0.jar;C:\Users\Student\AppData\Roaming\.minecraft\libraries\org\scala-lang\scala-compiler\2.11.1\scala-compiler-2.11.1.jar;C:\Users\Student\AppData\Roaming\.minecraft\libraries\org\scala-lang\plugins\scala-continuations-library_2.11\1.0.2_mc\scala-continuations-library_2.11-1.0.2_mc.jar;C:\Users\Student\AppData\Roaming\.minecraft\libraries\org\scala-lang\plugins\scala-continuations-plugin_2.11.1\1.0.2_mc\scala-continuations-plugin_2.11.1-1.0.2_mc.jar;C:\Users\Student\AppData\Roaming\.minecraft\libraries\org\scala-lang\scala-library\2.11.1\scala-library-2.11.1.jar;C:\Users\Student\AppData\Roaming\.minecraft\libraries\org\scala-lang\scala-parser-combinators_2.11\1.0.1\scala-parser-combinators_2.11-1.0.1.jar;C:\Users\Student\AppData\Roaming\.minecraft\libraries\org\scala-lang\scala-reflect\2.11.1\scala-reflect-2.11.1.jar;C:\Users\Student\AppData\Roaming\.minecraft\libraries\org\scala-lang\scala-swing_2.11\1.0.1\scala-swing_2.11-1.0.1.jar;C:\Users\Student\AppData\Roaming\.minecraft\libraries\org\scala-lang\scala-xml_2.11\1.0.2\scala-xml_2.11-1.0.2.jar;C:\Users\Student\AppData\Roaming\.minecraft\libraries\lzma\lzma\0.0.1\lzma-0.0.1.jar;C:\Users\Student\AppData\Roaming\
Launcher Type: SUN_STANDARD

Environment Variables:
PATH=C:\Program Files (x86)\Common Files\Oracle\Java\javapath;C:\WINDOWS\system32;C:\WINDOWS;C:\WINDOWS\System32\Wbem;C:\WINDOWS\System32\WindowsPowerShell\v1.0\;C:\WINDOWS\System32\OpenSSH\;C:\Program Files\dotnet\;C:\Program Files (x86)\HP\Common\HPDestPlgIn\;C:\Program Files\WindowsPowerShell\Scripts\HP.ClientScriptLibrary;C:\Program Files\Process Lasso\;C:\Users\Student\AppData\Local\Microsoft\WindowsApps;C:\Program Files\JetBrains\IntelliJ IDEA Community Edition 2023.3.1\bin
USERNAME=Student
OS=Windows_NT
PROCESSOR_IDENTIFIER=AMD64 Family 21 Model 112 Stepping 0, AuthenticAMD



---------------  S Y S T E M  ---------------

OS: Windows 10.0 , 64 bit Build 19041 (10.0.19041.3636)

CPU:total 2 (2 cores per cpu, 1 threads per core) family 21 model 112 stepping 0, cmov, cx8, fxsr, mmx, sse, sse2, sse3, ssse3, sse4.1, sse4.2, popcnt, avx, avx2, aes, clmul, mmxext, 3dnowpref, lzcnt, sse4a, tsc, tscinvbit, tscinv, bmi1

Memory: 4k page, physical 7829176k(677720k free), swap 16021176k(2884k free)

vm_info: Java HotSpot(TM) 64-Bit Server VM (25.51-b03) for windows-amd64 JRE (1.8.0_51-b16), built on Jun  8 2015 18:03:07 by "java_re" with MS VC++ 10.0 (VS2010)

time: Wed Jan 03 11:42:29 2024
elapsed time: 3103 seconds (0d 0h 51m 43s)

